<?xml version="1.0" encoding="UTF-8"?>
<!DOCTYPE coverage SYSTEM "http://cobertura.sourceforge.net/xml/coverage-04.dtd">
<coverage line-rate="1" branch-rate="0" lines-covered="896" lines-valid="896" branches-covered="0" branches-valid="0" complexity="216" version="0.4" timestamp="1764363162">
  <sources>
    <source>/app/src</source>
  </sources>
  <packages>
    <package name="Http/Controllers/Controller.php" line-rate="1" branch-rate="0" complexity="1">
      <classes>
        <class name="Playground\Directory\Resource\Http\Controllers\Controller" filename="Http/Controllers/Controller.php" line-rate="1" branch-rate="0" complexity="1">
          <methods>
            <method name="packageInfo" signature="" line-rate="1" branch-rate="0" complexity="1">
              <lines>
                <line number="39" hits="99"/>
              </lines>
            </method>
          </methods>
          <lines>
            <line number="39" hits="99"/>
          </lines>
        </class>
      </classes>
    </package>
    <package name="Http/Controllers/IndexController.php" line-rate="1" branch-rate="0" complexity="1">
      <classes>
        <class name="Playground\Directory\Resource\Http\Controllers\IndexController" filename="Http/Controllers/IndexController.php" line-rate="1" branch-rate="0" complexity="1">
          <methods>
            <method name="index" signature="" line-rate="1" branch-rate="0" complexity="1">
              <lines>
                <line number="35" hits="1"/>
                <line number="40" hits="1"/>
                <line number="42" hits="1"/>
                <line number="43" hits="1"/>
                <line number="44" hits="1"/>
              </lines>
            </method>
          </methods>
          <lines>
            <line number="35" hits="1"/>
            <line number="40" hits="1"/>
            <line number="42" hits="1"/>
            <line number="43" hits="1"/>
            <line number="44" hits="1"/>
          </lines>
        </class>
      </classes>
    </package>
    <package name="Http/Controllers/LocationController.php" line-rate="1" branch-rate="0" complexity="60">
      <classes>
        <class name="Playground\Directory\Resource\Http\Controllers\LocationController" filename="Http/Controllers/LocationController.php" line-rate="1" branch-rate="0" complexity="60">
          <methods>
            <method name="create" signature="Requests\Location\CreateRequest $request" line-rate="1" branch-rate="0" complexity="4">
              <lines>
                <line number="54" hits="3"/>
                <line number="56" hits="3"/>
                <line number="58" hits="3"/>
                <line number="60" hits="3"/>
                <line number="61" hits="1"/>
                <line number="62" hits="1"/>
                <line number="63" hits="1"/>
                <line number="66" hits="2"/>
                <line number="68" hits="2"/>
                <line number="69" hits="2"/>
                <line number="70" hits="2"/>
                <line number="71" hits="2"/>
                <line number="72" hits="2"/>
                <line number="73" hits="2"/>
                <line number="75" hits="2"/>
                <line number="76" hits="2"/>
                <line number="77" hits="2"/>
                <line number="78" hits="2"/>
                <line number="79" hits="2"/>
                <line number="81" hits="2"/>
                <line number="83" hits="2"/>
                <line number="84" hits="1"/>
                <line number="85" hits="1"/>
                <line number="88" hits="2"/>
                <line number="89" hits="2"/>
                <line number="95" hits="2"/>
                <line number="97" hits="2"/>
              </lines>
            </method>
            <method name="edit" signature="Location $location, Requests\Location\EditRequest $request" line-rate="1" branch-rate="0" complexity="4">
              <lines>
                <line number="110" hits="3"/>
                <line number="112" hits="3"/>
                <line number="114" hits="3"/>
                <line number="115" hits="1"/>
                <line number="116" hits="1"/>
                <line number="117" hits="1"/>
                <line number="120" hits="2"/>
                <line number="122" hits="2"/>
                <line number="124" hits="2"/>
                <line number="125" hits="1"/>
                <line number="128" hits="2"/>
                <line number="129" hits="2"/>
                <line number="130" hits="2"/>
                <line number="131" hits="2"/>
                <line number="132" hits="2"/>
                <line number="133" hits="2"/>
                <line number="135" hits="2"/>
                <line number="136" hits="2"/>
                <line number="137" hits="2"/>
                <line number="138" hits="2"/>
                <line number="139" hits="2"/>
                <line number="141" hits="2"/>
                <line number="142" hits="1"/>
                <line number="145" hits="2"/>
                <line number="150" hits="2"/>
                <line number="152" hits="2"/>
              </lines>
            </method>
            <method name="destroy" signature="Location $location, Requests\Location\DestroyRequest $request" line-rate="1" branch-rate="0" complexity="6">
              <lines>
                <line number="165" hits="7"/>
                <line number="167" hits="7"/>
                <line number="169" hits="7"/>
                <line number="171" hits="7"/>
                <line number="172" hits="7"/>
                <line number="175" hits="7"/>
                <line number="176" hits="5"/>
                <line number="178" hits="2"/>
                <line number="181" hits="7"/>
                <line number="182" hits="4"/>
                <line number="185" hits="3"/>
                <line number="187" hits="3"/>
                <line number="188" hits="1"/>
                <line number="191" hits="2"/>
              </lines>
            </method>
            <method name="lock" signature="Location $location, Requests\Location\LockRequest $request" line-rate="1" branch-rate="0" complexity="5">
              <lines>
                <line number="204" hits="4"/>
                <line number="206" hits="4"/>
                <line number="208" hits="4"/>
                <line number="210" hits="4"/>
                <line number="211" hits="4"/>
                <line number="214" hits="4"/>
                <line number="216" hits="4"/>
                <line number="218" hits="4"/>
                <line number="219" hits="2"/>
                <line number="220" hits="2"/>
                <line number="221" hits="2"/>
                <line number="224" hits="2"/>
                <line number="226" hits="2"/>
                <line number="227" hits="1"/>
                <line number="230" hits="1"/>
                <line number="231" hits="1"/>
                <line number="232" hits="1"/>
                <line number="233" hits="1"/>
              </lines>
            </method>
            <method name="index" signature="Requests\Location\IndexRequest $request" line-rate="1" branch-rate="0" complexity="6">
              <lines>
                <line number="245" hits="4"/>
                <line number="256" hits="4"/>
                <line number="258" hits="4"/>
                <line number="260" hits="4"/>
                <line number="262" hits="4"/>
                <line number="264" hits="2"/>
                <line number="266" hits="2"/>
                <line number="267" hits="2"/>
                <line number="268" hits="2"/>
                <line number="269" hits="2"/>
                <line number="271" hits="2"/>
                <line number="272" hits="2"/>
                <line number="273" hits="2"/>
                <line number="274" hits="2"/>
                <line number="276" hits="2"/>
                <line number="277" hits="2"/>
                <line number="278" hits="2"/>
                <line number="279" hits="2"/>
                <line number="281" hits="2"/>
                <line number="282" hits="2"/>
                <line number="283" hits="2"/>
                <line number="284" hits="2"/>
                <line number="287" hits="4"/>
                <line number="288" hits="4"/>
                <line number="290" hits="4"/>
                <line number="292" hits="4"/>
                <line number="293" hits="2"/>
                <line number="296" hits="2"/>
                <line number="298" hits="2"/>
                <line number="299" hits="2"/>
                <line number="300" hits="2"/>
                <line number="301" hits="2"/>
                <line number="302" hits="2"/>
                <line number="303" hits="2"/>
                <line number="304" hits="2"/>
                <line number="305" hits="2"/>
                <line number="306" hits="2"/>
                <line number="307" hits="2"/>
                <line number="308" hits="2"/>
                <line number="309" hits="2"/>
                <line number="311" hits="2"/>
                <line number="312" hits="2"/>
                <line number="313" hits="2"/>
                <line number="314" hits="2"/>
                <line number="319" hits="2"/>
                <line number="321" hits="2"/>
              </lines>
            </method>
            <method name="restore" signature="Location $location, Requests\Location\RestoreRequest $request" line-rate="1" branch-rate="0" complexity="4">
              <lines>
                <line number="334" hits="4"/>
                <line number="336" hits="4"/>
                <line number="338" hits="4"/>
                <line number="340" hits="4"/>
                <line number="342" hits="4"/>
                <line number="344" hits="4"/>
                <line number="345" hits="2"/>
                <line number="346" hits="2"/>
                <line number="347" hits="2"/>
                <line number="350" hits="2"/>
                <line number="352" hits="2"/>
                <line number="353" hits="1"/>
                <line number="356" hits="1"/>
                <line number="357" hits="1"/>
                <line number="358" hits="1"/>
                <line number="359" hits="1"/>
              </lines>
            </method>
            <method name="restoreRevision" signature="LocationRevision $location_revision, Requests\Location\RestoreRevisionRequest $request" line-rate="1" branch-rate="0" complexity="5">
              <lines>
                <line number="372" hits="4"/>
                <line number="374" hits="4"/>
                <line number="379" hits="4"/>
                <line number="380" hits="4"/>
                <line number="381" hits="4"/>
                <line number="382" hits="4"/>
                <line number="384" hits="4"/>
                <line number="386" hits="4"/>
                <line number="388" hits="4"/>
                <line number="389" hits="4"/>
                <line number="390" hits="4"/>
                <line number="391" hits="4"/>
                <line number="392" hits="4"/>
                <line number="395" hits="4"/>
                <line number="397" hits="4"/>
                <line number="398" hits="2"/>
                <line number="399" hits="2"/>
                <line number="400" hits="2"/>
                <line number="403" hits="2"/>
                <line number="405" hits="2"/>
                <line number="406" hits="1"/>
                <line number="409" hits="1"/>
                <line number="410" hits="1"/>
                <line number="411" hits="1"/>
                <line number="412" hits="1"/>
              </lines>
            </method>
            <method name="revision" signature="LocationRevision $location_revision, Requests\Location\ShowRevisionRequest $request" line-rate="1" branch-rate="0" complexity="2">
              <lines>
                <line number="425" hits="2"/>
                <line number="427" hits="2"/>
                <line number="428" hits="1"/>
                <line number="429" hits="1"/>
                <line number="430" hits="1"/>
                <line number="433" hits="1"/>
                <line number="435" hits="1"/>
                <line number="436" hits="1"/>
                <line number="437" hits="1"/>
                <line number="438" hits="1"/>
                <line number="439" hits="1"/>
                <line number="440" hits="1"/>
                <line number="442" hits="1"/>
                <line number="443" hits="1"/>
                <line number="444" hits="1"/>
                <line number="445" hits="1"/>
                <line number="450" hits="1"/>
                <line number="452" hits="1"/>
              </lines>
            </method>
            <method name="revisions" signature="Location $location, Requests\Location\RevisionsRequest $request" line-rate="1" branch-rate="0" complexity="6">
              <lines>
                <line number="465" hits="4"/>
                <line number="467" hits="4"/>
                <line number="478" hits="4"/>
                <line number="480" hits="4"/>
                <line number="482" hits="4"/>
                <line number="484" hits="4"/>
                <line number="485" hits="2"/>
                <line number="487" hits="2"/>
                <line number="488" hits="2"/>
                <line number="489" hits="2"/>
                <line number="490" hits="2"/>
                <line number="492" hits="2"/>
                <line number="493" hits="2"/>
                <line number="494" hits="2"/>
                <line number="495" hits="2"/>
                <line number="497" hits="2"/>
                <line number="498" hits="2"/>
                <line number="499" hits="2"/>
                <line number="500" hits="2"/>
                <line number="502" hits="2"/>
                <line number="503" hits="2"/>
                <line number="504" hits="2"/>
                <line number="505" hits="2"/>
                <line number="508" hits="4"/>
                <line number="509" hits="4"/>
                <line number="511" hits="4"/>
                <line number="513" hits="4"/>
                <line number="514" hits="2"/>
                <line number="515" hits="2"/>
                <line number="516" hits="2"/>
                <line number="519" hits="2"/>
                <line number="520" hits="2"/>
                <line number="521" hits="2"/>
                <line number="522" hits="2"/>
                <line number="523" hits="2"/>
                <line number="524" hits="2"/>
                <line number="525" hits="2"/>
                <line number="526" hits="2"/>
                <line number="527" hits="2"/>
                <line number="528" hits="2"/>
                <line number="529" hits="2"/>
                <line number="530" hits="2"/>
                <line number="532" hits="2"/>
                <line number="533" hits="2"/>
                <line number="534" hits="2"/>
                <line number="535" hits="2"/>
                <line number="540" hits="2"/>
                <line number="542" hits="2"/>
              </lines>
            </method>
            <method name="saveRevision" signature="Location $location" line-rate="1" branch-rate="0" complexity="4">
              <lines>
                <line number="553" hits="9"/>
                <line number="555" hits="9"/>
                <line number="557" hits="9"/>
                <line number="558" hits="9"/>
                <line number="559" hits="9"/>
                <line number="560" hits="9"/>
                <line number="562" hits="9"/>
                <line number="563" hits="9"/>
                <line number="564" hits="9"/>
                <line number="566" hits="9"/>
                <line number="567" hits="9"/>
                <line number="569" hits="9"/>
                <line number="571" hits="9"/>
              </lines>
            </method>
            <method name="show" signature="Location $location, Requests\Location\ShowRequest $request" line-rate="1" branch-rate="0" complexity="2">
              <lines>
                <line number="584" hits="2"/>
                <line number="586" hits="2"/>
                <line number="587" hits="1"/>
                <line number="588" hits="1"/>
                <line number="589" hits="1"/>
                <line number="592" hits="1"/>
                <line number="594" hits="1"/>
                <line number="595" hits="1"/>
                <line number="596" hits="1"/>
                <line number="597" hits="1"/>
                <line number="598" hits="1"/>
                <line number="599" hits="1"/>
                <line number="601" hits="1"/>
                <line number="602" hits="1"/>
                <line number="603" hits="1"/>
                <line number="604" hits="1"/>
                <line number="609" hits="1"/>
                <line number="611" hits="1"/>
              </lines>
            </method>
            <method name="store" signature="Requests\Location\StoreRequest $request" line-rate="1" branch-rate="0" complexity="4">
              <lines>
                <line number="623" hits="3"/>
                <line number="625" hits="3"/>
                <line number="627" hits="3"/>
                <line number="629" hits="3"/>
                <line number="631" hits="3"/>
                <line number="633" hits="3"/>
                <line number="635" hits="3"/>
                <line number="636" hits="1"/>
                <line number="637" hits="1"/>
                <line number="638" hits="1"/>
                <line number="641" hits="2"/>
                <line number="643" hits="2"/>
                <line number="644" hits="1"/>
                <line number="647" hits="1"/>
                <line number="648" hits="1"/>
                <line number="649" hits="1"/>
                <line number="650" hits="1"/>
              </lines>
            </method>
            <method name="unlock" signature="Location $location, Requests\Location\UnlockRequest $request" line-rate="1" branch-rate="0" complexity="4">
              <lines>
                <line number="663" hits="4"/>
                <line number="665" hits="4"/>
                <line number="667" hits="4"/>
                <line number="669" hits="4"/>
                <line number="671" hits="4"/>
                <line number="673" hits="4"/>
                <line number="675" hits="4"/>
                <line number="676" hits="2"/>
                <line number="677" hits="2"/>
                <line number="678" hits="2"/>
                <line number="681" hits="2"/>
                <line number="683" hits="2"/>
                <line number="684" hits="1"/>
                <line number="687" hits="1"/>
                <line number="688" hits="1"/>
                <line number="689" hits="1"/>
                <line number="690" hits="1"/>
              </lines>
            </method>
            <method name="update" signature="Location $location, Requests\Location\UpdateRequest $request" line-rate="1" branch-rate="0" complexity="4">
              <lines>
                <line number="703" hits="5"/>
                <line number="705" hits="5"/>
                <line number="707" hits="5"/>
                <line number="709" hits="5"/>
                <line number="711" hits="5"/>
                <line number="713" hits="5"/>
                <line number="715" hits="5"/>
                <line number="716" hits="2"/>
                <line number="717" hits="2"/>
                <line number="718" hits="2"/>
                <line number="721" hits="3"/>
                <line number="723" hits="3"/>
                <line number="724" hits="1"/>
                <line number="727" hits="2"/>
                <line number="728" hits="2"/>
                <line number="729" hits="2"/>
                <line number="730" hits="2"/>
              </lines>
            </method>
          </methods>
          <lines>
            <line number="54" hits="3"/>
            <line number="56" hits="3"/>
            <line number="58" hits="3"/>
            <line number="60" hits="3"/>
            <line number="61" hits="1"/>
            <line number="62" hits="1"/>
            <line number="63" hits="1"/>
            <line number="66" hits="2"/>
            <line number="68" hits="2"/>
            <line number="69" hits="2"/>
            <line number="70" hits="2"/>
            <line number="71" hits="2"/>
            <line number="72" hits="2"/>
            <line number="73" hits="2"/>
            <line number="75" hits="2"/>
            <line number="76" hits="2"/>
            <line number="77" hits="2"/>
            <line number="78" hits="2"/>
            <line number="79" hits="2"/>
            <line number="81" hits="2"/>
            <line number="83" hits="2"/>
            <line number="84" hits="1"/>
            <line number="85" hits="1"/>
            <line number="88" hits="2"/>
            <line number="89" hits="2"/>
            <line number="95" hits="2"/>
            <line number="97" hits="2"/>
            <line number="110" hits="3"/>
            <line number="112" hits="3"/>
            <line number="114" hits="3"/>
            <line number="115" hits="1"/>
            <line number="116" hits="1"/>
            <line number="117" hits="1"/>
            <line number="120" hits="2"/>
            <line number="122" hits="2"/>
            <line number="124" hits="2"/>
            <line number="125" hits="1"/>
            <line number="128" hits="2"/>
            <line number="129" hits="2"/>
            <line number="130" hits="2"/>
            <line number="131" hits="2"/>
            <line number="132" hits="2"/>
            <line number="133" hits="2"/>
            <line number="135" hits="2"/>
            <line number="136" hits="2"/>
            <line number="137" hits="2"/>
            <line number="138" hits="2"/>
            <line number="139" hits="2"/>
            <line number="141" hits="2"/>
            <line number="142" hits="1"/>
            <line number="145" hits="2"/>
            <line number="150" hits="2"/>
            <line number="152" hits="2"/>
            <line number="165" hits="7"/>
            <line number="167" hits="7"/>
            <line number="169" hits="7"/>
            <line number="171" hits="7"/>
            <line number="172" hits="7"/>
            <line number="175" hits="7"/>
            <line number="176" hits="5"/>
            <line number="178" hits="2"/>
            <line number="181" hits="7"/>
            <line number="182" hits="4"/>
            <line number="185" hits="3"/>
            <line number="187" hits="3"/>
            <line number="188" hits="1"/>
            <line number="191" hits="2"/>
            <line number="204" hits="4"/>
            <line number="206" hits="4"/>
            <line number="208" hits="4"/>
            <line number="210" hits="4"/>
            <line number="211" hits="4"/>
            <line number="214" hits="4"/>
            <line number="216" hits="4"/>
            <line number="218" hits="4"/>
            <line number="219" hits="2"/>
            <line number="220" hits="2"/>
            <line number="221" hits="2"/>
            <line number="224" hits="2"/>
            <line number="226" hits="2"/>
            <line number="227" hits="1"/>
            <line number="230" hits="1"/>
            <line number="231" hits="1"/>
            <line number="232" hits="1"/>
            <line number="233" hits="1"/>
            <line number="245" hits="4"/>
            <line number="256" hits="4"/>
            <line number="258" hits="4"/>
            <line number="260" hits="4"/>
            <line number="262" hits="4"/>
            <line number="264" hits="2"/>
            <line number="266" hits="2"/>
            <line number="267" hits="2"/>
            <line number="268" hits="2"/>
            <line number="269" hits="2"/>
            <line number="271" hits="2"/>
            <line number="272" hits="2"/>
            <line number="273" hits="2"/>
            <line number="274" hits="2"/>
            <line number="276" hits="2"/>
            <line number="277" hits="2"/>
            <line number="278" hits="2"/>
            <line number="279" hits="2"/>
            <line number="281" hits="2"/>
            <line number="282" hits="2"/>
            <line number="283" hits="2"/>
            <line number="284" hits="2"/>
            <line number="287" hits="4"/>
            <line number="288" hits="4"/>
            <line number="290" hits="4"/>
            <line number="292" hits="4"/>
            <line number="293" hits="2"/>
            <line number="296" hits="2"/>
            <line number="298" hits="2"/>
            <line number="299" hits="2"/>
            <line number="300" hits="2"/>
            <line number="301" hits="2"/>
            <line number="302" hits="2"/>
            <line number="303" hits="2"/>
            <line number="304" hits="2"/>
            <line number="305" hits="2"/>
            <line number="306" hits="2"/>
            <line number="307" hits="2"/>
            <line number="308" hits="2"/>
            <line number="309" hits="2"/>
            <line number="311" hits="2"/>
            <line number="312" hits="2"/>
            <line number="313" hits="2"/>
            <line number="314" hits="2"/>
            <line number="319" hits="2"/>
            <line number="321" hits="2"/>
            <line number="334" hits="4"/>
            <line number="336" hits="4"/>
            <line number="338" hits="4"/>
            <line number="340" hits="4"/>
            <line number="342" hits="4"/>
            <line number="344" hits="4"/>
            <line number="345" hits="2"/>
            <line number="346" hits="2"/>
            <line number="347" hits="2"/>
            <line number="350" hits="2"/>
            <line number="352" hits="2"/>
            <line number="353" hits="1"/>
            <line number="356" hits="1"/>
            <line number="357" hits="1"/>
            <line number="358" hits="1"/>
            <line number="359" hits="1"/>
            <line number="372" hits="4"/>
            <line number="374" hits="4"/>
            <line number="379" hits="4"/>
            <line number="380" hits="4"/>
            <line number="381" hits="4"/>
            <line number="382" hits="4"/>
            <line number="384" hits="4"/>
            <line number="386" hits="4"/>
            <line number="388" hits="4"/>
            <line number="389" hits="4"/>
            <line number="390" hits="4"/>
            <line number="391" hits="4"/>
            <line number="392" hits="4"/>
            <line number="395" hits="4"/>
            <line number="397" hits="4"/>
            <line number="398" hits="2"/>
            <line number="399" hits="2"/>
            <line number="400" hits="2"/>
            <line number="403" hits="2"/>
            <line number="405" hits="2"/>
            <line number="406" hits="1"/>
            <line number="409" hits="1"/>
            <line number="410" hits="1"/>
            <line number="411" hits="1"/>
            <line number="412" hits="1"/>
            <line number="425" hits="2"/>
            <line number="427" hits="2"/>
            <line number="428" hits="1"/>
            <line number="429" hits="1"/>
            <line number="430" hits="1"/>
            <line number="433" hits="1"/>
            <line number="435" hits="1"/>
            <line number="436" hits="1"/>
            <line number="437" hits="1"/>
            <line number="438" hits="1"/>
            <line number="439" hits="1"/>
            <line number="440" hits="1"/>
            <line number="442" hits="1"/>
            <line number="443" hits="1"/>
            <line number="444" hits="1"/>
            <line number="445" hits="1"/>
            <line number="450" hits="1"/>
            <line number="452" hits="1"/>
            <line number="465" hits="4"/>
            <line number="467" hits="4"/>
            <line number="478" hits="4"/>
            <line number="480" hits="4"/>
            <line number="482" hits="4"/>
            <line number="484" hits="4"/>
            <line number="485" hits="2"/>
            <line number="487" hits="2"/>
            <line number="488" hits="2"/>
            <line number="489" hits="2"/>
            <line number="490" hits="2"/>
            <line number="492" hits="2"/>
            <line number="493" hits="2"/>
            <line number="494" hits="2"/>
            <line number="495" hits="2"/>
            <line number="497" hits="2"/>
            <line number="498" hits="2"/>
            <line number="499" hits="2"/>
            <line number="500" hits="2"/>
            <line number="502" hits="2"/>
            <line number="503" hits="2"/>
            <line number="504" hits="2"/>
            <line number="505" hits="2"/>
            <line number="508" hits="4"/>
            <line number="509" hits="4"/>
            <line number="511" hits="4"/>
            <line number="513" hits="4"/>
            <line number="514" hits="2"/>
            <line number="515" hits="2"/>
            <line number="516" hits="2"/>
            <line number="519" hits="2"/>
            <line number="520" hits="2"/>
            <line number="521" hits="2"/>
            <line number="522" hits="2"/>
            <line number="523" hits="2"/>
            <line number="524" hits="2"/>
            <line number="525" hits="2"/>
            <line number="526" hits="2"/>
            <line number="527" hits="2"/>
            <line number="528" hits="2"/>
            <line number="529" hits="2"/>
            <line number="530" hits="2"/>
            <line number="532" hits="2"/>
            <line number="533" hits="2"/>
            <line number="534" hits="2"/>
            <line number="535" hits="2"/>
            <line number="540" hits="2"/>
            <line number="542" hits="2"/>
            <line number="553" hits="9"/>
            <line number="555" hits="9"/>
            <line number="557" hits="9"/>
            <line number="558" hits="9"/>
            <line number="559" hits="9"/>
            <line number="560" hits="9"/>
            <line number="562" hits="9"/>
            <line number="563" hits="9"/>
            <line number="564" hits="9"/>
            <line number="566" hits="9"/>
            <line number="567" hits="9"/>
            <line number="569" hits="9"/>
            <line number="571" hits="9"/>
            <line number="584" hits="2"/>
            <line number="586" hits="2"/>
            <line number="587" hits="1"/>
            <line number="588" hits="1"/>
            <line number="589" hits="1"/>
            <line number="592" hits="1"/>
            <line number="594" hits="1"/>
            <line number="595" hits="1"/>
            <line number="596" hits="1"/>
            <line number="597" hits="1"/>
            <line number="598" hits="1"/>
            <line number="599" hits="1"/>
            <line number="601" hits="1"/>
            <line number="602" hits="1"/>
            <line number="603" hits="1"/>
            <line number="604" hits="1"/>
            <line number="609" hits="1"/>
            <line number="611" hits="1"/>
            <line number="623" hits="3"/>
            <line number="625" hits="3"/>
            <line number="627" hits="3"/>
            <line number="629" hits="3"/>
            <line number="631" hits="3"/>
            <line number="633" hits="3"/>
            <line number="635" hits="3"/>
            <line number="636" hits="1"/>
            <line number="637" hits="1"/>
            <line number="638" hits="1"/>
            <line number="641" hits="2"/>
            <line number="643" hits="2"/>
            <line number="644" hits="1"/>
            <line number="647" hits="1"/>
            <line number="648" hits="1"/>
            <line number="649" hits="1"/>
            <line number="650" hits="1"/>
            <line number="663" hits="4"/>
            <line number="665" hits="4"/>
            <line number="667" hits="4"/>
            <line number="669" hits="4"/>
            <line number="671" hits="4"/>
            <line number="673" hits="4"/>
            <line number="675" hits="4"/>
            <line number="676" hits="2"/>
            <line number="677" hits="2"/>
            <line number="678" hits="2"/>
            <line number="681" hits="2"/>
            <line number="683" hits="2"/>
            <line number="684" hits="1"/>
            <line number="687" hits="1"/>
            <line number="688" hits="1"/>
            <line number="689" hits="1"/>
            <line number="690" hits="1"/>
            <line number="703" hits="5"/>
            <line number="705" hits="5"/>
            <line number="707" hits="5"/>
            <line number="709" hits="5"/>
            <line number="711" hits="5"/>
            <line number="713" hits="5"/>
            <line number="715" hits="5"/>
            <line number="716" hits="2"/>
            <line number="717" hits="2"/>
            <line number="718" hits="2"/>
            <line number="721" hits="3"/>
            <line number="723" hits="3"/>
            <line number="724" hits="1"/>
            <line number="727" hits="2"/>
            <line number="728" hits="2"/>
            <line number="729" hits="2"/>
            <line number="730" hits="2"/>
          </lines>
        </class>
      </classes>
    </package>
    <package name="Http/Controllers/SublocationController.php" line-rate="1" branch-rate="0" complexity="60">
      <classes>
        <class name="Playground\Directory\Resource\Http\Controllers\SublocationController" filename="Http/Controllers/SublocationController.php" line-rate="1" branch-rate="0" complexity="60">
          <methods>
            <method name="create" signature="Requests\Sublocation\CreateRequest $request" line-rate="1" branch-rate="0" complexity="4">
              <lines>
                <line number="54" hits="3"/>
                <line number="56" hits="3"/>
                <line number="58" hits="3"/>
                <line number="60" hits="3"/>
                <line number="61" hits="1"/>
                <line number="62" hits="1"/>
                <line number="63" hits="1"/>
                <line number="66" hits="2"/>
                <line number="68" hits="2"/>
                <line number="69" hits="2"/>
                <line number="70" hits="2"/>
                <line number="71" hits="2"/>
                <line number="72" hits="2"/>
                <line number="73" hits="2"/>
                <line number="75" hits="2"/>
                <line number="76" hits="2"/>
                <line number="77" hits="2"/>
                <line number="78" hits="2"/>
                <line number="79" hits="2"/>
                <line number="81" hits="2"/>
                <line number="83" hits="2"/>
                <line number="84" hits="1"/>
                <line number="85" hits="1"/>
                <line number="88" hits="2"/>
                <line number="89" hits="2"/>
                <line number="95" hits="2"/>
                <line number="97" hits="2"/>
              </lines>
            </method>
            <method name="edit" signature="Sublocation $sublocation, Requests\Sublocation\EditRequest $request" line-rate="1" branch-rate="0" complexity="4">
              <lines>
                <line number="110" hits="3"/>
                <line number="112" hits="3"/>
                <line number="114" hits="3"/>
                <line number="115" hits="1"/>
                <line number="116" hits="1"/>
                <line number="117" hits="1"/>
                <line number="120" hits="2"/>
                <line number="122" hits="2"/>
                <line number="124" hits="2"/>
                <line number="125" hits="1"/>
                <line number="128" hits="2"/>
                <line number="129" hits="2"/>
                <line number="130" hits="2"/>
                <line number="131" hits="2"/>
                <line number="132" hits="2"/>
                <line number="133" hits="2"/>
                <line number="135" hits="2"/>
                <line number="136" hits="2"/>
                <line number="137" hits="2"/>
                <line number="138" hits="2"/>
                <line number="139" hits="2"/>
                <line number="141" hits="2"/>
                <line number="142" hits="1"/>
                <line number="145" hits="2"/>
                <line number="150" hits="2"/>
                <line number="152" hits="2"/>
              </lines>
            </method>
            <method name="destroy" signature="Sublocation $sublocation, Requests\Sublocation\DestroyRequest $request" line-rate="1" branch-rate="0" complexity="6">
              <lines>
                <line number="165" hits="7"/>
                <line number="167" hits="7"/>
                <line number="169" hits="7"/>
                <line number="171" hits="7"/>
                <line number="172" hits="7"/>
                <line number="175" hits="7"/>
                <line number="176" hits="5"/>
                <line number="178" hits="2"/>
                <line number="181" hits="7"/>
                <line number="182" hits="4"/>
                <line number="185" hits="3"/>
                <line number="187" hits="3"/>
                <line number="188" hits="1"/>
                <line number="191" hits="2"/>
              </lines>
            </method>
            <method name="lock" signature="Sublocation $sublocation, Requests\Sublocation\LockRequest $request" line-rate="1" branch-rate="0" complexity="5">
              <lines>
                <line number="204" hits="4"/>
                <line number="206" hits="4"/>
                <line number="208" hits="4"/>
                <line number="210" hits="4"/>
                <line number="211" hits="4"/>
                <line number="214" hits="4"/>
                <line number="216" hits="4"/>
                <line number="218" hits="4"/>
                <line number="219" hits="2"/>
                <line number="220" hits="2"/>
                <line number="221" hits="2"/>
                <line number="224" hits="2"/>
                <line number="226" hits="2"/>
                <line number="227" hits="1"/>
                <line number="230" hits="1"/>
                <line number="231" hits="1"/>
                <line number="232" hits="1"/>
                <line number="233" hits="1"/>
              </lines>
            </method>
            <method name="index" signature="Requests\Sublocation\IndexRequest $request" line-rate="1" branch-rate="0" complexity="6">
              <lines>
                <line number="245" hits="4"/>
                <line number="256" hits="4"/>
                <line number="258" hits="4"/>
                <line number="260" hits="4"/>
                <line number="262" hits="4"/>
                <line number="264" hits="2"/>
                <line number="266" hits="2"/>
                <line number="267" hits="2"/>
                <line number="268" hits="2"/>
                <line number="269" hits="2"/>
                <line number="271" hits="2"/>
                <line number="272" hits="2"/>
                <line number="273" hits="2"/>
                <line number="274" hits="2"/>
                <line number="276" hits="2"/>
                <line number="277" hits="2"/>
                <line number="278" hits="2"/>
                <line number="279" hits="2"/>
                <line number="281" hits="2"/>
                <line number="282" hits="2"/>
                <line number="283" hits="2"/>
                <line number="284" hits="2"/>
                <line number="287" hits="4"/>
                <line number="288" hits="4"/>
                <line number="290" hits="4"/>
                <line number="292" hits="4"/>
                <line number="293" hits="2"/>
                <line number="296" hits="2"/>
                <line number="298" hits="2"/>
                <line number="299" hits="2"/>
                <line number="300" hits="2"/>
                <line number="301" hits="2"/>
                <line number="302" hits="2"/>
                <line number="303" hits="2"/>
                <line number="304" hits="2"/>
                <line number="305" hits="2"/>
                <line number="306" hits="2"/>
                <line number="307" hits="2"/>
                <line number="308" hits="2"/>
                <line number="309" hits="2"/>
                <line number="311" hits="2"/>
                <line number="312" hits="2"/>
                <line number="313" hits="2"/>
                <line number="314" hits="2"/>
                <line number="319" hits="2"/>
                <line number="321" hits="2"/>
              </lines>
            </method>
            <method name="restore" signature="Sublocation $sublocation, Requests\Sublocation\RestoreRequest $request" line-rate="1" branch-rate="0" complexity="4">
              <lines>
                <line number="334" hits="4"/>
                <line number="336" hits="4"/>
                <line number="338" hits="4"/>
                <line number="340" hits="4"/>
                <line number="342" hits="4"/>
                <line number="344" hits="4"/>
                <line number="345" hits="2"/>
                <line number="346" hits="2"/>
                <line number="347" hits="2"/>
                <line number="350" hits="2"/>
                <line number="352" hits="2"/>
                <line number="353" hits="1"/>
                <line number="356" hits="1"/>
                <line number="357" hits="1"/>
                <line number="358" hits="1"/>
                <line number="359" hits="1"/>
              </lines>
            </method>
            <method name="restoreRevision" signature="SublocationRevision $sublocation_revision, Requests\Sublocation\RestoreRevisionRequest $request" line-rate="1" branch-rate="0" complexity="5">
              <lines>
                <line number="372" hits="4"/>
                <line number="374" hits="4"/>
                <line number="379" hits="4"/>
                <line number="380" hits="4"/>
                <line number="381" hits="4"/>
                <line number="382" hits="4"/>
                <line number="384" hits="4"/>
                <line number="386" hits="4"/>
                <line number="388" hits="4"/>
                <line number="389" hits="4"/>
                <line number="390" hits="4"/>
                <line number="391" hits="4"/>
                <line number="392" hits="4"/>
                <line number="395" hits="4"/>
                <line number="397" hits="4"/>
                <line number="398" hits="2"/>
                <line number="399" hits="2"/>
                <line number="400" hits="2"/>
                <line number="403" hits="2"/>
                <line number="405" hits="2"/>
                <line number="406" hits="1"/>
                <line number="409" hits="1"/>
                <line number="410" hits="1"/>
                <line number="411" hits="1"/>
                <line number="412" hits="1"/>
              </lines>
            </method>
            <method name="revision" signature="SublocationRevision $sublocation_revision, Requests\Sublocation\ShowRevisionRequest $request" line-rate="1" branch-rate="0" complexity="2">
              <lines>
                <line number="425" hits="2"/>
                <line number="427" hits="2"/>
                <line number="428" hits="1"/>
                <line number="429" hits="1"/>
                <line number="430" hits="1"/>
                <line number="433" hits="1"/>
                <line number="435" hits="1"/>
                <line number="436" hits="1"/>
                <line number="437" hits="1"/>
                <line number="438" hits="1"/>
                <line number="439" hits="1"/>
                <line number="440" hits="1"/>
                <line number="442" hits="1"/>
                <line number="443" hits="1"/>
                <line number="444" hits="1"/>
                <line number="445" hits="1"/>
                <line number="450" hits="1"/>
                <line number="452" hits="1"/>
              </lines>
            </method>
            <method name="revisions" signature="Sublocation $sublocation, Requests\Sublocation\RevisionsRequest $request" line-rate="1" branch-rate="0" complexity="6">
              <lines>
                <line number="465" hits="4"/>
                <line number="467" hits="4"/>
                <line number="478" hits="4"/>
                <line number="480" hits="4"/>
                <line number="482" hits="4"/>
                <line number="484" hits="4"/>
                <line number="485" hits="2"/>
                <line number="487" hits="2"/>
                <line number="488" hits="2"/>
                <line number="489" hits="2"/>
                <line number="490" hits="2"/>
                <line number="492" hits="2"/>
                <line number="493" hits="2"/>
                <line number="494" hits="2"/>
                <line number="495" hits="2"/>
                <line number="497" hits="2"/>
                <line number="498" hits="2"/>
                <line number="499" hits="2"/>
                <line number="500" hits="2"/>
                <line number="502" hits="2"/>
                <line number="503" hits="2"/>
                <line number="504" hits="2"/>
                <line number="505" hits="2"/>
                <line number="508" hits="4"/>
                <line number="509" hits="4"/>
                <line number="511" hits="4"/>
                <line number="513" hits="4"/>
                <line number="514" hits="2"/>
                <line number="515" hits="2"/>
                <line number="516" hits="2"/>
                <line number="519" hits="2"/>
                <line number="520" hits="2"/>
                <line number="521" hits="2"/>
                <line number="522" hits="2"/>
                <line number="523" hits="2"/>
                <line number="524" hits="2"/>
                <line number="525" hits="2"/>
                <line number="526" hits="2"/>
                <line number="527" hits="2"/>
                <line number="528" hits="2"/>
                <line number="529" hits="2"/>
                <line number="530" hits="2"/>
                <line number="532" hits="2"/>
                <line number="533" hits="2"/>
                <line number="534" hits="2"/>
                <line number="535" hits="2"/>
                <line number="540" hits="2"/>
                <line number="542" hits="2"/>
              </lines>
            </method>
            <method name="saveRevision" signature="Sublocation $sublocation" line-rate="1" branch-rate="0" complexity="4">
              <lines>
                <line number="553" hits="9"/>
                <line number="555" hits="9"/>
                <line number="557" hits="9"/>
                <line number="558" hits="9"/>
                <line number="559" hits="9"/>
                <line number="560" hits="9"/>
                <line number="562" hits="9"/>
                <line number="563" hits="9"/>
                <line number="564" hits="9"/>
                <line number="566" hits="9"/>
                <line number="567" hits="9"/>
                <line number="569" hits="9"/>
                <line number="571" hits="9"/>
              </lines>
            </method>
            <method name="show" signature="Sublocation $sublocation, Requests\Sublocation\ShowRequest $request" line-rate="1" branch-rate="0" complexity="2">
              <lines>
                <line number="584" hits="2"/>
                <line number="586" hits="2"/>
                <line number="587" hits="1"/>
                <line number="588" hits="1"/>
                <line number="589" hits="1"/>
                <line number="592" hits="1"/>
                <line number="594" hits="1"/>
                <line number="595" hits="1"/>
                <line number="596" hits="1"/>
                <line number="597" hits="1"/>
                <line number="598" hits="1"/>
                <line number="599" hits="1"/>
                <line number="601" hits="1"/>
                <line number="602" hits="1"/>
                <line number="603" hits="1"/>
                <line number="604" hits="1"/>
                <line number="609" hits="1"/>
                <line number="611" hits="1"/>
              </lines>
            </method>
            <method name="store" signature="Requests\Sublocation\StoreRequest $request" line-rate="1" branch-rate="0" complexity="4">
              <lines>
                <line number="623" hits="3"/>
                <line number="625" hits="3"/>
                <line number="627" hits="3"/>
                <line number="629" hits="3"/>
                <line number="631" hits="3"/>
                <line number="633" hits="3"/>
                <line number="635" hits="3"/>
                <line number="636" hits="1"/>
                <line number="637" hits="1"/>
                <line number="638" hits="1"/>
                <line number="641" hits="2"/>
                <line number="643" hits="2"/>
                <line number="644" hits="1"/>
                <line number="647" hits="1"/>
                <line number="648" hits="1"/>
                <line number="649" hits="1"/>
                <line number="650" hits="1"/>
              </lines>
            </method>
            <method name="unlock" signature="Sublocation $sublocation, Requests\Sublocation\UnlockRequest $request" line-rate="1" branch-rate="0" complexity="4">
              <lines>
                <line number="663" hits="4"/>
                <line number="665" hits="4"/>
                <line number="667" hits="4"/>
                <line number="669" hits="4"/>
                <line number="671" hits="4"/>
                <line number="673" hits="4"/>
                <line number="675" hits="4"/>
                <line number="676" hits="2"/>
                <line number="677" hits="2"/>
                <line number="678" hits="2"/>
                <line number="681" hits="2"/>
                <line number="683" hits="2"/>
                <line number="684" hits="1"/>
                <line number="687" hits="1"/>
                <line number="688" hits="1"/>
                <line number="689" hits="1"/>
                <line number="690" hits="1"/>
              </lines>
            </method>
            <method name="update" signature="Sublocation $sublocation, Requests\Sublocation\UpdateRequest $request" line-rate="1" branch-rate="0" complexity="4">
              <lines>
                <line number="703" hits="5"/>
                <line number="705" hits="5"/>
                <line number="707" hits="5"/>
                <line number="709" hits="5"/>
                <line number="711" hits="5"/>
                <line number="713" hits="5"/>
                <line number="715" hits="5"/>
                <line number="716" hits="2"/>
                <line number="717" hits="2"/>
                <line number="718" hits="2"/>
                <line number="721" hits="3"/>
                <line number="723" hits="3"/>
                <line number="724" hits="1"/>
                <line number="727" hits="2"/>
                <line number="728" hits="2"/>
                <line number="729" hits="2"/>
                <line number="730" hits="2"/>
              </lines>
            </method>
          </methods>
          <lines>
            <line number="54" hits="3"/>
            <line number="56" hits="3"/>
            <line number="58" hits="3"/>
            <line number="60" hits="3"/>
            <line number="61" hits="1"/>
            <line number="62" hits="1"/>
            <line number="63" hits="1"/>
            <line number="66" hits="2"/>
            <line number="68" hits="2"/>
            <line number="69" hits="2"/>
            <line number="70" hits="2"/>
            <line number="71" hits="2"/>
            <line number="72" hits="2"/>
            <line number="73" hits="2"/>
            <line number="75" hits="2"/>
            <line number="76" hits="2"/>
            <line number="77" hits="2"/>
            <line number="78" hits="2"/>
            <line number="79" hits="2"/>
            <line number="81" hits="2"/>
            <line number="83" hits="2"/>
            <line number="84" hits="1"/>
            <line number="85" hits="1"/>
            <line number="88" hits="2"/>
            <line number="89" hits="2"/>
            <line number="95" hits="2"/>
            <line number="97" hits="2"/>
            <line number="110" hits="3"/>
            <line number="112" hits="3"/>
            <line number="114" hits="3"/>
            <line number="115" hits="1"/>
            <line number="116" hits="1"/>
            <line number="117" hits="1"/>
            <line number="120" hits="2"/>
            <line number="122" hits="2"/>
            <line number="124" hits="2"/>
            <line number="125" hits="1"/>
            <line number="128" hits="2"/>
            <line number="129" hits="2"/>
            <line number="130" hits="2"/>
            <line number="131" hits="2"/>
            <line number="132" hits="2"/>
            <line number="133" hits="2"/>
            <line number="135" hits="2"/>
            <line number="136" hits="2"/>
            <line number="137" hits="2"/>
            <line number="138" hits="2"/>
            <line number="139" hits="2"/>
            <line number="141" hits="2"/>
            <line number="142" hits="1"/>
            <line number="145" hits="2"/>
            <line number="150" hits="2"/>
            <line number="152" hits="2"/>
            <line number="165" hits="7"/>
            <line number="167" hits="7"/>
            <line number="169" hits="7"/>
            <line number="171" hits="7"/>
            <line number="172" hits="7"/>
            <line number="175" hits="7"/>
            <line number="176" hits="5"/>
            <line number="178" hits="2"/>
            <line number="181" hits="7"/>
            <line number="182" hits="4"/>
            <line number="185" hits="3"/>
            <line number="187" hits="3"/>
            <line number="188" hits="1"/>
            <line number="191" hits="2"/>
            <line number="204" hits="4"/>
            <line number="206" hits="4"/>
            <line number="208" hits="4"/>
            <line number="210" hits="4"/>
            <line number="211" hits="4"/>
            <line number="214" hits="4"/>
            <line number="216" hits="4"/>
            <line number="218" hits="4"/>
            <line number="219" hits="2"/>
            <line number="220" hits="2"/>
            <line number="221" hits="2"/>
            <line number="224" hits="2"/>
            <line number="226" hits="2"/>
            <line number="227" hits="1"/>
            <line number="230" hits="1"/>
            <line number="231" hits="1"/>
            <line number="232" hits="1"/>
            <line number="233" hits="1"/>
            <line number="245" hits="4"/>
            <line number="256" hits="4"/>
            <line number="258" hits="4"/>
            <line number="260" hits="4"/>
            <line number="262" hits="4"/>
            <line number="264" hits="2"/>
            <line number="266" hits="2"/>
            <line number="267" hits="2"/>
            <line number="268" hits="2"/>
            <line number="269" hits="2"/>
            <line number="271" hits="2"/>
            <line number="272" hits="2"/>
            <line number="273" hits="2"/>
            <line number="274" hits="2"/>
            <line number="276" hits="2"/>
            <line number="277" hits="2"/>
            <line number="278" hits="2"/>
            <line number="279" hits="2"/>
            <line number="281" hits="2"/>
            <line number="282" hits="2"/>
            <line number="283" hits="2"/>
            <line number="284" hits="2"/>
            <line number="287" hits="4"/>
            <line number="288" hits="4"/>
            <line number="290" hits="4"/>
            <line number="292" hits="4"/>
            <line number="293" hits="2"/>
            <line number="296" hits="2"/>
            <line number="298" hits="2"/>
            <line number="299" hits="2"/>
            <line number="300" hits="2"/>
            <line number="301" hits="2"/>
            <line number="302" hits="2"/>
            <line number="303" hits="2"/>
            <line number="304" hits="2"/>
            <line number="305" hits="2"/>
            <line number="306" hits="2"/>
            <line number="307" hits="2"/>
            <line number="308" hits="2"/>
            <line number="309" hits="2"/>
            <line number="311" hits="2"/>
            <line number="312" hits="2"/>
            <line number="313" hits="2"/>
            <line number="314" hits="2"/>
            <line number="319" hits="2"/>
            <line number="321" hits="2"/>
            <line number="334" hits="4"/>
            <line number="336" hits="4"/>
            <line number="338" hits="4"/>
            <line number="340" hits="4"/>
            <line number="342" hits="4"/>
            <line number="344" hits="4"/>
            <line number="345" hits="2"/>
            <line number="346" hits="2"/>
            <line number="347" hits="2"/>
            <line number="350" hits="2"/>
            <line number="352" hits="2"/>
            <line number="353" hits="1"/>
            <line number="356" hits="1"/>
            <line number="357" hits="1"/>
            <line number="358" hits="1"/>
            <line number="359" hits="1"/>
            <line number="372" hits="4"/>
            <line number="374" hits="4"/>
            <line number="379" hits="4"/>
            <line number="380" hits="4"/>
            <line number="381" hits="4"/>
            <line number="382" hits="4"/>
            <line number="384" hits="4"/>
            <line number="386" hits="4"/>
            <line number="388" hits="4"/>
            <line number="389" hits="4"/>
            <line number="390" hits="4"/>
            <line number="391" hits="4"/>
            <line number="392" hits="4"/>
            <line number="395" hits="4"/>
            <line number="397" hits="4"/>
            <line number="398" hits="2"/>
            <line number="399" hits="2"/>
            <line number="400" hits="2"/>
            <line number="403" hits="2"/>
            <line number="405" hits="2"/>
            <line number="406" hits="1"/>
            <line number="409" hits="1"/>
            <line number="410" hits="1"/>
            <line number="411" hits="1"/>
            <line number="412" hits="1"/>
            <line number="425" hits="2"/>
            <line number="427" hits="2"/>
            <line number="428" hits="1"/>
            <line number="429" hits="1"/>
            <line number="430" hits="1"/>
            <line number="433" hits="1"/>
            <line number="435" hits="1"/>
            <line number="436" hits="1"/>
            <line number="437" hits="1"/>
            <line number="438" hits="1"/>
            <line number="439" hits="1"/>
            <line number="440" hits="1"/>
            <line number="442" hits="1"/>
            <line number="443" hits="1"/>
            <line number="444" hits="1"/>
            <line number="445" hits="1"/>
            <line number="450" hits="1"/>
            <line number="452" hits="1"/>
            <line number="465" hits="4"/>
            <line number="467" hits="4"/>
            <line number="478" hits="4"/>
            <line number="480" hits="4"/>
            <line number="482" hits="4"/>
            <line number="484" hits="4"/>
            <line number="485" hits="2"/>
            <line number="487" hits="2"/>
            <line number="488" hits="2"/>
            <line number="489" hits="2"/>
            <line number="490" hits="2"/>
            <line number="492" hits="2"/>
            <line number="493" hits="2"/>
            <line number="494" hits="2"/>
            <line number="495" hits="2"/>
            <line number="497" hits="2"/>
            <line number="498" hits="2"/>
            <line number="499" hits="2"/>
            <line number="500" hits="2"/>
            <line number="502" hits="2"/>
            <line number="503" hits="2"/>
            <line number="504" hits="2"/>
            <line number="505" hits="2"/>
            <line number="508" hits="4"/>
            <line number="509" hits="4"/>
            <line number="511" hits="4"/>
            <line number="513" hits="4"/>
            <line number="514" hits="2"/>
            <line number="515" hits="2"/>
            <line number="516" hits="2"/>
            <line number="519" hits="2"/>
            <line number="520" hits="2"/>
            <line number="521" hits="2"/>
            <line number="522" hits="2"/>
            <line number="523" hits="2"/>
            <line number="524" hits="2"/>
            <line number="525" hits="2"/>
            <line number="526" hits="2"/>
            <line number="527" hits="2"/>
            <line number="528" hits="2"/>
            <line number="529" hits="2"/>
            <line number="530" hits="2"/>
            <line number="532" hits="2"/>
            <line number="533" hits="2"/>
            <line number="534" hits="2"/>
            <line number="535" hits="2"/>
            <line number="540" hits="2"/>
            <line number="542" hits="2"/>
            <line number="553" hits="9"/>
            <line number="555" hits="9"/>
            <line number="557" hits="9"/>
            <line number="558" hits="9"/>
            <line number="559" hits="9"/>
            <line number="560" hits="9"/>
            <line number="562" hits="9"/>
            <line number="563" hits="9"/>
            <line number="564" hits="9"/>
            <line number="566" hits="9"/>
            <line number="567" hits="9"/>
            <line number="569" hits="9"/>
            <line number="571" hits="9"/>
            <line number="584" hits="2"/>
            <line number="586" hits="2"/>
            <line number="587" hits="1"/>
            <line number="588" hits="1"/>
            <line number="589" hits="1"/>
            <line number="592" hits="1"/>
            <line number="594" hits="1"/>
            <line number="595" hits="1"/>
            <line number="596" hits="1"/>
            <line number="597" hits="1"/>
            <line number="598" hits="1"/>
            <line number="599" hits="1"/>
            <line number="601" hits="1"/>
            <line number="602" hits="1"/>
            <line number="603" hits="1"/>
            <line number="604" hits="1"/>
            <line number="609" hits="1"/>
            <line number="611" hits="1"/>
            <line number="623" hits="3"/>
            <line number="625" hits="3"/>
            <line number="627" hits="3"/>
            <line number="629" hits="3"/>
            <line number="631" hits="3"/>
            <line number="633" hits="3"/>
            <line number="635" hits="3"/>
            <line number="636" hits="1"/>
            <line number="637" hits="1"/>
            <line number="638" hits="1"/>
            <line number="641" hits="2"/>
            <line number="643" hits="2"/>
            <line number="644" hits="1"/>
            <line number="647" hits="1"/>
            <line number="648" hits="1"/>
            <line number="649" hits="1"/>
            <line number="650" hits="1"/>
            <line number="663" hits="4"/>
            <line number="665" hits="4"/>
            <line number="667" hits="4"/>
            <line number="669" hits="4"/>
            <line number="671" hits="4"/>
            <line number="673" hits="4"/>
            <line number="675" hits="4"/>
            <line number="676" hits="2"/>
            <line number="677" hits="2"/>
            <line number="678" hits="2"/>
            <line number="681" hits="2"/>
            <line number="683" hits="2"/>
            <line number="684" hits="1"/>
            <line number="687" hits="1"/>
            <line number="688" hits="1"/>
            <line number="689" hits="1"/>
            <line number="690" hits="1"/>
            <line number="703" hits="5"/>
            <line number="705" hits="5"/>
            <line number="707" hits="5"/>
            <line number="709" hits="5"/>
            <line number="711" hits="5"/>
            <line number="713" hits="5"/>
            <line number="715" hits="5"/>
            <line number="716" hits="2"/>
            <line number="717" hits="2"/>
            <line number="718" hits="2"/>
            <line number="721" hits="3"/>
            <line number="723" hits="3"/>
            <line number="724" hits="1"/>
            <line number="727" hits="2"/>
            <line number="728" hits="2"/>
            <line number="729" hits="2"/>
            <line number="730" hits="2"/>
          </lines>
        </class>
      </classes>
    </package>
    <package name="Http/Requests/FormRequest.php" line-rate="1" branch-rate="0" complexity="6">
      <classes>
        <class name="Playground\Directory\Resource\Http\Requests\FormRequest" filename="Http/Requests/FormRequest.php" line-rate="1" branch-rate="0" complexity="6">
          <methods>
            <method name="authorize" signature="" line-rate="1" branch-rate="0" complexity="2">
              <lines>
                <line number="29" hits="76"/>
                <line number="31" hits="76"/>
                <line number="32" hits="1"/>
                <line number="35" hits="75"/>
              </lines>
            </method>
            <method name="rules" signature="" line-rate="1" branch-rate="0" complexity="1">
              <lines>
                <line number="45" hits="75"/>
              </lines>
            </method>
            <method name="userHasAdminPrivileges" signature="?Authenticatable $user" line-rate="1" branch-rate="0" complexity="3">
              <lines>
                <line number="50" hits="17"/>
                <line number="51" hits="17"/>
                <line number="52" hits="16"/>
                <line number="53" hits="15"/>
                <line number="56" hits="1"/>
                <line number="60" hits="17"/>
              </lines>
            </method>
          </methods>
          <lines>
            <line number="29" hits="76"/>
            <line number="31" hits="76"/>
            <line number="32" hits="1"/>
            <line number="35" hits="75"/>
            <line number="45" hits="75"/>
            <line number="50" hits="17"/>
            <line number="51" hits="17"/>
            <line number="52" hits="16"/>
            <line number="53" hits="15"/>
            <line number="56" hits="1"/>
            <line number="60" hits="17"/>
          </lines>
        </class>
      </classes>
    </package>
    <package name="Http/Requests/Location/CreateRequest.php" line-rate="0" branch-rate="0" complexity="0">
      <classes>
        <class name="Playground\Directory\Resource\Http\Requests\Location\CreateRequest" filename="Http/Requests/Location/CreateRequest.php" line-rate="0" branch-rate="0" complexity="0">
          <methods/>
          <lines/>
        </class>
      </classes>
    </package>
    <package name="Http/Requests/Location/DestroyRequest.php" line-rate="1" branch-rate="0" complexity="2">
      <classes>
        <class name="Playground\Directory\Resource\Http\Requests\Location\DestroyRequest" filename="Http/Requests/Location/DestroyRequest.php" line-rate="1" branch-rate="0" complexity="2">
          <methods>
            <method name="rules" signature="" line-rate="1" branch-rate="0" complexity="2">
              <lines>
                <line number="32" hits="7"/>
                <line number="34" hits="7"/>
                <line number="36" hits="7"/>
                <line number="37" hits="7"/>
                <line number="40" hits="7"/>
              </lines>
            </method>
          </methods>
          <lines>
            <line number="32" hits="7"/>
            <line number="34" hits="7"/>
            <line number="36" hits="7"/>
            <line number="37" hits="7"/>
            <line number="40" hits="7"/>
          </lines>
        </class>
      </classes>
    </package>
    <package name="Http/Requests/Location/EditRequest.php" line-rate="0" branch-rate="0" complexity="0">
      <classes>
        <class name="Playground\Directory\Resource\Http\Requests\Location\EditRequest" filename="Http/Requests/Location/EditRequest.php" line-rate="0" branch-rate="0" complexity="0">
          <methods/>
          <lines/>
        </class>
      </classes>
    </package>
    <package name="Http/Requests/Location/IndexRequest.php" line-rate="0" branch-rate="0" complexity="0">
      <classes>
        <class name="Playground\Directory\Resource\Http\Requests\Location\IndexRequest" filename="Http/Requests/Location/IndexRequest.php" line-rate="0" branch-rate="0" complexity="0">
          <methods/>
          <lines/>
        </class>
      </classes>
    </package>
    <package name="Http/Requests/Location/LockRequest.php" line-rate="0" branch-rate="0" complexity="0">
      <classes>
        <class name="Playground\Directory\Resource\Http\Requests\Location\LockRequest" filename="Http/Requests/Location/LockRequest.php" line-rate="0" branch-rate="0" complexity="0">
          <methods/>
          <lines/>
        </class>
      </classes>
    </package>
    <package name="Http/Requests/Location/RestoreRequest.php" line-rate="0" branch-rate="0" complexity="0">
      <classes>
        <class name="Playground\Directory\Resource\Http\Requests\Location\RestoreRequest" filename="Http/Requests/Location/RestoreRequest.php" line-rate="0" branch-rate="0" complexity="0">
          <methods/>
          <lines/>
        </class>
      </classes>
    </package>
    <package name="Http/Requests/Location/RestoreRevisionRequest.php" line-rate="0" branch-rate="0" complexity="0">
      <classes>
        <class name="Playground\Directory\Resource\Http\Requests\Location\RestoreRevisionRequest" filename="Http/Requests/Location/RestoreRevisionRequest.php" line-rate="0" branch-rate="0" complexity="0">
          <methods/>
          <lines/>
        </class>
      </classes>
    </package>
    <package name="Http/Requests/Location/RevisionsRequest.php" line-rate="0" branch-rate="0" complexity="0">
      <classes>
        <class name="Playground\Directory\Resource\Http\Requests\Location\RevisionsRequest" filename="Http/Requests/Location/RevisionsRequest.php" line-rate="0" branch-rate="0" complexity="0">
          <methods/>
          <lines/>
        </class>
      </classes>
    </package>
    <package name="Http/Requests/Location/ShowRequest.php" line-rate="0" branch-rate="0" complexity="0">
      <classes>
        <class name="Playground\Directory\Resource\Http\Requests\Location\ShowRequest" filename="Http/Requests/Location/ShowRequest.php" line-rate="0" branch-rate="0" complexity="0">
          <methods/>
          <lines/>
        </class>
      </classes>
    </package>
    <package name="Http/Requests/Location/ShowRevisionRequest.php" line-rate="0" branch-rate="0" complexity="0">
      <classes>
        <class name="Playground\Directory\Resource\Http\Requests\Location\ShowRevisionRequest" filename="Http/Requests/Location/ShowRevisionRequest.php" line-rate="0" branch-rate="0" complexity="0">
          <methods/>
          <lines/>
        </class>
      </classes>
    </package>
    <package name="Http/Requests/Location/StoreRequest.php" line-rate="1" branch-rate="0" complexity="4">
      <classes>
        <class name="Playground\Directory\Resource\Http\Requests\Location\StoreRequest" filename="Http/Requests/Location/StoreRequest.php" line-rate="1" branch-rate="0" complexity="4">
          <methods>
            <method name="rules" signature="" line-rate="1" branch-rate="0" complexity="2">
              <lines>
                <line number="116" hits="7"/>
                <line number="121" hits="7"/>
                <line number="123" hits="7"/>
                <line number="124" hits="1"/>
                <line number="127" hits="7"/>
              </lines>
            </method>
            <method name="prepareForValidation" signature="" line-rate="1" branch-rate="0" complexity="2">
              <lines>
                <line number="137" hits="5"/>
                <line number="139" hits="5"/>
                <line number="141" hits="5"/>
                <line number="142" hits="5"/>
                <line number="143" hits="5"/>
                <line number="144" hits="5"/>
                <line number="146" hits="5"/>
                <line number="147" hits="3"/>
              </lines>
            </method>
          </methods>
          <lines>
            <line number="116" hits="7"/>
            <line number="121" hits="7"/>
            <line number="123" hits="7"/>
            <line number="124" hits="1"/>
            <line number="127" hits="7"/>
            <line number="137" hits="5"/>
            <line number="139" hits="5"/>
            <line number="141" hits="5"/>
            <line number="142" hits="5"/>
            <line number="143" hits="5"/>
            <line number="144" hits="5"/>
            <line number="146" hits="5"/>
            <line number="147" hits="3"/>
          </lines>
        </class>
      </classes>
    </package>
    <package name="Http/Requests/Location/UnlockRequest.php" line-rate="0" branch-rate="0" complexity="0">
      <classes>
        <class name="Playground\Directory\Resource\Http\Requests\Location\UnlockRequest" filename="Http/Requests/Location/UnlockRequest.php" line-rate="0" branch-rate="0" complexity="0">
          <methods/>
          <lines/>
        </class>
      </classes>
    </package>
    <package name="Http/Requests/Location/UpdateRequest.php" line-rate="1" branch-rate="0" complexity="4">
      <classes>
        <class name="Playground\Directory\Resource\Http\Requests\Location\UpdateRequest" filename="Http/Requests/Location/UpdateRequest.php" line-rate="1" branch-rate="0" complexity="4">
          <methods>
            <method name="rules" signature="" line-rate="1" branch-rate="0" complexity="2">
              <lines>
                <line number="116" hits="7"/>
                <line number="121" hits="7"/>
                <line number="123" hits="7"/>
                <line number="124" hits="1"/>
                <line number="127" hits="7"/>
              </lines>
            </method>
            <method name="prepareForValidation" signature="" line-rate="1" branch-rate="0" complexity="2">
              <lines>
                <line number="137" hits="5"/>
                <line number="139" hits="5"/>
                <line number="141" hits="5"/>
                <line number="142" hits="5"/>
                <line number="143" hits="5"/>
                <line number="144" hits="5"/>
                <line number="146" hits="5"/>
                <line number="147" hits="3"/>
              </lines>
            </method>
          </methods>
          <lines>
            <line number="116" hits="7"/>
            <line number="121" hits="7"/>
            <line number="123" hits="7"/>
            <line number="124" hits="1"/>
            <line number="127" hits="7"/>
            <line number="137" hits="5"/>
            <line number="139" hits="5"/>
            <line number="141" hits="5"/>
            <line number="142" hits="5"/>
            <line number="143" hits="5"/>
            <line number="144" hits="5"/>
            <line number="146" hits="5"/>
            <line number="147" hits="3"/>
          </lines>
        </class>
      </classes>
    </package>
    <package name="Http/Requests/Sublocation/CreateRequest.php" line-rate="0" branch-rate="0" complexity="0">
      <classes>
        <class name="Playground\Directory\Resource\Http\Requests\Sublocation\CreateRequest" filename="Http/Requests/Sublocation/CreateRequest.php" line-rate="0" branch-rate="0" complexity="0">
          <methods/>
          <lines/>
        </class>
      </classes>
    </package>
    <package name="Http/Requests/Sublocation/DestroyRequest.php" line-rate="1" branch-rate="0" complexity="2">
      <classes>
        <class name="Playground\Directory\Resource\Http\Requests\Sublocation\DestroyRequest" filename="Http/Requests/Sublocation/DestroyRequest.php" line-rate="1" branch-rate="0" complexity="2">
          <methods>
            <method name="rules" signature="" line-rate="1" branch-rate="0" complexity="2">
              <lines>
                <line number="32" hits="7"/>
                <line number="34" hits="7"/>
                <line number="36" hits="7"/>
                <line number="37" hits="7"/>
                <line number="40" hits="7"/>
              </lines>
            </method>
          </methods>
          <lines>
            <line number="32" hits="7"/>
            <line number="34" hits="7"/>
            <line number="36" hits="7"/>
            <line number="37" hits="7"/>
            <line number="40" hits="7"/>
          </lines>
        </class>
      </classes>
    </package>
    <package name="Http/Requests/Sublocation/EditRequest.php" line-rate="0" branch-rate="0" complexity="0">
      <classes>
        <class name="Playground\Directory\Resource\Http\Requests\Sublocation\EditRequest" filename="Http/Requests/Sublocation/EditRequest.php" line-rate="0" branch-rate="0" complexity="0">
          <methods/>
          <lines/>
        </class>
      </classes>
    </package>
    <package name="Http/Requests/Sublocation/IndexRequest.php" line-rate="0" branch-rate="0" complexity="0">
      <classes>
        <class name="Playground\Directory\Resource\Http\Requests\Sublocation\IndexRequest" filename="Http/Requests/Sublocation/IndexRequest.php" line-rate="0" branch-rate="0" complexity="0">
          <methods/>
          <lines/>
        </class>
      </classes>
    </package>
    <package name="Http/Requests/Sublocation/LockRequest.php" line-rate="0" branch-rate="0" complexity="0">
      <classes>
        <class name="Playground\Directory\Resource\Http\Requests\Sublocation\LockRequest" filename="Http/Requests/Sublocation/LockRequest.php" line-rate="0" branch-rate="0" complexity="0">
          <methods/>
          <lines/>
        </class>
      </classes>
    </package>
    <package name="Http/Requests/Sublocation/RestoreRequest.php" line-rate="0" branch-rate="0" complexity="0">
      <classes>
        <class name="Playground\Directory\Resource\Http\Requests\Sublocation\RestoreRequest" filename="Http/Requests/Sublocation/RestoreRequest.php" line-rate="0" branch-rate="0" complexity="0">
          <methods/>
          <lines/>
        </class>
      </classes>
    </package>
    <package name="Http/Requests/Sublocation/RestoreRevisionRequest.php" line-rate="0" branch-rate="0" complexity="0">
      <classes>
        <class name="Playground\Directory\Resource\Http\Requests\Sublocation\RestoreRevisionRequest" filename="Http/Requests/Sublocation/RestoreRevisionRequest.php" line-rate="0" branch-rate="0" complexity="0">
          <methods/>
          <lines/>
        </class>
      </classes>
    </package>
    <package name="Http/Requests/Sublocation/RevisionsRequest.php" line-rate="0" branch-rate="0" complexity="0">
      <classes>
        <class name="Playground\Directory\Resource\Http\Requests\Sublocation\RevisionsRequest" filename="Http/Requests/Sublocation/RevisionsRequest.php" line-rate="0" branch-rate="0" complexity="0">
          <methods/>
          <lines/>
        </class>
      </classes>
    </package>
[...]
                <line number="46" hits="1"/>
                <line number="47" hits="1"/>
                <line number="48" hits="1"/>
              </lines>
            </method>
          </methods>
          <lines>
            <line number="34" hits="1"/>
            <line number="39" hits="1"/>
            <line number="41" hits="1"/>
            <line number="42" hits="1"/>
            <line number="43" hits="1"/>
            <line number="44" hits="1"/>
            <line number="45" hits="1"/>
            <line number="46" hits="1"/>
            <line number="47" hits="1"/>
            <line number="48" hits="1"/>
          </lines>
        </class>
      </classes>
    </package>
    <package name="Http/Resources/LocationRevisionCollection.php" line-rate="1" branch-rate="0" complexity="1">
      <classes>
        <class name="Playground\Directory\Resource\Http\Resources\LocationRevisionCollection" filename="Http/Resources/LocationRevisionCollection.php" line-rate="1" branch-rate="0" complexity="1">
          <methods>
            <method name="with" signature="Request $request" line-rate="1" branch-rate="0" complexity="1">
              <lines>
                <line number="29" hits="2"/>
                <line number="30" hits="2"/>
                <line number="31" hits="2"/>
                <line number="32" hits="2"/>
                <line number="33" hits="2"/>
                <line number="34" hits="2"/>
                <line number="35" hits="2"/>
                <line number="36" hits="2"/>
                <line number="37" hits="2"/>
                <line number="38" hits="2"/>
                <line number="39" hits="2"/>
                <line number="40" hits="2"/>
              </lines>
            </method>
          </methods>
          <lines>
            <line number="29" hits="2"/>
            <line number="30" hits="2"/>
            <line number="31" hits="2"/>
            <line number="32" hits="2"/>
            <line number="33" hits="2"/>
            <line number="34" hits="2"/>
            <line number="35" hits="2"/>
            <line number="36" hits="2"/>
            <line number="37" hits="2"/>
            <line number="38" hits="2"/>
            <line number="39" hits="2"/>
            <line number="40" hits="2"/>
          </lines>
        </class>
      </classes>
    </package>
    <package name="Http/Resources/Sublocation.php" line-rate="1" branch-rate="0" complexity="1">
      <classes>
        <class name="Playground\Directory\Resource\Http\Resources\Sublocation" filename="Http/Resources/Sublocation.php" line-rate="1" branch-rate="0" complexity="1">
          <methods>
            <method name="with" signature="Request $request" line-rate="1" branch-rate="0" complexity="1">
              <lines>
                <line number="34" hits="14"/>
                <line number="39" hits="14"/>
                <line number="41" hits="14"/>
                <line number="42" hits="14"/>
                <line number="43" hits="14"/>
                <line number="44" hits="14"/>
                <line number="45" hits="14"/>
                <line number="46" hits="14"/>
                <line number="47" hits="14"/>
                <line number="48" hits="14"/>
              </lines>
            </method>
          </methods>
          <lines>
            <line number="34" hits="14"/>
            <line number="39" hits="14"/>
            <line number="41" hits="14"/>
            <line number="42" hits="14"/>
            <line number="43" hits="14"/>
            <line number="44" hits="14"/>
            <line number="45" hits="14"/>
            <line number="46" hits="14"/>
            <line number="47" hits="14"/>
            <line number="48" hits="14"/>
          </lines>
        </class>
      </classes>
    </package>
    <package name="Http/Resources/SublocationCollection.php" line-rate="1" branch-rate="0" complexity="1">
      <classes>
        <class name="Playground\Directory\Resource\Http\Resources\SublocationCollection" filename="Http/Resources/SublocationCollection.php" line-rate="1" branch-rate="0" complexity="1">
          <methods>
            <method name="with" signature="Request $request" line-rate="1" branch-rate="0" complexity="1">
              <lines>
                <line number="29" hits="2"/>
                <line number="30" hits="2"/>
                <line number="31" hits="2"/>
                <line number="32" hits="2"/>
                <line number="33" hits="2"/>
                <line number="34" hits="2"/>
                <line number="35" hits="2"/>
                <line number="36" hits="2"/>
                <line number="37" hits="2"/>
                <line number="38" hits="2"/>
                <line number="39" hits="2"/>
                <line number="40" hits="2"/>
              </lines>
            </method>
          </methods>
          <lines>
            <line number="29" hits="2"/>
            <line number="30" hits="2"/>
            <line number="31" hits="2"/>
            <line number="32" hits="2"/>
            <line number="33" hits="2"/>
            <line number="34" hits="2"/>
            <line number="35" hits="2"/>
            <line number="36" hits="2"/>
            <line number="37" hits="2"/>
            <line number="38" hits="2"/>
            <line number="39" hits="2"/>
            <line number="40" hits="2"/>
          </lines>
        </class>
      </classes>
    </package>
    <package name="Http/Resources/SublocationRevision.php" line-rate="1" branch-rate="0" complexity="1">
      <classes>
        <class name="Playground\Directory\Resource\Http\Resources\SublocationRevision" filename="Http/Resources/SublocationRevision.php" line-rate="1" branch-rate="0" complexity="1">
          <methods>
            <method name="with" signature="Request $request" line-rate="1" branch-rate="0" complexity="1">
              <lines>
                <line number="34" hits="1"/>
                <line number="39" hits="1"/>
                <line number="41" hits="1"/>
                <line number="42" hits="1"/>
                <line number="43" hits="1"/>
                <line number="44" hits="1"/>
                <line number="45" hits="1"/>
                <line number="46" hits="1"/>
                <line number="47" hits="1"/>
                <line number="48" hits="1"/>
              </lines>
            </method>
          </methods>
          <lines>
            <line number="34" hits="1"/>
            <line number="39" hits="1"/>
            <line number="41" hits="1"/>
            <line number="42" hits="1"/>
            <line number="43" hits="1"/>
            <line number="44" hits="1"/>
            <line number="45" hits="1"/>
            <line number="46" hits="1"/>
            <line number="47" hits="1"/>
            <line number="48" hits="1"/>
          </lines>
        </class>
      </classes>
    </package>
    <package name="Http/Resources/SublocationRevisionCollection.php" line-rate="1" branch-rate="0" complexity="1">
      <classes>
        <class name="Playground\Directory\Resource\Http\Resources\SublocationRevisionCollection" filename="Http/Resources/SublocationRevisionCollection.php" line-rate="1" branch-rate="0" complexity="1">
          <methods>
            <method name="with" signature="Request $request" line-rate="1" branch-rate="0" complexity="1">
              <lines>
                <line number="29" hits="2"/>
                <line number="30" hits="2"/>
                <line number="31" hits="2"/>
                <line number="32" hits="2"/>
                <line number="33" hits="2"/>
                <line number="34" hits="2"/>
                <line number="35" hits="2"/>
                <line number="36" hits="2"/>
                <line number="37" hits="2"/>
                <line number="38" hits="2"/>
                <line number="39" hits="2"/>
                <line number="40" hits="2"/>
              </lines>
            </method>
          </methods>
          <lines>
            <line number="29" hits="2"/>
            <line number="30" hits="2"/>
            <line number="31" hits="2"/>
            <line number="32" hits="2"/>
            <line number="33" hits="2"/>
            <line number="34" hits="2"/>
            <line number="35" hits="2"/>
            <line number="36" hits="2"/>
            <line number="37" hits="2"/>
            <line number="38" hits="2"/>
            <line number="39" hits="2"/>
            <line number="40" hits="2"/>
          </lines>
        </class>
      </classes>
    </package>
    <package name="Policies/LocationPolicy.php" line-rate="1" branch-rate="0" complexity="3">
      <classes>
        <class name="Playground\Directory\Resource\Policies\LocationPolicy" filename="Policies/LocationPolicy.php" line-rate="1" branch-rate="0" complexity="3">
          <methods>
            <method name="revisions" signature="Authenticatable $user" line-rate="1" branch-rate="0" complexity="1">
              <lines>
                <line number="51" hits="4"/>
              </lines>
            </method>
            <method name="viewRevision" signature="Authenticatable $user, LocationRevision $location_revision" line-rate="1" branch-rate="0" complexity="1">
              <lines>
                <line number="59" hits="2"/>
              </lines>
            </method>
            <method name="restoreRevision" signature="Authenticatable $user, LocationRevision $location_revision" line-rate="1" branch-rate="0" complexity="1">
              <lines>
                <line number="67" hits="6"/>
              </lines>
            </method>
          </methods>
          <lines>
            <line number="51" hits="4"/>
            <line number="59" hits="2"/>
            <line number="67" hits="6"/>
          </lines>
        </class>
      </classes>
    </package>
    <package name="Policies/SublocationPolicy.php" line-rate="1" branch-rate="0" complexity="3">
      <classes>
        <class name="Playground\Directory\Resource\Policies\SublocationPolicy" filename="Policies/SublocationPolicy.php" line-rate="1" branch-rate="0" complexity="3">
          <methods>
            <method name="revisions" signature="Authenticatable $user" line-rate="1" branch-rate="0" complexity="1">
              <lines>
                <line number="51" hits="4"/>
              </lines>
            </method>
            <method name="viewRevision" signature="Authenticatable $user, SublocationRevision $sublocation_revision" line-rate="1" branch-rate="0" complexity="1">
              <lines>
                <line number="59" hits="2"/>
              </lines>
            </method>
            <method name="restoreRevision" signature="Authenticatable $user, SublocationRevision $sublocation_revision" line-rate="1" branch-rate="0" complexity="1">
              <lines>
                <line number="67" hits="6"/>
              </lines>
            </method>
          </methods>
          <lines>
            <line number="51" hits="4"/>
            <line number="59" hits="2"/>
            <line number="67" hits="6"/>
          </lines>
        </class>
      </classes>
    </package>
    <package name="ServiceProvider.php" line-rate="1" branch-rate="0" complexity="54">
      <classes>
        <class name="Playground\Directory\Resource\ServiceProvider" filename="ServiceProvider.php" line-rate="1" branch-rate="0" complexity="54">
          <methods>
            <method name="boot" signature="" line-rate="1" branch-rate="0" complexity="13">
              <lines>
                <line number="79" hits="223"/>
                <line number="81" hits="223"/>
                <line number="83" hits="223"/>
                <line number="84" hits="223"/>
                <line number="85" hits="223"/>
                <line number="86" hits="223"/>
                <line number="87" hits="223"/>
                <line number="90" hits="223"/>
                <line number="91" hits="223"/>
                <line number="92" hits="223"/>
                <line number="94" hits="223"/>
                <line number="95" hits="223"/>
                <line number="98" hits="223"/>
                <line number="99" hits="223"/>
                <line number="100" hits="223"/>
                <line number="102" hits="223"/>
                <line number="105" hits="223"/>
                <line number="106" hits="223"/>
                <line number="107" hits="223"/>
                <line number="108" hits="223"/>
                <line number="109" hits="223"/>
                <line number="113" hits="223"/>
                <line number="115" hits="223"/>
                <line number="116" hits="223"/>
                <line number="117" hits="223"/>
                <line number="120" hits="223"/>
                <line number="121" hits="223"/>
                <line number="122" hits="223"/>
                <line number="125" hits="223"/>
                <line number="126" hits="223"/>
              </lines>
            </method>
            <method name="register" signature="" line-rate="1" branch-rate="0" complexity="1">
              <lines>
                <line number="135" hits="223"/>
                <line number="136" hits="223"/>
                <line number="137" hits="223"/>
                <line number="138" hits="223"/>
              </lines>
            </method>
            <method name="setPolicies" signature="array $policies" line-rate="1" branch-rate="0" complexity="9">
              <lines>
                <line number="148" hits="223"/>
                <line number="149" hits="223"/>
                <line number="150" hits="1"/>
                <line number="151" hits="1"/>
                <line number="152" hits="1"/>
                <line number="153" hits="1"/>
                <line number="154" hits="1"/>
                <line number="155" hits="1"/>
                <line number="157" hits="1"/>
                <line number="159" hits="223"/>
                <line number="160" hits="1"/>
                <line number="161" hits="1"/>
                <line number="162" hits="1"/>
                <line number="163" hits="1"/>
                <line number="164" hits="1"/>
                <line number="165" hits="1"/>
                <line number="167" hits="1"/>
                <line number="169" hits="223"/>
              </lines>
            </method>
            <method name="routes" signature="array $config" line-rate="1" branch-rate="0" complexity="4">
              <lines>
                <line number="178" hits="223"/>
                <line number="179" hits="223"/>
                <line number="181" hits="223"/>
                <line number="182" hits="223"/>
                <line number="184" hits="223"/>
                <line number="185" hits="223"/>
              </lines>
            </method>
            <method name="about" signature="" line-rate="1" branch-rate="0" complexity="27">
              <lines>
                <line number="191" hits="223"/>
                <line number="192" hits="223"/>
                <line number="194" hits="223"/>
                <line number="196" hits="223"/>
                <line number="198" hits="223"/>
                <line number="200" hits="223"/>
                <line number="202" hits="223"/>
                <line number="204" hits="223"/>
                <line number="205" hits="223"/>
                <line number="206" hits="223"/>
                <line number="207" hits="223"/>
                <line number="209" hits="223"/>
                <line number="210" hits="223"/>
                <line number="211" hits="223"/>
                <line number="213" hits="223"/>
                <line number="215" hits="223"/>
                <line number="216" hits="223"/>
                <line number="217" hits="223"/>
                <line number="218" hits="223"/>
                <line number="220" hits="223"/>
                <line number="221" hits="223"/>
                <line number="222" hits="223"/>
                <line number="224" hits="223"/>
                <line number="225" hits="223"/>
                <line number="226" hits="223"/>
              </lines>
            </method>
          </methods>
          <lines>
            <line number="79" hits="223"/>
            <line number="81" hits="223"/>
            <line number="83" hits="223"/>
            <line number="84" hits="223"/>
            <line number="85" hits="223"/>
            <line number="86" hits="223"/>
            <line number="87" hits="223"/>
            <line number="90" hits="223"/>
            <line number="91" hits="223"/>
            <line number="92" hits="223"/>
            <line number="94" hits="223"/>
            <line number="95" hits="223"/>
            <line number="98" hits="223"/>
            <line number="99" hits="223"/>
            <line number="100" hits="223"/>
            <line number="102" hits="223"/>
            <line number="105" hits="223"/>
            <line number="106" hits="223"/>
            <line number="107" hits="223"/>
            <line number="108" hits="223"/>
            <line number="109" hits="223"/>
            <line number="113" hits="223"/>
            <line number="115" hits="223"/>
            <line number="116" hits="223"/>
            <line number="117" hits="223"/>
            <line number="120" hits="223"/>
            <line number="121" hits="223"/>
            <line number="122" hits="223"/>
            <line number="125" hits="223"/>
            <line number="126" hits="223"/>
            <line number="135" hits="223"/>
            <line number="136" hits="223"/>
            <line number="137" hits="223"/>
            <line number="138" hits="223"/>
            <line number="148" hits="223"/>
            <line number="149" hits="223"/>
            <line number="150" hits="1"/>
            <line number="151" hits="1"/>
            <line number="152" hits="1"/>
            <line number="153" hits="1"/>
            <line number="154" hits="1"/>
            <line number="155" hits="1"/>
            <line number="157" hits="1"/>
            <line number="159" hits="223"/>
            <line number="160" hits="1"/>
            <line number="161" hits="1"/>
            <line number="162" hits="1"/>
            <line number="163" hits="1"/>
            <line number="164" hits="1"/>
            <line number="165" hits="1"/>
            <line number="167" hits="1"/>
            <line number="169" hits="223"/>
            <line number="178" hits="223"/>
            <line number="179" hits="223"/>
            <line number="181" hits="223"/>
            <line number="182" hits="223"/>
            <line number="184" hits="223"/>
            <line number="185" hits="223"/>
            <line number="191" hits="223"/>
            <line number="192" hits="223"/>
            <line number="194" hits="223"/>
            <line number="196" hits="223"/>
            <line number="198" hits="223"/>
            <line number="200" hits="223"/>
            <line number="202" hits="223"/>
            <line number="204" hits="223"/>
            <line number="205" hits="223"/>
            <line number="206" hits="223"/>
            <line number="207" hits="223"/>
            <line number="209" hits="223"/>
            <line number="210" hits="223"/>
            <line number="211" hits="223"/>
            <line number="213" hits="223"/>
            <line number="215" hits="223"/>
            <line number="216" hits="223"/>
            <line number="217" hits="223"/>
            <line number="218" hits="223"/>
            <line number="220" hits="223"/>
            <line number="221" hits="223"/>
            <line number="222" hits="223"/>
            <line number="224" hits="223"/>
            <line number="225" hits="223"/>
            <line number="226" hits="223"/>
          </lines>
        </class>
      </classes>
    </package>
  </packages>
</coverage>
