<?xml version="1.0" encoding="UTF-8"?>
<!DOCTYPE coverage SYSTEM "http://cobertura.sourceforge.net/xml/coverage-04.dtd">
<coverage line-rate="1" branch-rate="0" lines-covered="902" lines-valid="902" branches-covered="0" branches-valid="0" complexity="220" version="0.4" timestamp="1723787803">
  <sources>
    <source>/app/src</source>
  </sources>
  <packages>
    <package name="Http/Controllers/Controller.php" line-rate="0" branch-rate="0" complexity="0">
      <classes>
        <class name="Playground\Directory\Resource\Http\Controllers\Controller" filename="Http/Controllers/Controller.php" line-rate="0" branch-rate="0" complexity="0">
          <methods/>
          <lines/>
        </class>
      </classes>
    </package>
    <package name="Http/Controllers/IndexController.php" line-rate="1" branch-rate="0" complexity="1">
      <classes>
        <class name="Playground\Directory\Resource\Http\Controllers\IndexController" filename="Http/Controllers/IndexController.php" line-rate="1" branch-rate="0" complexity="1">
          <methods>
            <method name="index" signature="" line-rate="1" branch-rate="0" complexity="1">
              <lines>
                <line number="21" hits="1"/>
              </lines>
            </method>
          </methods>
          <lines>
            <line number="21" hits="1"/>
          </lines>
        </class>
      </classes>
    </package>
    <package name="Http/Controllers/LocationController.php" line-rate="1" branch-rate="0" complexity="63">
      <classes>
        <class name="Playground\Directory\Resource\Http\Controllers\LocationController" filename="Http/Controllers/LocationController.php" line-rate="1" branch-rate="0" complexity="63">
          <methods>
            <method name="create" signature="Playground\Directory\Resource\Http\Requests\Location\CreateRequest $request" line-rate="1" branch-rate="0" complexity="4">
              <lines>
                <line number="52" hits="3"/>
                <line number="54" hits="3"/>
                <line number="56" hits="3"/>
                <line number="58" hits="3"/>
                <line number="59" hits="1"/>
                <line number="60" hits="1"/>
                <line number="61" hits="1"/>
                <line number="64" hits="2"/>
                <line number="65" hits="2"/>
                <line number="66" hits="2"/>
                <line number="67" hits="2"/>
                <line number="68" hits="2"/>
                <line number="69" hits="2"/>
                <line number="70" hits="2"/>
                <line number="72" hits="2"/>
                <line number="73" hits="2"/>
                <line number="75" hits="2"/>
                <line number="76" hits="2"/>
                <line number="77" hits="2"/>
                <line number="78" hits="2"/>
                <line number="79" hits="2"/>
                <line number="81" hits="2"/>
                <line number="83" hits="2"/>
                <line number="84" hits="1"/>
                <line number="85" hits="1"/>
                <line number="88" hits="2"/>
                <line number="89" hits="2"/>
                <line number="92" hits="2"/>
              </lines>
            </method>
            <method name="edit" signature="Playground\Directory\Models\Location $location, Playground\Directory\Resource\Http\Requests\Location\EditRequest $request" line-rate="1" branch-rate="0" complexity="3">
              <lines>
                <line number="105" hits="3"/>
                <line number="107" hits="3"/>
                <line number="109" hits="3"/>
                <line number="110" hits="1"/>
                <line number="111" hits="1"/>
                <line number="112" hits="1"/>
                <line number="115" hits="2"/>
                <line number="117" hits="2"/>
                <line number="118" hits="1"/>
                <line number="119" hits="1"/>
                <line number="122" hits="2"/>
                <line number="123" hits="2"/>
                <line number="124" hits="2"/>
                <line number="125" hits="2"/>
                <line number="126" hits="2"/>
                <line number="127" hits="2"/>
                <line number="128" hits="2"/>
                <line number="130" hits="2"/>
                <line number="131" hits="2"/>
                <line number="133" hits="2"/>
                <line number="134" hits="2"/>
                <line number="135" hits="2"/>
                <line number="136" hits="2"/>
                <line number="137" hits="2"/>
                <line number="139" hits="2"/>
                <line number="141" hits="2"/>
              </lines>
            </method>
            <method name="destroy" signature="Playground\Directory\Models\Location $location, Playground\Directory\Resource\Http\Requests\Location\DestroyRequest $request" line-rate="1" branch-rate="0" complexity="6">
              <lines>
                <line number="154" hits="7"/>
                <line number="156" hits="7"/>
                <line number="158" hits="7"/>
                <line number="159" hits="7"/>
                <line number="162" hits="7"/>
                <line number="163" hits="5"/>
                <line number="165" hits="2"/>
                <line number="168" hits="7"/>
                <line number="169" hits="4"/>
                <line number="172" hits="3"/>
                <line number="174" hits="3"/>
                <line number="175" hits="1"/>
                <line number="178" hits="2"/>
              </lines>
            </method>
            <method name="lock" signature="Playground\Directory\Models\Location $location, Playground\Directory\Resource\Http\Requests\Location\LockRequest $request" line-rate="1" branch-rate="0" complexity="5">
              <lines>
                <line number="191" hits="4"/>
                <line number="193" hits="4"/>
                <line number="195" hits="4"/>
                <line number="196" hits="4"/>
                <line number="199" hits="4"/>
                <line number="201" hits="4"/>
                <line number="203" hits="4"/>
                <line number="204" hits="4"/>
                <line number="205" hits="4"/>
                <line number="206" hits="4"/>
                <line number="207" hits="4"/>
                <line number="208" hits="4"/>
                <line number="210" hits="4"/>
                <line number="211" hits="2"/>
                <line number="212" hits="2"/>
                <line number="213" hits="2"/>
                <line number="216" hits="2"/>
                <line number="218" hits="2"/>
                <line number="219" hits="1"/>
                <line number="222" hits="1"/>
                <line number="223" hits="1"/>
                <line number="224" hits="1"/>
                <line number="225" hits="1"/>
              </lines>
            </method>
            <method name="index" signature="Playground\Directory\Resource\Http\Requests\Location\IndexRequest $request" line-rate="1" branch-rate="0" complexity="6">
              <lines>
                <line number="237" hits="4"/>
                <line number="239" hits="4"/>
                <line number="241" hits="4"/>
                <line number="243" hits="4"/>
                <line number="245" hits="4"/>
                <line number="247" hits="2"/>
                <line number="249" hits="2"/>
                <line number="250" hits="2"/>
                <line number="251" hits="2"/>
                <line number="252" hits="2"/>
                <line number="254" hits="2"/>
                <line number="255" hits="2"/>
                <line number="256" hits="2"/>
                <line number="257" hits="2"/>
                <line number="259" hits="2"/>
                <line number="260" hits="2"/>
                <line number="261" hits="2"/>
                <line number="262" hits="2"/>
                <line number="264" hits="2"/>
                <line number="265" hits="2"/>
                <line number="266" hits="2"/>
                <line number="267" hits="2"/>
                <line number="270" hits="4"/>
                <line number="271" hits="4"/>
                <line number="273" hits="4"/>
                <line number="275" hits="4"/>
                <line number="276" hits="2"/>
                <line number="279" hits="2"/>
                <line number="280" hits="2"/>
                <line number="281" hits="2"/>
                <line number="282" hits="2"/>
                <line number="283" hits="2"/>
                <line number="284" hits="2"/>
                <line number="285" hits="2"/>
                <line number="286" hits="2"/>
                <line number="287" hits="2"/>
                <line number="288" hits="2"/>
                <line number="289" hits="2"/>
                <line number="290" hits="2"/>
                <line number="292" hits="2"/>
                <line number="293" hits="2"/>
                <line number="294" hits="2"/>
                <line number="295" hits="2"/>
                <line number="297" hits="2"/>
              </lines>
            </method>
            <method name="restore" signature="Playground\Directory\Models\Location $location, Playground\Directory\Resource\Http\Requests\Location\RestoreRequest $request" line-rate="1" branch-rate="0" complexity="5">
              <lines>
                <line number="310" hits="4"/>
                <line number="312" hits="4"/>
                <line number="314" hits="4"/>
                <line number="315" hits="4"/>
                <line number="318" hits="4"/>
                <line number="320" hits="4"/>
                <line number="321" hits="2"/>
                <line number="322" hits="2"/>
                <line number="323" hits="2"/>
                <line number="326" hits="2"/>
                <line number="328" hits="2"/>
                <line number="329" hits="1"/>
                <line number="332" hits="1"/>
                <line number="333" hits="1"/>
                <line number="334" hits="1"/>
                <line number="335" hits="1"/>
              </lines>
            </method>
            <method name="restoreRevision" signature="Playground\Directory\Models\LocationRevision $location_revision, Playground\Directory\Resource\Http\Requests\Location\RestoreRevisionRequest $request" line-rate="1" branch-rate="0" complexity="5">
              <lines>
                <line number="347" hits="4"/>
                <line number="352" hits="4"/>
                <line number="353" hits="4"/>
                <line number="354" hits="4"/>
                <line number="355" hits="4"/>
                <line number="357" hits="4"/>
                <line number="359" hits="4"/>
                <line number="361" hits="4"/>
                <line number="362" hits="4"/>
                <line number="363" hits="4"/>
                <line number="364" hits="4"/>
                <line number="365" hits="4"/>
                <line number="368" hits="4"/>
                <line number="370" hits="4"/>
                <line number="371" hits="2"/>
                <line number="372" hits="2"/>
                <line number="373" hits="2"/>
                <line number="376" hits="2"/>
                <line number="378" hits="2"/>
                <line number="379" hits="1"/>
                <line number="382" hits="1"/>
                <line number="383" hits="1"/>
                <line number="384" hits="1"/>
                <line number="385" hits="1"/>
              </lines>
            </method>
            <method name="revision" signature="Playground\Directory\Models\LocationRevision $location_revision, Playground\Directory\Resource\Http\Requests\Location\ShowRevisionRequest $request" line-rate="1" branch-rate="0" complexity="2">
              <lines>
                <line number="398" hits="2"/>
                <line number="399" hits="1"/>
                <line number="400" hits="1"/>
                <line number="401" hits="1"/>
                <line number="404" hits="1"/>
                <line number="406" hits="1"/>
                <line number="408" hits="1"/>
                <line number="409" hits="1"/>
                <line number="410" hits="1"/>
                <line number="411" hits="1"/>
                <line number="412" hits="1"/>
                <line number="413" hits="1"/>
                <line number="414" hits="1"/>
                <line number="415" hits="1"/>
                <line number="417" hits="1"/>
                <line number="418" hits="1"/>
                <line number="419" hits="1"/>
                <line number="420" hits="1"/>
                <line number="422" hits="1"/>
              </lines>
            </method>
            <method name="revisions" signature="Playground\Directory\Models\Location $location, Playground\Directory\Resource\Http\Requests\Location\RevisionsRequest $request" line-rate="1" branch-rate="0" complexity="6">
              <lines>
                <line number="434" hits="4"/>
                <line number="436" hits="4"/>
                <line number="438" hits="4"/>
                <line number="440" hits="4"/>
                <line number="442" hits="4"/>
                <line number="443" hits="2"/>
                <line number="445" hits="2"/>
                <line number="446" hits="2"/>
                <line number="447" hits="2"/>
                <line number="448" hits="2"/>
                <line number="450" hits="2"/>
                <line number="451" hits="2"/>
                <line number="452" hits="2"/>
                <line number="453" hits="2"/>
                <line number="455" hits="2"/>
                <line number="456" hits="2"/>
                <line number="457" hits="2"/>
                <line number="458" hits="2"/>
                <line number="460" hits="2"/>
                <line number="461" hits="2"/>
                <line number="462" hits="2"/>
                <line number="463" hits="2"/>
                <line number="466" hits="4"/>
                <line number="467" hits="4"/>
                <line number="469" hits="4"/>
                <line number="471" hits="4"/>
                <line number="472" hits="2"/>
                <line number="473" hits="2"/>
                <line number="474" hits="2"/>
                <line number="477" hits="2"/>
                <line number="478" hits="2"/>
                <line number="479" hits="2"/>
                <line number="480" hits="2"/>
                <line number="481" hits="2"/>
                <line number="482" hits="2"/>
                <line number="483" hits="2"/>
                <line number="484" hits="2"/>
                <line number="485" hits="2"/>
                <line number="486" hits="2"/>
                <line number="487" hits="2"/>
                <line number="488" hits="2"/>
                <line number="490" hits="2"/>
                <line number="491" hits="2"/>
                <line number="492" hits="2"/>
                <line number="493" hits="2"/>
                <line number="495" hits="2"/>
              </lines>
            </method>
            <method name="saveRevision" signature="Playground\Directory\Models\Location $location" line-rate="1" branch-rate="0" complexity="4">
              <lines>
                <line number="503" hits="7"/>
                <line number="505" hits="7"/>
                <line number="506" hits="7"/>
                <line number="507" hits="7"/>
                <line number="508" hits="7"/>
                <line number="510" hits="7"/>
                <line number="511" hits="7"/>
                <line number="512" hits="7"/>
                <line number="514" hits="7"/>
                <line number="515" hits="7"/>
                <line number="517" hits="7"/>
                <line number="519" hits="7"/>
              </lines>
            </method>
            <method name="show" signature="Playground\Directory\Models\Location $location, Playground\Directory\Resource\Http\Requests\Location\ShowRequest $request" line-rate="1" branch-rate="0" complexity="2">
              <lines>
                <line number="532" hits="2"/>
                <line number="533" hits="1"/>
                <line number="534" hits="1"/>
                <line number="535" hits="1"/>
                <line number="538" hits="1"/>
                <line number="540" hits="1"/>
                <line number="542" hits="1"/>
                <line number="543" hits="1"/>
                <line number="544" hits="1"/>
                <line number="545" hits="1"/>
                <line number="546" hits="1"/>
                <line number="547" hits="1"/>
                <line number="548" hits="1"/>
                <line number="549" hits="1"/>
                <line number="551" hits="1"/>
                <line number="552" hits="1"/>
                <line number="553" hits="1"/>
                <line number="554" hits="1"/>
                <line number="556" hits="1"/>
              </lines>
            </method>
            <method name="store" signature="Playground\Directory\Resource\Http\Requests\Location\StoreRequest $request" line-rate="1" branch-rate="0" complexity="5">
              <lines>
                <line number="568" hits="3"/>
                <line number="570" hits="3"/>
                <line number="572" hits="3"/>
                <line number="574" hits="3"/>
                <line number="575" hits="3"/>
                <line number="578" hits="3"/>
                <line number="580" hits="3"/>
                <line number="581" hits="1"/>
                <line number="582" hits="1"/>
                <line number="583" hits="1"/>
                <line number="586" hits="2"/>
                <line number="588" hits="2"/>
                <line number="589" hits="1"/>
                <line number="592" hits="1"/>
                <line number="593" hits="1"/>
                <line number="594" hits="1"/>
                <line number="595" hits="1"/>
              </lines>
            </method>
            <method name="unlock" signature="Playground\Directory\Models\Location $location, Playground\Directory\Resource\Http\Requests\Location\UnlockRequest $request" line-rate="1" branch-rate="0" complexity="5">
              <lines>
                <line number="608" hits="4"/>
                <line number="610" hits="4"/>
                <line number="612" hits="4"/>
                <line number="614" hits="4"/>
                <line number="615" hits="4"/>
                <line number="618" hits="4"/>
                <line number="620" hits="4"/>
                <line number="621" hits="2"/>
                <line number="622" hits="2"/>
                <line number="623" hits="2"/>
                <line number="626" hits="2"/>
                <line number="628" hits="2"/>
                <line number="629" hits="1"/>
                <line number="632" hits="1"/>
                <line number="633" hits="1"/>
                <line number="634" hits="1"/>
                <line number="635" hits="1"/>
              </lines>
            </method>
            <method name="update" signature="Playground\Directory\Models\Location $location, Playground\Directory\Resource\Http\Requests\Location\UpdateRequest $request" line-rate="1" branch-rate="0" complexity="5">
              <lines>
                <line number="648" hits="3"/>
                <line number="650" hits="3"/>
                <line number="652" hits="3"/>
                <line number="654" hits="3"/>
                <line number="655" hits="3"/>
                <line number="658" hits="3"/>
                <line number="660" hits="3"/>
                <line number="661" hits="1"/>
                <line number="662" hits="1"/>
                <line number="663" hits="1"/>
                <line number="666" hits="2"/>
                <line number="668" hits="2"/>
                <line number="669" hits="1"/>
                <line number="672" hits="1"/>
                <line number="673" hits="1"/>
                <line number="674" hits="1"/>
                <line number="675" hits="1"/>
              </lines>
            </method>
          </methods>
          <lines>
            <line number="52" hits="3"/>
            <line number="54" hits="3"/>
            <line number="56" hits="3"/>
            <line number="58" hits="3"/>
            <line number="59" hits="1"/>
            <line number="60" hits="1"/>
            <line number="61" hits="1"/>
            <line number="64" hits="2"/>
            <line number="65" hits="2"/>
            <line number="66" hits="2"/>
            <line number="67" hits="2"/>
            <line number="68" hits="2"/>
            <line number="69" hits="2"/>
            <line number="70" hits="2"/>
            <line number="72" hits="2"/>
            <line number="73" hits="2"/>
            <line number="75" hits="2"/>
            <line number="76" hits="2"/>
            <line number="77" hits="2"/>
            <line number="78" hits="2"/>
            <line number="79" hits="2"/>
            <line number="81" hits="2"/>
            <line number="83" hits="2"/>
            <line number="84" hits="1"/>
            <line number="85" hits="1"/>
            <line number="88" hits="2"/>
            <line number="89" hits="2"/>
            <line number="92" hits="2"/>
            <line number="105" hits="3"/>
            <line number="107" hits="3"/>
            <line number="109" hits="3"/>
            <line number="110" hits="1"/>
            <line number="111" hits="1"/>
            <line number="112" hits="1"/>
            <line number="115" hits="2"/>
            <line number="117" hits="2"/>
            <line number="118" hits="1"/>
            <line number="119" hits="1"/>
            <line number="122" hits="2"/>
            <line number="123" hits="2"/>
            <line number="124" hits="2"/>
            <line number="125" hits="2"/>
            <line number="126" hits="2"/>
            <line number="127" hits="2"/>
            <line number="128" hits="2"/>
            <line number="130" hits="2"/>
            <line number="131" hits="2"/>
            <line number="133" hits="2"/>
            <line number="134" hits="2"/>
            <line number="135" hits="2"/>
            <line number="136" hits="2"/>
            <line number="137" hits="2"/>
            <line number="139" hits="2"/>
            <line number="141" hits="2"/>
            <line number="154" hits="7"/>
            <line number="156" hits="7"/>
            <line number="158" hits="7"/>
            <line number="159" hits="7"/>
            <line number="162" hits="7"/>
            <line number="163" hits="5"/>
            <line number="165" hits="2"/>
            <line number="168" hits="7"/>
            <line number="169" hits="4"/>
            <line number="172" hits="3"/>
            <line number="174" hits="3"/>
            <line number="175" hits="1"/>
            <line number="178" hits="2"/>
            <line number="191" hits="4"/>
            <line number="193" hits="4"/>
            <line number="195" hits="4"/>
            <line number="196" hits="4"/>
            <line number="199" hits="4"/>
            <line number="201" hits="4"/>
            <line number="203" hits="4"/>
            <line number="204" hits="4"/>
            <line number="205" hits="4"/>
            <line number="206" hits="4"/>
            <line number="207" hits="4"/>
            <line number="208" hits="4"/>
            <line number="210" hits="4"/>
            <line number="211" hits="2"/>
            <line number="212" hits="2"/>
            <line number="213" hits="2"/>
            <line number="216" hits="2"/>
            <line number="218" hits="2"/>
            <line number="219" hits="1"/>
            <line number="222" hits="1"/>
            <line number="223" hits="1"/>
            <line number="224" hits="1"/>
            <line number="225" hits="1"/>
            <line number="237" hits="4"/>
            <line number="239" hits="4"/>
            <line number="241" hits="4"/>
            <line number="243" hits="4"/>
            <line number="245" hits="4"/>
            <line number="247" hits="2"/>
            <line number="249" hits="2"/>
            <line number="250" hits="2"/>
            <line number="251" hits="2"/>
            <line number="252" hits="2"/>
            <line number="254" hits="2"/>
            <line number="255" hits="2"/>
            <line number="256" hits="2"/>
            <line number="257" hits="2"/>
            <line number="259" hits="2"/>
            <line number="260" hits="2"/>
            <line number="261" hits="2"/>
            <line number="262" hits="2"/>
            <line number="264" hits="2"/>
            <line number="265" hits="2"/>
            <line number="266" hits="2"/>
            <line number="267" hits="2"/>
            <line number="270" hits="4"/>
            <line number="271" hits="4"/>
            <line number="273" hits="4"/>
            <line number="275" hits="4"/>
            <line number="276" hits="2"/>
            <line number="279" hits="2"/>
            <line number="280" hits="2"/>
            <line number="281" hits="2"/>
            <line number="282" hits="2"/>
            <line number="283" hits="2"/>
            <line number="284" hits="2"/>
            <line number="285" hits="2"/>
            <line number="286" hits="2"/>
            <line number="287" hits="2"/>
            <line number="288" hits="2"/>
            <line number="289" hits="2"/>
            <line number="290" hits="2"/>
            <line number="292" hits="2"/>
            <line number="293" hits="2"/>
            <line number="294" hits="2"/>
            <line number="295" hits="2"/>
            <line number="297" hits="2"/>
            <line number="310" hits="4"/>
            <line number="312" hits="4"/>
            <line number="314" hits="4"/>
            <line number="315" hits="4"/>
            <line number="318" hits="4"/>
            <line number="320" hits="4"/>
            <line number="321" hits="2"/>
            <line number="322" hits="2"/>
            <line number="323" hits="2"/>
            <line number="326" hits="2"/>
            <line number="328" hits="2"/>
            <line number="329" hits="1"/>
            <line number="332" hits="1"/>
            <line number="333" hits="1"/>
            <line number="334" hits="1"/>
            <line number="335" hits="1"/>
            <line number="347" hits="4"/>
            <line number="352" hits="4"/>
            <line number="353" hits="4"/>
            <line number="354" hits="4"/>
            <line number="355" hits="4"/>
            <line number="357" hits="4"/>
            <line number="359" hits="4"/>
            <line number="361" hits="4"/>
            <line number="362" hits="4"/>
            <line number="363" hits="4"/>
            <line number="364" hits="4"/>
            <line number="365" hits="4"/>
            <line number="368" hits="4"/>
            <line number="370" hits="4"/>
            <line number="371" hits="2"/>
            <line number="372" hits="2"/>
            <line number="373" hits="2"/>
            <line number="376" hits="2"/>
            <line number="378" hits="2"/>
            <line number="379" hits="1"/>
            <line number="382" hits="1"/>
            <line number="383" hits="1"/>
            <line number="384" hits="1"/>
            <line number="385" hits="1"/>
            <line number="398" hits="2"/>
            <line number="399" hits="1"/>
            <line number="400" hits="1"/>
            <line number="401" hits="1"/>
            <line number="404" hits="1"/>
            <line number="406" hits="1"/>
            <line number="408" hits="1"/>
            <line number="409" hits="1"/>
            <line number="410" hits="1"/>
            <line number="411" hits="1"/>
            <line number="412" hits="1"/>
            <line number="413" hits="1"/>
            <line number="414" hits="1"/>
            <line number="415" hits="1"/>
            <line number="417" hits="1"/>
            <line number="418" hits="1"/>
            <line number="419" hits="1"/>
            <line number="420" hits="1"/>
            <line number="422" hits="1"/>
            <line number="434" hits="4"/>
            <line number="436" hits="4"/>
            <line number="438" hits="4"/>
            <line number="440" hits="4"/>
            <line number="442" hits="4"/>
            <line number="443" hits="2"/>
            <line number="445" hits="2"/>
            <line number="446" hits="2"/>
            <line number="447" hits="2"/>
            <line number="448" hits="2"/>
            <line number="450" hits="2"/>
            <line number="451" hits="2"/>
            <line number="452" hits="2"/>
            <line number="453" hits="2"/>
            <line number="455" hits="2"/>
            <line number="456" hits="2"/>
            <line number="457" hits="2"/>
            <line number="458" hits="2"/>
            <line number="460" hits="2"/>
            <line number="461" hits="2"/>
            <line number="462" hits="2"/>
            <line number="463" hits="2"/>
            <line number="466" hits="4"/>
            <line number="467" hits="4"/>
            <line number="469" hits="4"/>
            <line number="471" hits="4"/>
            <line number="472" hits="2"/>
            <line number="473" hits="2"/>
            <line number="474" hits="2"/>
            <line number="477" hits="2"/>
            <line number="478" hits="2"/>
            <line number="479" hits="2"/>
            <line number="480" hits="2"/>
            <line number="481" hits="2"/>
            <line number="482" hits="2"/>
            <line number="483" hits="2"/>
            <line number="484" hits="2"/>
            <line number="485" hits="2"/>
            <line number="486" hits="2"/>
            <line number="487" hits="2"/>
            <line number="488" hits="2"/>
            <line number="490" hits="2"/>
            <line number="491" hits="2"/>
            <line number="492" hits="2"/>
            <line number="493" hits="2"/>
            <line number="495" hits="2"/>
            <line number="503" hits="7"/>
            <line number="505" hits="7"/>
            <line number="506" hits="7"/>
            <line number="507" hits="7"/>
            <line number="508" hits="7"/>
            <line number="510" hits="7"/>
            <line number="511" hits="7"/>
            <line number="512" hits="7"/>
            <line number="514" hits="7"/>
            <line number="515" hits="7"/>
            <line number="517" hits="7"/>
            <line number="519" hits="7"/>
            <line number="532" hits="2"/>
            <line number="533" hits="1"/>
            <line number="534" hits="1"/>
            <line number="535" hits="1"/>
            <line number="538" hits="1"/>
            <line number="540" hits="1"/>
            <line number="542" hits="1"/>
            <line number="543" hits="1"/>
            <line number="544" hits="1"/>
            <line number="545" hits="1"/>
            <line number="546" hits="1"/>
            <line number="547" hits="1"/>
            <line number="548" hits="1"/>
            <line number="549" hits="1"/>
            <line number="551" hits="1"/>
            <line number="552" hits="1"/>
            <line number="553" hits="1"/>
            <line number="554" hits="1"/>
            <line number="556" hits="1"/>
            <line number="568" hits="3"/>
            <line number="570" hits="3"/>
            <line number="572" hits="3"/>
            <line number="574" hits="3"/>
            <line number="575" hits="3"/>
            <line number="578" hits="3"/>
            <line number="580" hits="3"/>
            <line number="581" hits="1"/>
            <line number="582" hits="1"/>
            <line number="583" hits="1"/>
            <line number="586" hits="2"/>
            <line number="588" hits="2"/>
            <line number="589" hits="1"/>
            <line number="592" hits="1"/>
            <line number="593" hits="1"/>
            <line number="594" hits="1"/>
            <line number="595" hits="1"/>
            <line number="608" hits="4"/>
            <line number="610" hits="4"/>
            <line number="612" hits="4"/>
            <line number="614" hits="4"/>
            <line number="615" hits="4"/>
            <line number="618" hits="4"/>
            <line number="620" hits="4"/>
            <line number="621" hits="2"/>
            <line number="622" hits="2"/>
            <line number="623" hits="2"/>
            <line number="626" hits="2"/>
            <line number="628" hits="2"/>
            <line number="629" hits="1"/>
            <line number="632" hits="1"/>
            <line number="633" hits="1"/>
            <line number="634" hits="1"/>
            <line number="635" hits="1"/>
            <line number="648" hits="3"/>
            <line number="650" hits="3"/>
            <line number="652" hits="3"/>
            <line number="654" hits="3"/>
            <line number="655" hits="3"/>
            <line number="658" hits="3"/>
            <line number="660" hits="3"/>
            <line number="661" hits="1"/>
            <line number="662" hits="1"/>
            <line number="663" hits="1"/>
            <line number="666" hits="2"/>
            <line number="668" hits="2"/>
            <line number="669" hits="1"/>
            <line number="672" hits="1"/>
            <line number="673" hits="1"/>
            <line number="674" hits="1"/>
            <line number="675" hits="1"/>
          </lines>
        </class>
      </classes>
    </package>
    <package name="Http/Controllers/SublocationController.php" line-rate="1" branch-rate="0" complexity="63">
      <classes>
        <class name="Playground\Directory\Resource\Http\Controllers\SublocationController" filename="Http/Controllers/SublocationController.php" line-rate="1" branch-rate="0" complexity="63">
          <methods>
            <method name="create" signature="Playground\Directory\Resource\Http\Requests\Sublocation\CreateRequest $request" line-rate="1" branch-rate="0" complexity="4">
              <lines>
                <line number="52" hits="3"/>
                <line number="54" hits="3"/>
                <line number="56" hits="3"/>
                <line number="58" hits="3"/>
                <line number="59" hits="1"/>
                <line number="60" hits="1"/>
                <line number="61" hits="1"/>
                <line number="64" hits="2"/>
                <line number="65" hits="2"/>
                <line number="66" hits="2"/>
                <line number="67" hits="2"/>
                <line number="68" hits="2"/>
                <line number="69" hits="2"/>
                <line number="70" hits="2"/>
                <line number="72" hits="2"/>
                <line number="73" hits="2"/>
                <line number="75" hits="2"/>
                <line number="76" hits="2"/>
                <line number="77" hits="2"/>
                <line number="78" hits="2"/>
                <line number="79" hits="2"/>
                <line number="81" hits="2"/>
                <line number="83" hits="2"/>
                <line number="84" hits="1"/>
                <line number="85" hits="1"/>
                <line number="88" hits="2"/>
                <line number="89" hits="2"/>
                <line number="92" hits="2"/>
              </lines>
            </method>
            <method name="edit" signature="Playground\Directory\Models\Sublocation $sublocation, Playground\Directory\Resource\Http\Requests\Sublocation\EditRequest $request" line-rate="1" branch-rate="0" complexity="3">
              <lines>
                <line number="105" hits="3"/>
                <line number="107" hits="3"/>
                <line number="109" hits="3"/>
                <line number="110" hits="1"/>
                <line number="111" hits="1"/>
                <line number="112" hits="1"/>
                <line number="115" hits="2"/>
                <line number="117" hits="2"/>
                <line number="118" hits="1"/>
                <line number="119" hits="1"/>
                <line number="122" hits="2"/>
                <line number="123" hits="2"/>
                <line number="124" hits="2"/>
                <line number="125" hits="2"/>
                <line number="126" hits="2"/>
                <line number="127" hits="2"/>
                <line number="128" hits="2"/>
                <line number="130" hits="2"/>
                <line number="131" hits="2"/>
                <line number="133" hits="2"/>
                <line number="134" hits="2"/>
                <line number="135" hits="2"/>
                <line number="136" hits="2"/>
                <line number="137" hits="2"/>
                <line number="139" hits="2"/>
                <line number="141" hits="2"/>
              </lines>
            </method>
            <method name="destroy" signature="Playground\Directory\Models\Sublocation $sublocation, Playground\Directory\Resource\Http\Requests\Sublocation\DestroyRequest $request" line-rate="1" branch-rate="0" complexity="6">
              <lines>
                <line number="154" hits="7"/>
                <line number="156" hits="7"/>
                <line number="158" hits="7"/>
                <line number="159" hits="7"/>
                <line number="162" hits="7"/>
                <line number="163" hits="5"/>
                <line number="165" hits="2"/>
                <line number="168" hits="7"/>
                <line number="169" hits="4"/>
                <line number="172" hits="3"/>
                <line number="174" hits="3"/>
                <line number="175" hits="1"/>
                <line number="178" hits="2"/>
              </lines>
            </method>
            <method name="lock" signature="Playground\Directory\Models\Sublocation $sublocation, Playground\Directory\Resource\Http\Requests\Sublocation\LockRequest $request" line-rate="1" branch-rate="0" complexity="5">
              <lines>
                <line number="191" hits="4"/>
                <line number="193" hits="4"/>
                <line number="195" hits="4"/>
                <line number="196" hits="4"/>
                <line number="199" hits="4"/>
                <line number="201" hits="4"/>
                <line number="203" hits="4"/>
                <line number="204" hits="4"/>
                <line number="205" hits="4"/>
                <line number="206" hits="4"/>
                <line number="207" hits="4"/>
                <line number="208" hits="4"/>
                <line number="210" hits="4"/>
                <line number="211" hits="2"/>
                <line number="212" hits="2"/>
                <line number="213" hits="2"/>
                <line number="216" hits="2"/>
                <line number="218" hits="2"/>
                <line number="219" hits="1"/>
                <line number="222" hits="1"/>
                <line number="223" hits="1"/>
                <line number="224" hits="1"/>
                <line number="225" hits="1"/>
              </lines>
            </method>
            <method name="index" signature="Playground\Directory\Resource\Http\Requests\Sublocation\IndexRequest $request" line-rate="1" branch-rate="0" complexity="6">
              <lines>
                <line number="237" hits="4"/>
                <line number="239" hits="4"/>
                <line number="241" hits="4"/>
                <line number="243" hits="4"/>
                <line number="245" hits="4"/>
                <line number="247" hits="2"/>
                <line number="249" hits="2"/>
                <line number="250" hits="2"/>
                <line number="251" hits="2"/>
                <line number="252" hits="2"/>
                <line number="254" hits="2"/>
                <line number="255" hits="2"/>
                <line number="256" hits="2"/>
                <line number="257" hits="2"/>
                <line number="259" hits="2"/>
                <line number="260" hits="2"/>
                <line number="261" hits="2"/>
                <line number="262" hits="2"/>
                <line number="264" hits="2"/>
                <line number="265" hits="2"/>
                <line number="266" hits="2"/>
                <line number="267" hits="2"/>
                <line number="270" hits="4"/>
                <line number="271" hits="4"/>
                <line number="273" hits="4"/>
                <line number="275" hits="4"/>
                <line number="276" hits="2"/>
                <line number="279" hits="2"/>
                <line number="280" hits="2"/>
                <line number="281" hits="2"/>
                <line number="282" hits="2"/>
                <line number="283" hits="2"/>
                <line number="284" hits="2"/>
                <line number="285" hits="2"/>
                <line number="286" hits="2"/>
                <line number="287" hits="2"/>
                <line number="288" hits="2"/>
                <line number="289" hits="2"/>
                <line number="290" hits="2"/>
                <line number="292" hits="2"/>
                <line number="293" hits="2"/>
                <line number="294" hits="2"/>
                <line number="295" hits="2"/>
                <line number="297" hits="2"/>
              </lines>
            </method>
            <method name="restore" signature="Playground\Directory\Models\Sublocation $sublocation, Playground\Directory\Resource\Http\Requests\Sublocation\RestoreRequest $request" line-rate="1" branch-rate="0" complexity="5">
              <lines>
                <line number="310" hits="4"/>
                <line number="312" hits="4"/>
                <line number="314" hits="4"/>
                <line number="315" hits="4"/>
                <line number="318" hits="4"/>
                <line number="320" hits="4"/>
                <line number="321" hits="2"/>
                <line number="322" hits="2"/>
                <line number="323" hits="2"/>
                <line number="326" hits="2"/>
                <line number="328" hits="2"/>
                <line number="329" hits="1"/>
                <line number="332" hits="1"/>
                <line number="333" hits="1"/>
                <line number="334" hits="1"/>
                <line number="335" hits="1"/>
              </lines>
            </method>
            <method name="restoreRevision" signature="Playground\Directory\Models\SublocationRevision $sublocation_revision, Playground\Directory\Resource\Http\Requests\Sublocation\RestoreRevisionRequest $request" line-rate="1" branch-rate="0" complexity="5">
              <lines>
                <line number="347" hits="4"/>
                <line number="352" hits="4"/>
                <line number="353" hits="4"/>
                <line number="354" hits="4"/>
                <line number="355" hits="4"/>
                <line number="357" hits="4"/>
                <line number="359" hits="4"/>
                <line number="361" hits="4"/>
                <line number="362" hits="4"/>
                <line number="363" hits="4"/>
                <line number="364" hits="4"/>
                <line number="365" hits="4"/>
                <line number="368" hits="4"/>
                <line number="370" hits="4"/>
                <line number="371" hits="2"/>
                <line number="372" hits="2"/>
                <line number="373" hits="2"/>
                <line number="376" hits="2"/>
                <line number="378" hits="2"/>
                <line number="379" hits="1"/>
                <line number="382" hits="1"/>
                <line number="383" hits="1"/>
                <line number="384" hits="1"/>
                <line number="385" hits="1"/>
              </lines>
            </method>
            <method name="revision" signature="Playground\Directory\Models\SublocationRevision $sublocation_revision, Playground\Directory\Resource\Http\Requests\Sublocation\ShowRevisionRequest $request" line-rate="1" branch-rate="0" complexity="2">
              <lines>
                <line number="398" hits="2"/>
                <line number="399" hits="1"/>
                <line number="400" hits="1"/>
                <line number="401" hits="1"/>
                <line number="404" hits="1"/>
                <line number="406" hits="1"/>
                <line number="408" hits="1"/>
                <line number="409" hits="1"/>
                <line number="410" hits="1"/>
                <line number="411" hits="1"/>
                <line number="412" hits="1"/>
                <line number="413" hits="1"/>
                <line number="414" hits="1"/>
                <line number="415" hits="1"/>
                <line number="417" hits="1"/>
                <line number="418" hits="1"/>
                <line number="419" hits="1"/>
                <line number="420" hits="1"/>
                <line number="422" hits="1"/>
              </lines>
            </method>
            <method name="revisions" signature="Playground\Directory\Models\Sublocation $sublocation, Playground\Directory\Resource\Http\Requests\Sublocation\RevisionsRequest $request" line-rate="1" branch-rate="0" complexity="6">
              <lines>
                <line number="434" hits="4"/>
                <line number="436" hits="4"/>
                <line number="438" hits="4"/>
                <line number="440" hits="4"/>
                <line number="442" hits="4"/>
                <line number="443" hits="2"/>
                <line number="445" hits="2"/>
                <line number="446" hits="2"/>
                <line number="447" hits="2"/>
                <line number="448" hits="2"/>
                <line number="450" hits="2"/>
                <line number="451" hits="2"/>
                <line number="452" hits="2"/>
                <line number="453" hits="2"/>
                <line number="455" hits="2"/>
                <line number="456" hits="2"/>
                <line number="457" hits="2"/>
                <line number="458" hits="2"/>
                <line number="460" hits="2"/>
                <line number="461" hits="2"/>
                <line number="462" hits="2"/>
                <line number="463" hits="2"/>
                <line number="466" hits="4"/>
                <line number="467" hits="4"/>
                <line number="469" hits="4"/>
                <line number="471" hits="4"/>
                <line number="472" hits="2"/>
                <line number="473" hits="2"/>
                <line number="474" hits="2"/>
                <line number="477" hits="2"/>
                <line number="478" hits="2"/>
                <line number="479" hits="2"/>
                <line number="480" hits="2"/>
                <line number="481" hits="2"/>
                <line number="482" hits="2"/>
                <line number="483" hits="2"/>
                <line number="484" hits="2"/>
                <line number="485" hits="2"/>
                <line number="486" hits="2"/>
                <line number="487" hits="2"/>
                <line number="488" hits="2"/>
                <line number="490" hits="2"/>
                <line number="491" hits="2"/>
                <line number="492" hits="2"/>
                <line number="493" hits="2"/>
                <line number="495" hits="2"/>
              </lines>
            </method>
            <method name="saveRevision" signature="Playground\Directory\Models\Sublocation $sublocation" line-rate="1" branch-rate="0" complexity="4">
              <lines>
                <line number="503" hits="7"/>
                <line number="505" hits="7"/>
                <line number="506" hits="7"/>
                <line number="507" hits="7"/>
                <line number="508" hits="7"/>
                <line number="510" hits="7"/>
                <line number="511" hits="7"/>
                <line number="512" hits="7"/>
                <line number="514" hits="7"/>
                <line number="515" hits="7"/>
                <line number="517" hits="7"/>
                <line number="519" hits="7"/>
              </lines>
            </method>
            <method name="show" signature="Playground\Directory\Models\Sublocation $sublocation, Playground\Directory\Resource\Http\Requests\Sublocation\ShowRequest $request" line-rate="1" branch-rate="0" complexity="2">
              <lines>
                <line number="532" hits="2"/>
                <line number="533" hits="1"/>
                <line number="534" hits="1"/>
                <line number="535" hits="1"/>
                <line number="538" hits="1"/>
                <line number="540" hits="1"/>
                <line number="542" hits="1"/>
                <line number="543" hits="1"/>
                <line number="544" hits="1"/>
                <line number="545" hits="1"/>
                <line number="546" hits="1"/>
                <line number="547" hits="1"/>
                <line number="548" hits="1"/>
                <line number="549" hits="1"/>
                <line number="551" hits="1"/>
                <line number="552" hits="1"/>
                <line number="553" hits="1"/>
                <line number="554" hits="1"/>
                <line number="556" hits="1"/>
              </lines>
            </method>
            <method name="store" signature="Playground\Directory\Resource\Http\Requests\Sublocation\StoreRequest $request" line-rate="1" branch-rate="0" complexity="5">
              <lines>
                <line number="568" hits="3"/>
                <line number="570" hits="3"/>
                <line number="572" hits="3"/>
                <line number="574" hits="3"/>
                <line number="575" hits="3"/>
                <line number="578" hits="3"/>
                <line number="580" hits="3"/>
                <line number="581" hits="1"/>
                <line number="582" hits="1"/>
                <line number="583" hits="1"/>
                <line number="586" hits="2"/>
                <line number="588" hits="2"/>
                <line number="589" hits="1"/>
                <line number="592" hits="1"/>
                <line number="593" hits="1"/>
                <line number="594" hits="1"/>
                <line number="595" hits="1"/>
              </lines>
            </method>
            <method name="unlock" signature="Playground\Directory\Models\Sublocation $sublocation, Playground\Directory\Resource\Http\Requests\Sublocation\UnlockRequest $request" line-rate="1" branch-rate="0" complexity="5">
              <lines>
                <line number="608" hits="4"/>
                <line number="610" hits="4"/>
                <line number="612" hits="4"/>
                <line number="614" hits="4"/>
                <line number="615" hits="4"/>
                <line number="618" hits="4"/>
                <line number="620" hits="4"/>
                <line number="621" hits="2"/>
                <line number="622" hits="2"/>
                <line number="623" hits="2"/>
                <line number="626" hits="2"/>
                <line number="628" hits="2"/>
                <line number="629" hits="1"/>
                <line number="632" hits="1"/>
                <line number="633" hits="1"/>
                <line number="634" hits="1"/>
                <line number="635" hits="1"/>
              </lines>
            </method>
            <method name="update" signature="Playground\Directory\Models\Sublocation $sublocation, Playground\Directory\Resource\Http\Requests\Sublocation\UpdateRequest $request" line-rate="1" branch-rate="0" complexity="5">
              <lines>
                <line number="648" hits="3"/>
                <line number="650" hits="3"/>
                <line number="652" hits="3"/>
                <line number="654" hits="3"/>
                <line number="655" hits="3"/>
                <line number="658" hits="3"/>
                <line number="660" hits="3"/>
                <line number="661" hits="1"/>
                <line number="662" hits="1"/>
                <line number="663" hits="1"/>
                <line number="666" hits="2"/>
                <line number="668" hits="2"/>
                <line number="669" hits="1"/>
                <line number="672" hits="1"/>
                <line number="673" hits="1"/>
                <line number="674" hits="1"/>
                <line number="675" hits="1"/>
              </lines>
            </method>
          </methods>
          <lines>
            <line number="52" hits="3"/>
            <line number="54" hits="3"/>
            <line number="56" hits="3"/>
            <line number="58" hits="3"/>
            <line number="59" hits="1"/>
            <line number="60" hits="1"/>
            <line number="61" hits="1"/>
            <line number="64" hits="2"/>
            <line number="65" hits="2"/>
            <line number="66" hits="2"/>
            <line number="67" hits="2"/>
            <line number="68" hits="2"/>
            <line number="69" hits="2"/>
            <line number="70" hits="2"/>
            <line number="72" hits="2"/>
            <line number="73" hits="2"/>
            <line number="75" hits="2"/>
            <line number="76" hits="2"/>
            <line number="77" hits="2"/>
            <line number="78" hits="2"/>
            <line number="79" hits="2"/>
            <line number="81" hits="2"/>
            <line number="83" hits="2"/>
            <line number="84" hits="1"/>
            <line number="85" hits="1"/>
            <line number="88" hits="2"/>
            <line number="89" hits="2"/>
            <line number="92" hits="2"/>
            <line number="105" hits="3"/>
            <line number="107" hits="3"/>
            <line number="109" hits="3"/>
            <line number="110" hits="1"/>
            <line number="111" hits="1"/>
            <line number="112" hits="1"/>
            <line number="115" hits="2"/>
            <line number="117" hits="2"/>
            <line number="118" hits="1"/>
            <line number="119" hits="1"/>
            <line number="122" hits="2"/>
            <line number="123" hits="2"/>
            <line number="124" hits="2"/>
            <line number="125" hits="2"/>
            <line number="126" hits="2"/>
            <line number="127" hits="2"/>
            <line number="128" hits="2"/>
            <line number="130" hits="2"/>
            <line number="131" hits="2"/>
            <line number="133" hits="2"/>
            <line number="134" hits="2"/>
            <line number="135" hits="2"/>
            <line number="136" hits="2"/>
            <line number="137" hits="2"/>
            <line number="139" hits="2"/>
            <line number="141" hits="2"/>
            <line number="154" hits="7"/>
            <line number="156" hits="7"/>
            <line number="158" hits="7"/>
            <line number="159" hits="7"/>
            <line number="162" hits="7"/>
            <line number="163" hits="5"/>
            <line number="165" hits="2"/>
            <line number="168" hits="7"/>
            <line number="169" hits="4"/>
            <line number="172" hits="3"/>
            <line number="174" hits="3"/>
            <line number="175" hits="1"/>
            <line number="178" hits="2"/>
            <line number="191" hits="4"/>
            <line number="193" hits="4"/>
            <line number="195" hits="4"/>
            <line number="196" hits="4"/>
            <line number="199" hits="4"/>
            <line number="201" hits="4"/>
            <line number="203" hits="4"/>
            <line number="204" hits="4"/>
            <line number="205" hits="4"/>
            <line number="206" hits="4"/>
            <line number="207" hits="4"/>
            <line number="208" hits="4"/>
            <line number="210" hits="4"/>
            <line number="211" hits="2"/>
            <line number="212" hits="2"/>
            <line number="213" hits="2"/>
            <line number="216" hits="2"/>
            <line number="218" hits="2"/>
            <line number="219" hits="1"/>
            <line number="222" hits="1"/>
            <line number="223" hits="1"/>
            <line number="224" hits="1"/>
            <line number="225" hits="1"/>
            <line number="237" hits="4"/>
            <line number="239" hits="4"/>
            <line number="241" hits="4"/>
            <line number="243" hits="4"/>
            <line number="245" hits="4"/>
            <line number="247" hits="2"/>
            <line number="249" hits="2"/>
            <line number="250" hits="2"/>
            <line number="251" hits="2"/>
            <line number="252" hits="2"/>
            <line number="254" hits="2"/>
            <line number="255" hits="2"/>
            <line number="256" hits="2"/>
            <line number="257" hits="2"/>
            <line number="259" hits="2"/>
            <line number="260" hits="2"/>
            <line number="261" hits="2"/>
            <line number="262" hits="2"/>
            <line number="264" hits="2"/>
            <line number="265" hits="2"/>
            <line number="266" hits="2"/>
            <line number="267" hits="2"/>
            <line number="270" hits="4"/>
            <line number="271" hits="4"/>
            <line number="273" hits="4"/>
            <line number="275" hits="4"/>
            <line number="276" hits="2"/>
            <line number="279" hits="2"/>
            <line number="280" hits="2"/>
            <line number="281" hits="2"/>
            <line number="282" hits="2"/>
            <line number="283" hits="2"/>
            <line number="284" hits="2"/>
            <line number="285" hits="2"/>
            <line number="286" hits="2"/>
            <line number="287" hits="2"/>
            <line number="288" hits="2"/>
            <line number="289" hits="2"/>
            <line number="290" hits="2"/>
            <line number="292" hits="2"/>
            <line number="293" hits="2"/>
            <line number="294" hits="2"/>
            <line number="295" hits="2"/>
            <line number="297" hits="2"/>
            <line number="310" hits="4"/>
            <line number="312" hits="4"/>
            <line number="314" hits="4"/>
            <line number="315" hits="4"/>
            <line number="318" hits="4"/>
            <line number="320" hits="4"/>
            <line number="321" hits="2"/>
            <line number="322" hits="2"/>
            <line number="323" hits="2"/>
            <line number="326" hits="2"/>
            <line number="328" hits="2"/>
            <line number="329" hits="1"/>
            <line number="332" hits="1"/>
            <line number="333" hits="1"/>
            <line number="334" hits="1"/>
            <line number="335" hits="1"/>
            <line number="347" hits="4"/>
            <line number="352" hits="4"/>
            <line number="353" hits="4"/>
            <line number="354" hits="4"/>
            <line number="355" hits="4"/>
            <line number="357" hits="4"/>
            <line number="359" hits="4"/>
            <line number="361" hits="4"/>
            <line number="362" hits="4"/>
            <line number="363" hits="4"/>
            <line number="364" hits="4"/>
            <line number="365" hits="4"/>
            <line number="368" hits="4"/>
            <line number="370" hits="4"/>
            <line number="371" hits="2"/>
            <line number="372" hits="2"/>
            <line number="373" hits="2"/>
            <line number="376" hits="2"/>
            <line number="378" hits="2"/>
            <line number="379" hits="1"/>
            <line number="382" hits="1"/>
            <line number="383" hits="1"/>
            <line number="384" hits="1"/>
            <line number="385" hits="1"/>
            <line number="398" hits="2"/>
            <line number="399" hits="1"/>
            <line number="400" hits="1"/>
            <line number="401" hits="1"/>
            <line number="404" hits="1"/>
            <line number="406" hits="1"/>
            <line number="408" hits="1"/>
            <line number="409" hits="1"/>
            <line number="410" hits="1"/>
            <line number="411" hits="1"/>
            <line number="412" hits="1"/>
            <line number="413" hits="1"/>
            <line number="414" hits="1"/>
            <line number="415" hits="1"/>
            <line number="417" hits="1"/>
            <line number="418" hits="1"/>
            <line number="419" hits="1"/>
            <line number="420" hits="1"/>
            <line number="422" hits="1"/>
            <line number="434" hits="4"/>
            <line number="436" hits="4"/>
            <line number="438" hits="4"/>
            <line number="440" hits="4"/>
            <line number="442" hits="4"/>
            <line number="443" hits="2"/>
            <line number="445" hits="2"/>
            <line number="446" hits="2"/>
            <line number="447" hits="2"/>
            <line number="448" hits="2"/>
            <line number="450" hits="2"/>
            <line number="451" hits="2"/>
            <line number="452" hits="2"/>
            <line number="453" hits="2"/>
            <line number="455" hits="2"/>
            <line number="456" hits="2"/>
            <line number="457" hits="2"/>
            <line number="458" hits="2"/>
            <line number="460" hits="2"/>
            <line number="461" hits="2"/>
            <line number="462" hits="2"/>
            <line number="463" hits="2"/>
            <line number="466" hits="4"/>
            <line number="467" hits="4"/>
            <line number="469" hits="4"/>
            <line number="471" hits="4"/>
            <line number="472" hits="2"/>
            <line number="473" hits="2"/>
            <line number="474" hits="2"/>
            <line number="477" hits="2"/>
            <line number="478" hits="2"/>
            <line number="479" hits="2"/>
            <line number="480" hits="2"/>
            <line number="481" hits="2"/>
            <line number="482" hits="2"/>
            <line number="483" hits="2"/>
            <line number="484" hits="2"/>
            <line number="485" hits="2"/>
            <line number="486" hits="2"/>
            <line number="487" hits="2"/>
            <line number="488" hits="2"/>
            <line number="490" hits="2"/>
            <line number="491" hits="2"/>
            <line number="492" hits="2"/>
            <line number="493" hits="2"/>
            <line number="495" hits="2"/>
            <line number="503" hits="7"/>
            <line number="505" hits="7"/>
            <line number="506" hits="7"/>
            <line number="507" hits="7"/>
            <line number="508" hits="7"/>
            <line number="510" hits="7"/>
            <line number="511" hits="7"/>
            <line number="512" hits="7"/>
            <line number="514" hits="7"/>
            <line number="515" hits="7"/>
            <line number="517" hits="7"/>
            <line number="519" hits="7"/>
            <line number="532" hits="2"/>
            <line number="533" hits="1"/>
            <line number="534" hits="1"/>
            <line number="535" hits="1"/>
            <line number="538" hits="1"/>
            <line number="540" hits="1"/>
            <line number="542" hits="1"/>
            <line number="543" hits="1"/>
            <line number="544" hits="1"/>
            <line number="545" hits="1"/>
            <line number="546" hits="1"/>
            <line number="547" hits="1"/>
            <line number="548" hits="1"/>
            <line number="549" hits="1"/>
            <line number="551" hits="1"/>
            <line number="552" hits="1"/>
            <line number="553" hits="1"/>
            <line number="554" hits="1"/>
            <line number="556" hits="1"/>
            <line number="568" hits="3"/>
            <line number="570" hits="3"/>
            <line number="572" hits="3"/>
            <line number="574" hits="3"/>
            <line number="575" hits="3"/>
            <line number="578" hits="3"/>
            <line number="580" hits="3"/>
            <line number="581" hits="1"/>
            <line number="582" hits="1"/>
            <line number="583" hits="1"/>
            <line number="586" hits="2"/>
            <line number="588" hits="2"/>
            <line number="589" hits="1"/>
            <line number="592" hits="1"/>
            <line number="593" hits="1"/>
            <line number="594" hits="1"/>
            <line number="595" hits="1"/>
            <line number="608" hits="4"/>
            <line number="610" hits="4"/>
            <line number="612" hits="4"/>
            <line number="614" hits="4"/>
            <line number="615" hits="4"/>
            <line number="618" hits="4"/>
            <line number="620" hits="4"/>
            <line number="621" hits="2"/>
            <line number="622" hits="2"/>
            <line number="623" hits="2"/>
            <line number="626" hits="2"/>
            <line number="628" hits="2"/>
            <line number="629" hits="1"/>
            <line number="632" hits="1"/>
            <line number="633" hits="1"/>
            <line number="634" hits="1"/>
            <line number="635" hits="1"/>
            <line number="648" hits="3"/>
            <line number="650" hits="3"/>
            <line number="652" hits="3"/>
            <line number="654" hits="3"/>
            <line number="655" hits="3"/>
            <line number="658" hits="3"/>
            <line number="660" hits="3"/>
            <line number="661" hits="1"/>
            <line number="662" hits="1"/>
            <line number="663" hits="1"/>
            <line number="666" hits="2"/>
            <line number="668" hits="2"/>
            <line number="669" hits="1"/>
            <line number="672" hits="1"/>
            <line number="673" hits="1"/>
            <line number="674" hits="1"/>
            <line number="675" hits="1"/>
          </lines>
        </class>
      </classes>
    </package>
    <package name="Http/Requests/FormRequest.php" line-rate="1" branch-rate="0" complexity="7">
      <classes>
        <class name="Playground\Directory\Resource\Http\Requests\FormRequest" filename="Http/Requests/FormRequest.php" line-rate="1" branch-rate="0" complexity="7">
          <methods>
            <method name="authorize" signature="" line-rate="1" branch-rate="0" complexity="2">
              <lines>
                <line number="27" hits="76"/>
                <line number="29" hits="76"/>
                <line number="30" hits="1"/>
                <line number="33" hits="75"/>
              </lines>
            </method>
            <method name="rules" signature="" line-rate="1" branch-rate="0" complexity="2">
              <lines>
                <line number="43" hits="75"/>
                <line number="45" hits="75"/>
              </lines>
            </method>
            <method name="userHasAdminPrivileges" signature="Illuminate\Contracts\Auth\Authenticatable $user" line-rate="1" branch-rate="0" complexity="3">
              <lines>
                <line number="50" hits="17"/>
                <line number="51" hits="17"/>
                <line number="52" hits="16"/>
                <line number="53" hits="15"/>
                <line number="56" hits="1"/>
                <line number="60" hits="17"/>
              </lines>
            </method>
          </methods>
          <lines>
            <line number="27" hits="76"/>
            <line number="29" hits="76"/>
            <line number="30" hits="1"/>
            <line number="33" hits="75"/>
            <line number="43" hits="75"/>
            <line number="45" hits="75"/>
            <line number="50" hits="17"/>
            <line number="51" hits="17"/>
            <line number="52" hits="16"/>
            <line number="53" hits="15"/>
            <line number="56" hits="1"/>
            <line number="60" hits="17"/>
          </lines>
        </class>
      </classes>
    </package>
    <package name="Http/Requests/Location/CreateRequest.php" line-rate="0" branch-rate="0" complexity="0">
      <classes>
        <class name="Playground\Directory\Resource\Http\Requests\Location\CreateRequest" filename="Http/Requests/Location/CreateRequest.php" line-rate="0" branch-rate="0" complexity="0">
          <methods/>
          <lines/>
        </class>
      </classes>
    </package>
    <package name="Http/Requests/Location/DestroyRequest.php" line-rate="1" branch-rate="0" complexity="2">
      <classes>
        <class name="Playground\Directory\Resource\Http\Requests\Location\DestroyRequest" filename="Http/Requests/Location/DestroyRequest.php" line-rate="1" branch-rate="0" complexity="2">
          <methods>
            <method name="rules" signature="" line-rate="1" branch-rate="0" complexity="2">
              <lines>
                <line number="30" hits="7"/>
                <line number="32" hits="7"/>
                <line number="34" hits="7"/>
                <line number="35" hits="7"/>
                <line number="38" hits="7"/>
              </lines>
            </method>
          </methods>
          <lines>
            <line number="30" hits="7"/>
            <line number="32" hits="7"/>
            <line number="34" hits="7"/>
            <line number="35" hits="7"/>
            <line number="38" hits="7"/>
          </lines>
        </class>
      </classes>
    </package>
    <package name="Http/Requests/Location/EditRequest.php" line-rate="0" branch-rate="0" complexity="0">
      <classes>
        <class name="Playground\Directory\Resource\Http\Requests\Location\EditRequest" filename="Http/Requests/Location/EditRequest.php" line-rate="0" branch-rate="0" complexity="0">
          <methods/>
          <lines/>
        </class>
      </classes>
    </package>
    <package name="Http/Requests/Location/IndexRequest.php" line-rate="0" branch-rate="0" complexity="0">
      <classes>
        <class name="Playground\Directory\Resource\Http\Requests\Location\IndexRequest" filename="Http/Requests/Location/IndexRequest.php" line-rate="0" branch-rate="0" complexity="0">
          <methods/>
          <lines/>
        </class>
      </classes>
    </package>
    <package name="Http/Requests/Location/LockRequest.php" line-rate="0" branch-rate="0" complexity="0">
      <classes>
        <class name="Playground\Directory\Resource\Http\Requests\Location\LockRequest" filename="Http/Requests/Location/LockRequest.php" line-rate="0" branch-rate="0" complexity="0">
          <methods/>
          <lines/>
        </class>
      </classes>
    </package>
    <package name="Http/Requests/Location/RestoreRequest.php" line-rate="0" branch-rate="0" complexity="0">
      <classes>
        <class name="Playground\Directory\Resource\Http\Requests\Location\RestoreRequest" filename="Http/Requests/Location/RestoreRequest.php" line-rate="0" branch-rate="0" complexity="0">
          <methods/>
          <lines/>
        </class>
      </classes>
    </package>
    <package name="Http/Requests/Location/RestoreRevisionRequest.php" line-rate="0" branch-rate="0" complexity="0">
      <classes>
        <class name="Playground\Directory\Resource\Http\Requests\Location\RestoreRevisionRequest" filename="Http/Requests/Location/RestoreRevisionRequest.php" line-rate="0" branch-rate="0" complexity="0">
          <methods/>
          <lines/>
        </class>
      </classes>
    </package>
    <package name="Http/Requests/Location/RevisionsRequest.php" line-rate="0" branch-rate="0" complexity="0">
      <classes>
        <class name="Playground\Directory\Resource\Http\Requests\Location\RevisionsRequest" filename="Http/Requests/Location/RevisionsRequest.php" line-rate="0" branch-rate="0" complexity="0">
          <methods/>
          <lines/>
        </class>
      </classes>
    </package>
    <package name="Http/Requests/Location/ShowRequest.php" line-rate="0" branch-rate="0" complexity="0">
      <classes>
        <class name="Playground\Directory\Resource\Http\Requests\Location\ShowRequest" filename="Http/Requests/Location/ShowRequest.php" line-rate="0" branch-rate="0" complexity="0">
          <methods/>
          <lines/>
        </class>
      </classes>
    </package>
    <package name="Http/Requests/Location/ShowRevisionRequest.php" line-rate="0" branch-rate="0" complexity="0">
      <classes>
        <class name="Playground\Directory\Resource\Http\Requests\Location\ShowRevisionRequest" filename="Http/Requests/Location/ShowRevisionRequest.php" line-rate="0" branch-rate="0" complexity="0">
          <methods/>
          <lines/>
        </class>
      </classes>
    </package>
    <package name="Http/Requests/Location/StoreRequest.php" line-rate="1" branch-rate="0" complexity="4">
      <classes>
        <class name="Playground\Directory\Resource\Http\Requests\Location\StoreRequest" filename="Http/Requests/Location/StoreRequest.php" line-rate="1" branch-rate="0" complexity="4">
          <methods>
            <method name="rules" signature="" line-rate="1" branch-rate="0" complexity="2">
              <lines>
                <line number="114" hits="7"/>
                <line number="119" hits="7"/>
                <line number="121" hits="7"/>
                <line number="122" hits="1"/>
                <line number="125" hits="7"/>
              </lines>
            </method>
            <method name="prepareForValidation" signature="" line-rate="1" branch-rate="0" complexity="2">
              <lines>
                <line number="135" hits="5"/>
                <line number="137" hits="5"/>
                <line number="139" hits="5"/>
                <line number="140" hits="5"/>
                <line number="141" hits="5"/>
                <line number="142" hits="5"/>
                <line number="144" hits="5"/>
                <line number="145" hits="3"/>
              </lines>
            </method>
          </methods>
          <lines>
            <line number="114" hits="7"/>
            <line number="119" hits="7"/>
            <line number="121" hits="7"/>
            <line number="122" hits="1"/>
            <line number="125" hits="7"/>
            <line number="135" hits="5"/>
            <line number="137" hits="5"/>
            <line number="139" hits="5"/>
            <line number="140" hits="5"/>
            <line number="141" hits="5"/>
            <line number="142" hits="5"/>
            <line number="144" hits="5"/>
            <line number="145" hits="3"/>
          </lines>
        </class>
      </classes>
    </package>
    <package name="Http/Requests/Location/UnlockRequest.php" line-rate="0" branch-rate="0" complexity="0">
      <classes>
        <class name="Playground\Directory\Resource\Http\Requests\Location\UnlockRequest" filename="Http/Requests/Location/UnlockRequest.php" line-rate="0" branch-rate="0" complexity="0">
          <methods/>
          <lines/>
        </class>
      </classes>
    </package>
    <package name="Http/Requests/Location/UpdateRequest.php" line-rate="1" branch-rate="0" complexity="4">
      <classes>
        <class name="Playground\Directory\Resource\Http\Requests\Location\UpdateRequest" filename="Http/Requests/Location/UpdateRequest.php" line-rate="1" branch-rate="0" complexity="4">
          <methods>
            <method name="rules" signature="" line-rate="1" branch-rate="0" complexity="2">
              <lines>
                <line number="114" hits="7"/>
                <line number="119" hits="7"/>
                <line number="121" hits="7"/>
                <line number="122" hits="1"/>
                <line number="125" hits="7"/>
              </lines>
            </method>
            <method name="prepareForValidation" signature="" line-rate="1" branch-rate="0" complexity="2">
              <lines>
                <line number="135" hits="5"/>
                <line number="137" hits="5"/>
                <line number="139" hits="5"/>
                <line number="140" hits="5"/>
                <line number="141" hits="5"/>
                <line number="142" hits="5"/>
                <line number="144" hits="5"/>
                <line number="145" hits="3"/>
              </lines>
            </method>
          </methods>
          <lines>
            <line number="114" hits="7"/>
            <line number="119" hits="7"/>
            <line number="121" hits="7"/>
            <line number="122" hits="1"/>
            <line number="125" hits="7"/>
            <line number="135" hits="5"/>
            <line number="137" hits="5"/>
            <line number="139" hits="5"/>
            <line number="140" hits="5"/>
            <line number="141" hits="5"/>
            <line number="142" hits="5"/>
            <line number="144" hits="5"/>
            <line number="145" hits="3"/>
          </lines>
        </class>
      </classes>
    </package>
    <package name="Http/Requests/Sublocation/CreateRequest.php" line-rate="0" branch-rate="0" complexity="0">
      <classes>
        <class name="Playground\Directory\Resource\Http\Requests\Sublocation\CreateRequest" filename="Http/Requests/Sublocation/CreateRequest.php" line-rate="0" branch-rate="0" complexity="0">
          <methods/>
          <lines/>
        </class>
      </classes>
    </package>
    <package name="Http/Requests/Sublocation/DestroyRequest.php" line-rate="1" branch-rate="0" complexity="2">
      <classes>
        <class name="Playground\Directory\Resource\Http\Requests\Sublocation\DestroyRequest" filename="Http/Requests/Sublocation/DestroyRequest.php" line-rate="1" branch-rate="0" complexity="2">
          <methods>
            <method name="rules" signature="" line-rate="1" branch-rate="0" complexity="2">
              <lines>
                <line number="30" hits="7"/>
                <line number="32" hits="7"/>
                <line number="34" hits="7"/>
                <line number="35" hits="7"/>
                <line number="38" hits="7"/>
              </lines>
            </method>
          </methods>
          <lines>
            <line number="30" hits="7"/>
            <line number="32" hits="7"/>
            <line number="34" hits="7"/>
            <line number="35" hits="7"/>
            <line number="38" hits="7"/>
          </lines>
        </class>
      </classes>
    </package>
    <package name="Http/Requests/Sublocation/EditRequest.php" line-rate="0" branch-rate="0" complexity="0">
      <classes>
        <class name="Playground\Directory\Resource\Http\Requests\Sublocation\EditRequest" filename="Http/Requests/Sublocation/EditRequest.php" line-rate="0" branch-rate="0" complexity="0">
          <methods/>
          <lines/>
        </class>
      </classes>
    </package>
    <package name="Http/Requests/Sublocation/IndexRequest.php" line-rate="0" branch-rate="0" complexity="0">
      <classes>
        <class name="Playground\Directory\Resource\Http\Requests\Sublocation\IndexRequest" filename="Http/Requests/Sublocation/IndexRequest.php" line-rate="0" branch-rate="0" complexity="0">
          <methods/>
          <lines/>
        </class>
      </classes>
    </package>
    <package name="Http/Requests/Sublocation/LockRequest.php" line-rate="0" branch-rate="0" complexity="0">
      <classes>
        <class name="Playground\Directory\Resource\Http\Requests\Sublocation\LockRequest" filename="Http/Requests/Sublocation/LockRequest.php" line-rate="0" branch-rate="0" complexity="0">
          <methods/>
          <lines/>
        </class>
      </classes>
    </package>
[...]
      <classes>
        <class name="Playground\Directory\Resource\Http\Resources\LocationRevisionCollection" filename="Http/Resources/LocationRevisionCollection.php" line-rate="1" branch-rate="0" complexity="1">
          <methods>
            <method name="with" signature="Illuminate\Http\Request $request" line-rate="1" branch-rate="0" complexity="1">
              <lines>
                <line number="27" hits="2"/>
                <line number="28" hits="2"/>
                <line number="29" hits="2"/>
                <line number="30" hits="2"/>
                <line number="31" hits="2"/>
                <line number="32" hits="2"/>
                <line number="33" hits="2"/>
                <line number="34" hits="2"/>
                <line number="35" hits="2"/>
                <line number="36" hits="2"/>
                <line number="37" hits="2"/>
                <line number="38" hits="2"/>
                <line number="39" hits="2"/>
              </lines>
            </method>
          </methods>
          <lines>
            <line number="27" hits="2"/>
            <line number="28" hits="2"/>
            <line number="29" hits="2"/>
            <line number="30" hits="2"/>
            <line number="31" hits="2"/>
            <line number="32" hits="2"/>
            <line number="33" hits="2"/>
            <line number="34" hits="2"/>
            <line number="35" hits="2"/>
            <line number="36" hits="2"/>
            <line number="37" hits="2"/>
            <line number="38" hits="2"/>
            <line number="39" hits="2"/>
          </lines>
        </class>
      </classes>
    </package>
    <package name="Http/Resources/Sublocation.php" line-rate="1" branch-rate="0" complexity="1">
      <classes>
        <class name="Playground\Directory\Resource\Http\Resources\Sublocation" filename="Http/Resources/Sublocation.php" line-rate="1" branch-rate="0" complexity="1">
          <methods>
            <method name="with" signature="Illuminate\Http\Request $request" line-rate="1" branch-rate="0" complexity="1">
              <lines>
                <line number="32" hits="13"/>
                <line number="37" hits="13"/>
                <line number="39" hits="13"/>
                <line number="40" hits="13"/>
                <line number="41" hits="13"/>
                <line number="42" hits="13"/>
                <line number="43" hits="13"/>
                <line number="44" hits="13"/>
                <line number="45" hits="13"/>
                <line number="46" hits="13"/>
                <line number="47" hits="13"/>
              </lines>
            </method>
          </methods>
          <lines>
            <line number="32" hits="13"/>
            <line number="37" hits="13"/>
            <line number="39" hits="13"/>
            <line number="40" hits="13"/>
            <line number="41" hits="13"/>
            <line number="42" hits="13"/>
            <line number="43" hits="13"/>
            <line number="44" hits="13"/>
            <line number="45" hits="13"/>
            <line number="46" hits="13"/>
            <line number="47" hits="13"/>
          </lines>
        </class>
      </classes>
    </package>
    <package name="Http/Resources/SublocationCollection.php" line-rate="1" branch-rate="0" complexity="1">
      <classes>
        <class name="Playground\Directory\Resource\Http\Resources\SublocationCollection" filename="Http/Resources/SublocationCollection.php" line-rate="1" branch-rate="0" complexity="1">
          <methods>
            <method name="with" signature="Illuminate\Http\Request $request" line-rate="1" branch-rate="0" complexity="1">
              <lines>
                <line number="27" hits="2"/>
                <line number="28" hits="2"/>
                <line number="29" hits="2"/>
                <line number="30" hits="2"/>
                <line number="31" hits="2"/>
                <line number="32" hits="2"/>
                <line number="33" hits="2"/>
                <line number="34" hits="2"/>
                <line number="35" hits="2"/>
                <line number="36" hits="2"/>
                <line number="37" hits="2"/>
                <line number="38" hits="2"/>
                <line number="39" hits="2"/>
              </lines>
            </method>
          </methods>
          <lines>
            <line number="27" hits="2"/>
            <line number="28" hits="2"/>
            <line number="29" hits="2"/>
            <line number="30" hits="2"/>
            <line number="31" hits="2"/>
            <line number="32" hits="2"/>
            <line number="33" hits="2"/>
            <line number="34" hits="2"/>
            <line number="35" hits="2"/>
            <line number="36" hits="2"/>
            <line number="37" hits="2"/>
            <line number="38" hits="2"/>
            <line number="39" hits="2"/>
          </lines>
        </class>
      </classes>
    </package>
    <package name="Http/Resources/SublocationRevision.php" line-rate="1" branch-rate="0" complexity="1">
      <classes>
        <class name="Playground\Directory\Resource\Http\Resources\SublocationRevision" filename="Http/Resources/SublocationRevision.php" line-rate="1" branch-rate="0" complexity="1">
          <methods>
            <method name="with" signature="Illuminate\Http\Request $request" line-rate="1" branch-rate="0" complexity="1">
              <lines>
                <line number="32" hits="1"/>
                <line number="37" hits="1"/>
                <line number="39" hits="1"/>
                <line number="40" hits="1"/>
                <line number="41" hits="1"/>
                <line number="42" hits="1"/>
                <line number="43" hits="1"/>
                <line number="44" hits="1"/>
                <line number="45" hits="1"/>
                <line number="46" hits="1"/>
                <line number="47" hits="1"/>
              </lines>
            </method>
          </methods>
          <lines>
            <line number="32" hits="1"/>
            <line number="37" hits="1"/>
            <line number="39" hits="1"/>
            <line number="40" hits="1"/>
            <line number="41" hits="1"/>
            <line number="42" hits="1"/>
            <line number="43" hits="1"/>
            <line number="44" hits="1"/>
            <line number="45" hits="1"/>
            <line number="46" hits="1"/>
            <line number="47" hits="1"/>
          </lines>
        </class>
      </classes>
    </package>
    <package name="Http/Resources/SublocationRevisionCollection.php" line-rate="1" branch-rate="0" complexity="1">
      <classes>
        <class name="Playground\Directory\Resource\Http\Resources\SublocationRevisionCollection" filename="Http/Resources/SublocationRevisionCollection.php" line-rate="1" branch-rate="0" complexity="1">
          <methods>
            <method name="with" signature="Illuminate\Http\Request $request" line-rate="1" branch-rate="0" complexity="1">
              <lines>
                <line number="27" hits="2"/>
                <line number="28" hits="2"/>
                <line number="29" hits="2"/>
                <line number="30" hits="2"/>
                <line number="31" hits="2"/>
                <line number="32" hits="2"/>
                <line number="33" hits="2"/>
                <line number="34" hits="2"/>
                <line number="35" hits="2"/>
                <line number="36" hits="2"/>
                <line number="37" hits="2"/>
                <line number="38" hits="2"/>
                <line number="39" hits="2"/>
              </lines>
            </method>
          </methods>
          <lines>
            <line number="27" hits="2"/>
            <line number="28" hits="2"/>
            <line number="29" hits="2"/>
            <line number="30" hits="2"/>
            <line number="31" hits="2"/>
            <line number="32" hits="2"/>
            <line number="33" hits="2"/>
            <line number="34" hits="2"/>
            <line number="35" hits="2"/>
            <line number="36" hits="2"/>
            <line number="37" hits="2"/>
            <line number="38" hits="2"/>
            <line number="39" hits="2"/>
          </lines>
        </class>
      </classes>
    </package>
    <package name="Policies/LocationPolicy.php" line-rate="1" branch-rate="0" complexity="3">
      <classes>
        <class name="Playground\Directory\Resource\Policies\LocationPolicy" filename="Policies/LocationPolicy.php" line-rate="1" branch-rate="0" complexity="3">
          <methods>
            <method name="revisions" signature="Illuminate\Contracts\Auth\Authenticatable $user" line-rate="1" branch-rate="0" complexity="1">
              <lines>
                <line number="49" hits="4"/>
              </lines>
            </method>
            <method name="viewRevision" signature="Illuminate\Contracts\Auth\Authenticatable $user, Playground\Directory\Models\LocationRevision $location_revision" line-rate="1" branch-rate="0" complexity="1">
              <lines>
                <line number="57" hits="2"/>
              </lines>
            </method>
            <method name="restoreRevision" signature="Illuminate\Contracts\Auth\Authenticatable $user, Playground\Directory\Models\LocationRevision $location_revision" line-rate="1" branch-rate="0" complexity="1">
              <lines>
                <line number="65" hits="6"/>
              </lines>
            </method>
          </methods>
          <lines>
            <line number="49" hits="4"/>
            <line number="57" hits="2"/>
            <line number="65" hits="6"/>
          </lines>
        </class>
      </classes>
    </package>
    <package name="Policies/SublocationPolicy.php" line-rate="1" branch-rate="0" complexity="3">
      <classes>
        <class name="Playground\Directory\Resource\Policies\SublocationPolicy" filename="Policies/SublocationPolicy.php" line-rate="1" branch-rate="0" complexity="3">
          <methods>
            <method name="revisions" signature="Illuminate\Contracts\Auth\Authenticatable $user" line-rate="1" branch-rate="0" complexity="1">
              <lines>
                <line number="49" hits="4"/>
              </lines>
            </method>
            <method name="viewRevision" signature="Illuminate\Contracts\Auth\Authenticatable $user, Playground\Directory\Models\SublocationRevision $sublocation_revision" line-rate="1" branch-rate="0" complexity="1">
              <lines>
                <line number="57" hits="2"/>
              </lines>
            </method>
            <method name="restoreRevision" signature="Illuminate\Contracts\Auth\Authenticatable $user, Playground\Directory\Models\SublocationRevision $sublocation_revision" line-rate="1" branch-rate="0" complexity="1">
              <lines>
                <line number="65" hits="6"/>
              </lines>
            </method>
          </methods>
          <lines>
            <line number="49" hits="4"/>
            <line number="57" hits="2"/>
            <line number="65" hits="6"/>
          </lines>
        </class>
      </classes>
    </package>
    <package name="ServiceProvider.php" line-rate="1" branch-rate="0" complexity="52">
      <classes>
        <class name="Playground\Directory\Resource\ServiceProvider" filename="ServiceProvider.php" line-rate="1" branch-rate="0" complexity="52">
          <methods>
            <method name="boot" signature="" line-rate="1" branch-rate="0" complexity="13">
              <lines>
                <line number="31" hits="223"/>
                <line number="33" hits="223"/>
                <line number="35" hits="223"/>
                <line number="36" hits="223"/>
                <line number="37" hits="223"/>
                <line number="38" hits="223"/>
                <line number="39" hits="223"/>
                <line number="42" hits="223"/>
                <line number="43" hits="223"/>
                <line number="44" hits="223"/>
                <line number="46" hits="223"/>
                <line number="47" hits="223"/>
                <line number="50" hits="223"/>
                <line number="51" hits="223"/>
                <line number="52" hits="223"/>
                <line number="54" hits="223"/>
                <line number="57" hits="223"/>
                <line number="58" hits="223"/>
                <line number="59" hits="223"/>
                <line number="60" hits="223"/>
                <line number="61" hits="223"/>
                <line number="65" hits="223"/>
                <line number="67" hits="223"/>
                <line number="68" hits="223"/>
                <line number="69" hits="223"/>
                <line number="72" hits="223"/>
                <line number="73" hits="223"/>
                <line number="74" hits="223"/>
                <line number="77" hits="223"/>
                <line number="78" hits="223"/>
              </lines>
            </method>
            <method name="register" signature="" line-rate="1" branch-rate="0" complexity="1">
              <lines>
                <line number="87" hits="223"/>
                <line number="88" hits="223"/>
                <line number="89" hits="223"/>
                <line number="90" hits="223"/>
              </lines>
            </method>
            <method name="setPolicies" signature="array $policies" line-rate="1" branch-rate="0" complexity="10">
              <lines>
                <line number="100" hits="223"/>
                <line number="101" hits="223"/>
                <line number="102" hits="1"/>
                <line number="103" hits="1"/>
                <line number="104" hits="1"/>
                <line number="105" hits="1"/>
                <line number="106" hits="1"/>
                <line number="107" hits="1"/>
                <line number="109" hits="1"/>
                <line number="111" hits="223"/>
                <line number="112" hits="1"/>
                <line number="113" hits="1"/>
                <line number="114" hits="1"/>
                <line number="115" hits="1"/>
                <line number="116" hits="1"/>
                <line number="117" hits="1"/>
                <line number="119" hits="1"/>
                <line number="121" hits="223"/>
              </lines>
            </method>
            <method name="routes" signature="array $config" line-rate="1" branch-rate="0" complexity="4">
              <lines>
                <line number="130" hits="223"/>
                <line number="131" hits="223"/>
                <line number="133" hits="223"/>
                <line number="134" hits="223"/>
                <line number="136" hits="223"/>
                <line number="137" hits="223"/>
              </lines>
            </method>
            <method name="about" signature="" line-rate="1" branch-rate="0" complexity="24">
              <lines>
                <line number="143" hits="223"/>
                <line number="144" hits="223"/>
                <line number="146" hits="223"/>
                <line number="148" hits="223"/>
                <line number="150" hits="223"/>
                <line number="152" hits="223"/>
                <line number="154" hits="223"/>
                <line number="156" hits="223"/>
                <line number="157" hits="223"/>
                <line number="158" hits="223"/>
                <line number="159" hits="223"/>
                <line number="161" hits="223"/>
                <line number="162" hits="223"/>
                <line number="163" hits="223"/>
                <line number="165" hits="223"/>
                <line number="167" hits="223"/>
                <line number="168" hits="223"/>
                <line number="169" hits="223"/>
                <line number="170" hits="223"/>
                <line number="172" hits="223"/>
                <line number="173" hits="223"/>
                <line number="174" hits="223"/>
                <line number="176" hits="223"/>
                <line number="177" hits="223"/>
                <line number="178" hits="223"/>
              </lines>
            </method>
          </methods>
          <lines>
            <line number="31" hits="223"/>
            <line number="33" hits="223"/>
            <line number="35" hits="223"/>
            <line number="36" hits="223"/>
            <line number="37" hits="223"/>
            <line number="38" hits="223"/>
            <line number="39" hits="223"/>
            <line number="42" hits="223"/>
            <line number="43" hits="223"/>
            <line number="44" hits="223"/>
            <line number="46" hits="223"/>
            <line number="47" hits="223"/>
            <line number="50" hits="223"/>
            <line number="51" hits="223"/>
            <line number="52" hits="223"/>
            <line number="54" hits="223"/>
            <line number="57" hits="223"/>
            <line number="58" hits="223"/>
            <line number="59" hits="223"/>
            <line number="60" hits="223"/>
            <line number="61" hits="223"/>
            <line number="65" hits="223"/>
            <line number="67" hits="223"/>
            <line number="68" hits="223"/>
            <line number="69" hits="223"/>
            <line number="72" hits="223"/>
            <line number="73" hits="223"/>
            <line number="74" hits="223"/>
            <line number="77" hits="223"/>
            <line number="78" hits="223"/>
            <line number="87" hits="223"/>
            <line number="88" hits="223"/>
            <line number="89" hits="223"/>
            <line number="90" hits="223"/>
            <line number="100" hits="223"/>
            <line number="101" hits="223"/>
            <line number="102" hits="1"/>
            <line number="103" hits="1"/>
            <line number="104" hits="1"/>
            <line number="105" hits="1"/>
            <line number="106" hits="1"/>
            <line number="107" hits="1"/>
            <line number="109" hits="1"/>
            <line number="111" hits="223"/>
            <line number="112" hits="1"/>
            <line number="113" hits="1"/>
            <line number="114" hits="1"/>
            <line number="115" hits="1"/>
            <line number="116" hits="1"/>
            <line number="117" hits="1"/>
            <line number="119" hits="1"/>
            <line number="121" hits="223"/>
            <line number="130" hits="223"/>
            <line number="131" hits="223"/>
            <line number="133" hits="223"/>
            <line number="134" hits="223"/>
            <line number="136" hits="223"/>
            <line number="137" hits="223"/>
            <line number="143" hits="223"/>
            <line number="144" hits="223"/>
            <line number="146" hits="223"/>
            <line number="148" hits="223"/>
            <line number="150" hits="223"/>
            <line number="152" hits="223"/>
            <line number="154" hits="223"/>
            <line number="156" hits="223"/>
            <line number="157" hits="223"/>
            <line number="158" hits="223"/>
            <line number="159" hits="223"/>
            <line number="161" hits="223"/>
            <line number="162" hits="223"/>
            <line number="163" hits="223"/>
            <line number="165" hits="223"/>
            <line number="167" hits="223"/>
            <line number="168" hits="223"/>
            <line number="169" hits="223"/>
            <line number="170" hits="223"/>
            <line number="172" hits="223"/>
            <line number="173" hits="223"/>
            <line number="174" hits="223"/>
            <line number="176" hits="223"/>
            <line number="177" hits="223"/>
            <line number="178" hits="223"/>
          </lines>
        </class>
      </classes>
    </package>
  </packages>
</coverage>
