<?xml version="1.0" encoding="UTF-8"?>
<testsuites>
  <testsuite name="/app/phpunit-ci.xml" tests="225" assertions="3065" errors="0" failures="0" skipped="0" time="39.612168">
    <testsuite name="Unit" tests="39" assertions="64" errors="0" failures="0" skipped="0" time="1.508141">
      <testsuite name="Tests\Unit\Playground\Directory\Resource\Http\Requests\FormRequest\InstanceTest" file="/app/tests/Unit/Http/Requests/FormRequest/InstanceTest.php" tests="5" assertions="6" errors="0" failures="0" skipped="0" time="0.323960">
        <testcase name="test_form_request_authorize_without_user" file="/app/tests/Unit/Http/Requests/FormRequest/InstanceTest.php" line="23" class="Tests\Unit\Playground\Directory\Resource\Http\Requests\FormRequest\InstanceTest" classname="Tests.Unit.Playground.Directory.Resource.Http.Requests.FormRequest.InstanceTest" assertions="1" time="0.159858"/>
        <testcase name="test_rules_is_empty_by_default" file="/app/tests/Unit/Http/Requests/FormRequest/InstanceTest.php" line="30" class="Tests\Unit\Playground\Directory\Resource\Http\Requests\FormRequest\InstanceTest" classname="Tests.Unit.Playground.Directory.Resource.Http.Requests.FormRequest.InstanceTest" assertions="2" time="0.034655"/>
        <testcase name="test_user_has_admin_privileges_without_user" file="/app/tests/Unit/Http/Requests/FormRequest/InstanceTest.php" line="38" class="Tests\Unit\Playground\Directory\Resource\Http\Requests\FormRequest\InstanceTest" classname="Tests.Unit.Playground.Directory.Resource.Http.Requests.FormRequest.InstanceTest" assertions="1" time="0.034629"/>
        <testcase name="test_user_has_admin_privileges_with_admin" file="/app/tests/Unit/Http/Requests/FormRequest/InstanceTest.php" line="45" class="Tests\Unit\Playground\Directory\Resource\Http\Requests\FormRequest\InstanceTest" classname="Tests.Unit.Playground.Directory.Resource.Http.Requests.FormRequest.InstanceTest" assertions="1" time="0.054748"/>
        <testcase name="test_user_has_admin_privileges_with_default_laravel_user" file="/app/tests/Unit/Http/Requests/FormRequest/InstanceTest.php" line="57" class="Tests\Unit\Playground\Directory\Resource\Http\Requests\FormRequest\InstanceTest" classname="Tests.Unit.Playground.Directory.Resource.Http.Requests.FormRequest.InstanceTest" assertions="1" time="0.040070"/>
      </testsuite>
      <testsuite name="Tests\Unit\Playground\Directory\Resource\Http\Requests\Location\CreateRequestTest" file="/app/tests/Unit/Http/Requests/Location/CreateRequestTest.php" tests="1" assertions="1" errors="0" failures="0" skipped="0" time="0.033917">
        <testcase name="test_request_instance" file="/app/vendor/gammamatrix/playground-test/src/Unit/Http/Requests/RequestCase.php" line="42" class="Tests\Unit\Playground\Directory\Resource\Http\Requests\Location\CreateRequestTest" classname="Tests.Unit.Playground.Directory.Resource.Http.Requests.Location.CreateRequestTest" assertions="1" time="0.033917"/>
      </testsuite>
      <testsuite name="Tests\Unit\Playground\Directory\Resource\Http\Requests\Location\DestroyRequestTest" file="/app/tests/Unit/Http/Requests/Location/DestroyRequestTest.php" tests="1" assertions="1" errors="0" failures="0" skipped="0" time="0.033938">
        <testcase name="test_request_instance" file="/app/vendor/gammamatrix/playground-test/src/Unit/Http/Requests/RequestCase.php" line="42" class="Tests\Unit\Playground\Directory\Resource\Http\Requests\Location\DestroyRequestTest" classname="Tests.Unit.Playground.Directory.Resource.Http.Requests.Location.DestroyRequestTest" assertions="1" time="0.033938"/>
      </testsuite>
      <testsuite name="Tests\Unit\Playground\Directory\Resource\Http\Requests\Location\EditRequestTest" file="/app/tests/Unit/Http/Requests/Location/EditRequestTest.php" tests="1" assertions="1" errors="0" failures="0" skipped="0" time="0.035006">
        <testcase name="test_request_instance" file="/app/vendor/gammamatrix/playground-test/src/Unit/Http/Requests/RequestCase.php" line="42" class="Tests\Unit\Playground\Directory\Resource\Http\Requests\Location\EditRequestTest" classname="Tests.Unit.Playground.Directory.Resource.Http.Requests.Location.EditRequestTest" assertions="1" time="0.035006"/>
      </testsuite>
      <testsuite name="Tests\Unit\Playground\Directory\Resource\Http\Requests\Location\IndexRequestTest" file="/app/tests/Unit/Http/Requests/Location/IndexRequestTest.php" tests="1" assertions="1" errors="0" failures="0" skipped="0" time="0.036014">
        <testcase name="test_request_instance" file="/app/vendor/gammamatrix/playground-test/src/Unit/Http/Requests/RequestCase.php" line="42" class="Tests\Unit\Playground\Directory\Resource\Http\Requests\Location\IndexRequestTest" classname="Tests.Unit.Playground.Directory.Resource.Http.Requests.Location.IndexRequestTest" assertions="1" time="0.036014"/>
      </testsuite>
      <testsuite name="Tests\Unit\Playground\Directory\Resource\Http\Requests\Location\LockRequestTest" file="/app/tests/Unit/Http/Requests/Location/LockRequestTest.php" tests="1" assertions="1" errors="0" failures="0" skipped="0" time="0.035594">
        <testcase name="test_request_instance" file="/app/vendor/gammamatrix/playground-test/src/Unit/Http/Requests/RequestCase.php" line="42" class="Tests\Unit\Playground\Directory\Resource\Http\Requests\Location\LockRequestTest" classname="Tests.Unit.Playground.Directory.Resource.Http.Requests.Location.LockRequestTest" assertions="1" time="0.035594"/>
      </testsuite>
      <testsuite name="Tests\Unit\Playground\Directory\Resource\Http\Requests\Location\RestoreRequestTest" file="/app/tests/Unit/Http/Requests/Location/RestoreRequestTest.php" tests="1" assertions="1" errors="0" failures="0" skipped="0" time="0.034504">
        <testcase name="test_request_instance" file="/app/vendor/gammamatrix/playground-test/src/Unit/Http/Requests/RequestCase.php" line="42" class="Tests\Unit\Playground\Directory\Resource\Http\Requests\Location\RestoreRequestTest" classname="Tests.Unit.Playground.Directory.Resource.Http.Requests.Location.RestoreRequestTest" assertions="1" time="0.034504"/>
      </testsuite>
      <testsuite name="Tests\Unit\Playground\Directory\Resource\Http\Requests\Location\ShowRequestTest" file="/app/tests/Unit/Http/Requests/Location/ShowRequestTest.php" tests="1" assertions="1" errors="0" failures="0" skipped="0" time="0.034252">
        <testcase name="test_request_instance" file="/app/vendor/gammamatrix/playground-test/src/Unit/Http/Requests/RequestCase.php" line="42" class="Tests\Unit\Playground\Directory\Resource\Http\Requests\Location\ShowRequestTest" classname="Tests.Unit.Playground.Directory.Resource.Http.Requests.Location.ShowRequestTest" assertions="1" time="0.034252"/>
      </testsuite>
      <testsuite name="Tests\Unit\Playground\Directory\Resource\Http\Requests\Location\StoreRequestTest" file="/app/tests/Unit/Http/Requests/Location/StoreRequestTest.php" tests="3" assertions="8" errors="0" failures="0" skipped="0" time="0.103216">
        <testcase name="test_request_instance" file="/app/vendor/gammamatrix/playground-test/src/Unit/Http/Requests/RequestCase.php" line="42" class="Tests\Unit\Playground\Directory\Resource\Http\Requests\Location\StoreRequestTest" classname="Tests.Unit.Playground.Directory.Resource.Http.Requests.Location.StoreRequestTest" assertions="1" time="0.034468"/>
        <testcase name="test_store_request_rules_with_optional_revisions_disabled" file="/app/tests/Unit/Http/Requests/Location/StoreRequestTest.php" line="21" class="Tests\Unit\Playground\Directory\Resource\Http\Requests\Location\StoreRequestTest" classname="Tests.Unit.Playground.Directory.Resource.Http.Requests.Location.StoreRequestTest" assertions="3" time="0.034691"/>
        <testcase name="test_store_request_rules_with_optional_revisions_enabled" file="/app/tests/Unit/Http/Requests/Location/StoreRequestTest.php" line="31" class="Tests\Unit\Playground\Directory\Resource\Http\Requests\Location\StoreRequestTest" classname="Tests.Unit.Playground.Directory.Resource.Http.Requests.Location.StoreRequestTest" assertions="4" time="0.034056"/>
      </testsuite>
      <testsuite name="Tests\Unit\Playground\Directory\Resource\Http\Requests\Location\UnlockRequestTest" file="/app/tests/Unit/Http/Requests/Location/UnlockRequestTest.php" tests="1" assertions="1" errors="0" failures="0" skipped="0" time="0.033310">
        <testcase name="test_request_instance" file="/app/vendor/gammamatrix/playground-test/src/Unit/Http/Requests/RequestCase.php" line="42" class="Tests\Unit\Playground\Directory\Resource\Http\Requests\Location\UnlockRequestTest" classname="Tests.Unit.Playground.Directory.Resource.Http.Requests.Location.UnlockRequestTest" assertions="1" time="0.033310"/>
      </testsuite>
      <testsuite name="Tests\Unit\Playground\Directory\Resource\Http\Requests\Location\UpdateRequestTest" file="/app/tests/Unit/Http/Requests/Location/UpdateRequestTest.php" tests="3" assertions="8" errors="0" failures="0" skipped="0" time="0.103026">
        <testcase name="test_request_instance" file="/app/vendor/gammamatrix/playground-test/src/Unit/Http/Requests/RequestCase.php" line="42" class="Tests\Unit\Playground\Directory\Resource\Http\Requests\Location\UpdateRequestTest" classname="Tests.Unit.Playground.Directory.Resource.Http.Requests.Location.UpdateRequestTest" assertions="1" time="0.033610"/>
        <testcase name="test_update_request_rules_with_optional_revisions_disabled" file="/app/tests/Unit/Http/Requests/Location/UpdateRequestTest.php" line="21" class="Tests\Unit\Playground\Directory\Resource\Http\Requests\Location\UpdateRequestTest" classname="Tests.Unit.Playground.Directory.Resource.Http.Requests.Location.UpdateRequestTest" assertions="3" time="0.034206"/>
        <testcase name="test_update_request_rules_with_optional_revisions_enabled" file="/app/tests/Unit/Http/Requests/Location/UpdateRequestTest.php" line="31" class="Tests\Unit\Playground\Directory\Resource\Http\Requests\Location\UpdateRequestTest" classname="Tests.Unit.Playground.Directory.Resource.Http.Requests.Location.UpdateRequestTest" assertions="4" time="0.035210"/>
      </testsuite>
      <testsuite name="Tests\Unit\Playground\Directory\Resource\Http\Requests\Sublocation\CreateRequestTest" file="/app/tests/Unit/Http/Requests/Sublocation/CreateRequestTest.php" tests="1" assertions="1" errors="0" failures="0" skipped="0" time="0.033475">
        <testcase name="test_request_instance" file="/app/vendor/gammamatrix/playground-test/src/Unit/Http/Requests/RequestCase.php" line="42" class="Tests\Unit\Playground\Directory\Resource\Http\Requests\Sublocation\CreateRequestTest" classname="Tests.Unit.Playground.Directory.Resource.Http.Requests.Sublocation.CreateRequestTest" assertions="1" time="0.033475"/>
      </testsuite>
      <testsuite name="Tests\Unit\Playground\Directory\Resource\Http\Requests\Sublocation\DestroyRequestTest" file="/app/tests/Unit/Http/Requests/Sublocation/DestroyRequestTest.php" tests="1" assertions="1" errors="0" failures="0" skipped="0" time="0.034926">
        <testcase name="test_request_instance" file="/app/vendor/gammamatrix/playground-test/src/Unit/Http/Requests/RequestCase.php" line="42" class="Tests\Unit\Playground\Directory\Resource\Http\Requests\Sublocation\DestroyRequestTest" classname="Tests.Unit.Playground.Directory.Resource.Http.Requests.Sublocation.DestroyRequestTest" assertions="1" time="0.034926"/>
      </testsuite>
      <testsuite name="Tests\Unit\Playground\Directory\Resource\Http\Requests\Sublocation\EditRequestTest" file="/app/tests/Unit/Http/Requests/Sublocation/EditRequestTest.php" tests="1" assertions="1" errors="0" failures="0" skipped="0" time="0.034369">
        <testcase name="test_request_instance" file="/app/vendor/gammamatrix/playground-test/src/Unit/Http/Requests/RequestCase.php" line="42" class="Tests\Unit\Playground\Directory\Resource\Http\Requests\Sublocation\EditRequestTest" classname="Tests.Unit.Playground.Directory.Resource.Http.Requests.Sublocation.EditRequestTest" assertions="1" time="0.034369"/>
      </testsuite>
      <testsuite name="Tests\Unit\Playground\Directory\Resource\Http\Requests\Sublocation\IndexRequestTest" file="/app/tests/Unit/Http/Requests/Sublocation/IndexRequestTest.php" tests="1" assertions="1" errors="0" failures="0" skipped="0" time="0.035408">
        <testcase name="test_request_instance" file="/app/vendor/gammamatrix/playground-test/src/Unit/Http/Requests/RequestCase.php" line="42" class="Tests\Unit\Playground\Directory\Resource\Http\Requests\Sublocation\IndexRequestTest" classname="Tests.Unit.Playground.Directory.Resource.Http.Requests.Sublocation.IndexRequestTest" assertions="1" time="0.035408"/>
      </testsuite>
      <testsuite name="Tests\Unit\Playground\Directory\Resource\Http\Requests\Sublocation\LockRequestTest" file="/app/tests/Unit/Http/Requests/Sublocation/LockRequestTest.php" tests="1" assertions="1" errors="0" failures="0" skipped="0" time="0.035163">
        <testcase name="test_request_instance" file="/app/vendor/gammamatrix/playground-test/src/Unit/Http/Requests/RequestCase.php" line="42" class="Tests\Unit\Playground\Directory\Resource\Http\Requests\Sublocation\LockRequestTest" classname="Tests.Unit.Playground.Directory.Resource.Http.Requests.Sublocation.LockRequestTest" assertions="1" time="0.035163"/>
      </testsuite>
      <testsuite name="Tests\Unit\Playground\Directory\Resource\Http\Requests\Sublocation\RestoreRequestTest" file="/app/tests/Unit/Http/Requests/Sublocation/RestoreRequestTest.php" tests="1" assertions="1" errors="0" failures="0" skipped="0" time="0.035505">
        <testcase name="test_request_instance" file="/app/vendor/gammamatrix/playground-test/src/Unit/Http/Requests/RequestCase.php" line="42" class="Tests\Unit\Playground\Directory\Resource\Http\Requests\Sublocation\RestoreRequestTest" classname="Tests.Unit.Playground.Directory.Resource.Http.Requests.Sublocation.RestoreRequestTest" assertions="1" time="0.035505"/>
      </testsuite>
      <testsuite name="Tests\Unit\Playground\Directory\Resource\Http\Requests\Sublocation\ShowRequestTest" file="/app/tests/Unit/Http/Requests/Sublocation/ShowRequestTest.php" tests="1" assertions="1" errors="0" failures="0" skipped="0" time="0.034574">
        <testcase name="test_request_instance" file="/app/vendor/gammamatrix/playground-test/src/Unit/Http/Requests/RequestCase.php" line="42" class="Tests\Unit\Playground\Directory\Resource\Http\Requests\Sublocation\ShowRequestTest" classname="Tests.Unit.Playground.Directory.Resource.Http.Requests.Sublocation.ShowRequestTest" assertions="1" time="0.034574"/>
      </testsuite>
      <testsuite name="Tests\Unit\Playground\Directory\Resource\Http\Requests\Sublocation\StoreRequestTest" file="/app/tests/Unit/Http/Requests/Sublocation/StoreRequestTest.php" tests="3" assertions="8" errors="0" failures="0" skipped="0" time="0.107172">
        <testcase name="test_request_instance" file="/app/vendor/gammamatrix/playground-test/src/Unit/Http/Requests/RequestCase.php" line="42" class="Tests\Unit\Playground\Directory\Resource\Http\Requests\Sublocation\StoreRequestTest" classname="Tests.Unit.Playground.Directory.Resource.Http.Requests.Sublocation.StoreRequestTest" assertions="1" time="0.034663"/>
        <testcase name="test_store_request_rules_with_optional_revisions_disabled" file="/app/tests/Unit/Http/Requests/Sublocation/StoreRequestTest.php" line="21" class="Tests\Unit\Playground\Directory\Resource\Http\Requests\Sublocation\StoreRequestTest" classname="Tests.Unit.Playground.Directory.Resource.Http.Requests.Sublocation.StoreRequestTest" assertions="3" time="0.036797"/>
        <testcase name="test_store_request_rules_with_optional_revisions_enabled" file="/app/tests/Unit/Http/Requests/Sublocation/StoreRequestTest.php" line="31" class="Tests\Unit\Playground\Directory\Resource\Http\Requests\Sublocation\StoreRequestTest" classname="Tests.Unit.Playground.Directory.Resource.Http.Requests.Sublocation.StoreRequestTest" assertions="4" time="0.035713"/>
      </testsuite>
      <testsuite name="Tests\Unit\Playground\Directory\Resource\Http\Requests\Sublocation\UnlockRequestTest" file="/app/tests/Unit/Http/Requests/Sublocation/UnlockRequestTest.php" tests="1" assertions="1" errors="0" failures="0" skipped="0" time="0.034155">
        <testcase name="test_request_instance" file="/app/vendor/gammamatrix/playground-test/src/Unit/Http/Requests/RequestCase.php" line="42" class="Tests\Unit\Playground\Directory\Resource\Http\Requests\Sublocation\UnlockRequestTest" classname="Tests.Unit.Playground.Directory.Resource.Http.Requests.Sublocation.UnlockRequestTest" assertions="1" time="0.034155"/>
      </testsuite>
      <testsuite name="Tests\Unit\Playground\Directory\Resource\Http\Requests\Sublocation\UpdateRequestTest" file="/app/tests/Unit/Http/Requests/Sublocation/UpdateRequestTest.php" tests="3" assertions="8" errors="0" failures="0" skipped="0" time="0.105931">
        <testcase name="test_request_instance" file="/app/vendor/gammamatrix/playground-test/src/Unit/Http/Requests/RequestCase.php" line="42" class="Tests\Unit\Playground\Directory\Resource\Http\Requests\Sublocation\UpdateRequestTest" classname="Tests.Unit.Playground.Directory.Resource.Http.Requests.Sublocation.UpdateRequestTest" assertions="1" time="0.034445"/>
        <testcase name="test_update_request_rules_with_optional_revisions_disabled" file="/app/tests/Unit/Http/Requests/Sublocation/UpdateRequestTest.php" line="21" class="Tests\Unit\Playground\Directory\Resource\Http\Requests\Sublocation\UpdateRequestTest" classname="Tests.Unit.Playground.Directory.Resource.Http.Requests.Sublocation.UpdateRequestTest" assertions="3" time="0.035415"/>
        <testcase name="test_update_request_rules_with_optional_revisions_enabled" file="/app/tests/Unit/Http/Requests/Sublocation/UpdateRequestTest.php" line="31" class="Tests\Unit\Playground\Directory\Resource\Http\Requests\Sublocation\UpdateRequestTest" classname="Tests.Unit.Playground.Directory.Resource.Http.Requests.Sublocation.UpdateRequestTest" assertions="4" time="0.036071"/>
      </testsuite>
      <testsuite name="Tests\Unit\Playground\Directory\Resource\Policies\LocationPolicy\PolicyTest" file="/app/tests/Unit/Policies/LocationPolicy/PolicyTest.php" tests="1" assertions="1" errors="0" failures="0" skipped="0" time="0.035481">
        <testcase name="test_policy_instance" file="/app/tests/Unit/Policies/LocationPolicy/PolicyTest.php" line="21" class="Tests\Unit\Playground\Directory\Resource\Policies\LocationPolicy\PolicyTest" classname="Tests.Unit.Playground.Directory.Resource.Policies.LocationPolicy.PolicyTest" assertions="1" time="0.035481"/>
      </testsuite>
      <testsuite name="Tests\Unit\Playground\Directory\Resource\Policies\SublocationPolicy\PolicyTest" file="/app/tests/Unit/Policies/SublocationPolicy/PolicyTest.php" tests="1" assertions="1" errors="0" failures="0" skipped="0" time="0.034396">
        <testcase name="test_policy_instance" file="/app/tests/Unit/Policies/SublocationPolicy/PolicyTest.php" line="21" class="Tests\Unit\Playground\Directory\Resource\Policies\SublocationPolicy\PolicyTest" classname="Tests.Unit.Playground.Directory.Resource.Policies.SublocationPolicy.PolicyTest" assertions="1" time="0.034396"/>
      </testsuite>
      <testsuite name="Tests\Unit\Playground\Directory\Resource\ServiceProvider\InstanceTest" file="/app/tests/Unit/ServiceProvider/InstanceTest.php" tests="4" assertions="8" errors="0" failures="0" skipped="0" time="0.140845">
        <testcase name="test_version_matches" file="/app/tests/Unit/ServiceProvider/InstanceTest.php" line="22" class="Tests\Unit\Playground\Directory\Resource\ServiceProvider\InstanceTest" classname="Tests.Unit.Playground.Directory.Resource.ServiceProvider.InstanceTest" assertions="3" time="0.034716"/>
        <testcase name="test_set_policies_with_empty_array" file="/app/tests/Unit/ServiceProvider/InstanceTest.php" line="32" class="Tests\Unit\Playground\Directory\Resource\ServiceProvider\InstanceTest" classname="Tests.Unit.Playground.Directory.Resource.ServiceProvider.InstanceTest" assertions="1" time="0.034613"/>
        <testcase name="test_set_policies_with_invalid_model" file="/app/tests/Unit/ServiceProvider/InstanceTest.php" line="46" class="Tests\Unit\Playground\Directory\Resource\ServiceProvider\InstanceTest" classname="Tests.Unit.Playground.Directory.Resource.ServiceProvider.InstanceTest" assertions="2" time="0.036307"/>
        <testcase name="test_set_policies_with_invalid_policy" file="/app/tests/Unit/ServiceProvider/InstanceTest.php" line="77" class="Tests\Unit\Playground\Directory\Resource\ServiceProvider\InstanceTest" classname="Tests.Unit.Playground.Directory.Resource.ServiceProvider.InstanceTest" assertions="2" time="0.035209"/>
      </testsuite>
    </testsuite>
    <testsuite name="Feature" tests="186" assertions="3001" errors="0" failures="0" skipped="0" time="38.104026">
      <testsuite name="Tests\Feature\Playground\Directory\Resource\Console\Commands\About\CommandTest" file="/app/tests/Feature/Console/Commands/About/CommandTest.php" tests="1" assertions="2" errors="0" failures="0" skipped="0" time="0.406481">
        <testcase name="test_command_about_displays_package_information_and_succeed" file="/app/tests/Feature/Console/Commands/About/CommandTest.php" line="23" class="Tests\Feature\Playground\Directory\Resource\Console\Commands\About\CommandTest" classname="Tests.Feature.Playground.Directory.Resource.Console.Commands.About.CommandTest" assertions="2" time="0.406481"/>
      </testsuite>
      <testsuite name="Tests\Feature\Playground\Directory\Resource\Http\Controllers\Playground\IndexRouteTest" file="/app/tests/Feature/Http/Controllers/Playground/IndexRouteTest.php" tests="2" assertions="3" errors="0" failures="0" skipped="0" time="0.381342">
        <testcase name="test_guest_cannot_render_index_view" file="/app/tests/Feature/Http/Controllers/Playground/IndexRouteTest.php" line="21" class="Tests\Feature\Playground\Directory\Resource\Http\Controllers\Playground\IndexRouteTest" classname="Tests.Feature.Playground.Directory.Resource.Http.Controllers.Playground.IndexRouteTest" assertions="1" time="0.186632"/>
        <testcase name="test_admin_can_render_index_view" file="/app/tests/Feature/Http/Controllers/Playground/IndexRouteTest.php" line="30" class="Tests\Feature\Playground\Directory\Resource\Http\Controllers\Playground\IndexRouteTest" classname="Tests.Feature.Playground.Directory.Resource.Http.Controllers.Playground.IndexRouteTest" assertions="2" time="0.194710"/>
      </testsuite>
      <testsuite name="Tests\Feature\Playground\Directory\Resource\Http\Controllers\Playground\LocationRouteTest" file="/app/tests/Feature/Http/Controllers/Playground/LocationRouteTest.php" tests="91" assertions="1491" errors="0" failures="0" skipped="0" time="18.634636">
        <testcase name="test_json_guest_cannot_get_create_info" file="/app/vendor/gammamatrix/playground-test/src/Feature/Http/Controllers/Resource/Playground/CreateJsonTrait.php" line="39" class="Tests\Feature\Playground\Directory\Resource\Http\Controllers\Playground\LocationRouteTest" classname="Tests.Feature.Playground.Directory.Resource.Http.Controllers.Playground.LocationRouteTest" assertions="1" time="0.159818"/>
        <testcase name="test_json_admin_can_get_create_info" file="/app/vendor/gammamatrix/playground-test/src/Feature/Http/Controllers/Resource/Playground/CreateJsonTrait.php" line="54" class="Tests\Feature\Playground\Directory\Resource\Http\Controllers\Playground\LocationRouteTest" classname="Tests.Feature.Playground.Directory.Resource.Http.Controllers.Playground.LocationRouteTest" assertions="94" time="0.187314"/>
        <testcase name="test_json_get_create_info_as_admin_with_invalid_parameter_and_fail_validation" file="/app/vendor/gammamatrix/playground-test/src/Feature/Http/Controllers/Resource/Playground/CreateJsonTrait.php" line="74" class="Tests\Feature\Playground\Directory\Resource\Http\Controllers\Playground\LocationRouteTest" classname="Tests.Feature.Playground.Directory.Resource.Http.Controllers.Playground.LocationRouteTest" assertions="4" time="0.182533"/>
        <testcase name="test_guest_cannot_render_create_view" file="/app/vendor/gammamatrix/playground-test/src/Feature/Http/Controllers/Resource/Playground/CreateTrait.php" line="34" class="Tests\Feature\Playground\Directory\Resource\Http\Controllers\Playground\LocationRouteTest" classname="Tests.Feature.Playground.Directory.Resource.Http.Controllers.Playground.LocationRouteTest" assertions="1" time="0.167010"/>
        <testcase name="test_admin_can_render_create_view" file="/app/vendor/gammamatrix/playground-test/src/Feature/Http/Controllers/Resource/Playground/CreateTrait.php" line="48" class="Tests\Feature\Playground\Directory\Resource\Http\Controllers\Playground\LocationRouteTest" classname="Tests.Feature.Playground.Directory.Resource.Http.Controllers.Playground.LocationRouteTest" assertions="2" time="0.230967"/>
        <testcase name="test_admin_can_render_create_view_with_return_url" file="/app/vendor/gammamatrix/playground-test/src/Feature/Http/Controllers/Resource/Playground/CreateTrait.php" line="66" class="Tests\Feature\Playground\Directory\Resource\Http\Controllers\Playground\LocationRouteTest" classname="Tests.Feature.Playground.Directory.Resource.Http.Controllers.Playground.LocationRouteTest" assertions="3" time="0.208865"/>
        <testcase name="test_create_view_as_admin_with_invalid_parameter_and_fail_validation_and_redirect" file="/app/vendor/gammamatrix/playground-test/src/Feature/Http/Controllers/Resource/Playground/CreateTrait.php" line="90" class="Tests\Feature\Playground\Directory\Resource\Http\Controllers\Playground\LocationRouteTest" classname="Tests.Feature.Playground.Directory.Resource.Http.Controllers.Playground.LocationRouteTest" assertions="5" time="0.179227"/>
        <testcase name="test_json_guest_cannot_destroy" file="/app/vendor/gammamatrix/playground-test/src/Feature/Http/Controllers/Resource/Playground/DestroyJsonTrait.php" line="32" class="Tests\Feature\Playground\Directory\Resource\Http\Controllers\Playground\LocationRouteTest" classname="Tests.Feature.Playground.Directory.Resource.Http.Controllers.Playground.LocationRouteTest" assertions="3" time="0.171269"/>
        <testcase name="test_json_destroy_as_admin_and_succeed" file="/app/vendor/gammamatrix/playground-test/src/Feature/Http/Controllers/Resource/Playground/DestroyJsonTrait.php" line="62" class="Tests\Feature\Playground\Directory\Resource\Http\Controllers\Playground\LocationRouteTest" classname="Tests.Feature.Playground.Directory.Resource.Http.Controllers.Playground.LocationRouteTest" assertions="5" time="0.184282"/>
        <testcase name="test_json_destroy_as_admin_and_succeed_with_force_delete" file="/app/vendor/gammamatrix/playground-test/src/Feature/Http/Controllers/Resource/Playground/DestroyJsonTrait.php" line="101" class="Tests\Feature\Playground\Directory\Resource\Http\Controllers\Playground\LocationRouteTest" classname="Tests.Feature.Playground.Directory.Resource.Http.Controllers.Playground.LocationRouteTest" assertions="4" time="0.191303"/>
        <testcase name="test_json_destroy_as_admin_and_succeed_with_no_content" file="/app/vendor/gammamatrix/playground-test/src/Feature/Http/Controllers/Resource/Playground/DestroyJsonTrait.php" line="133" class="Tests\Feature\Playground\Directory\Resource\Http\Controllers\Playground\LocationRouteTest" classname="Tests.Feature.Playground.Directory.Resource.Http.Controllers.Playground.LocationRouteTest" assertions="5" time="0.183772"/>
        <testcase name="test_json_destroy_as_admin_and_succeed_and_ignore_redirect" file="/app/vendor/gammamatrix/playground-test/src/Feature/Http/Controllers/Resource/Playground/DestroyJsonTrait.php" line="168" class="Tests\Feature\Playground\Directory\Resource\Http\Controllers\Playground\LocationRouteTest" classname="Tests.Feature.Playground.Directory.Resource.Http.Controllers.Playground.LocationRouteTest" assertions="5" time="0.183992"/>
        <testcase name="test_json_destroy_as_user_and_get_denied_and_no_force_delete_allowed" file="/app/vendor/gammamatrix/playground-test/src/Feature/Http/Controllers/Resource/Playground/DestroyJsonTrait.php" line="210" class="Tests\Feature\Playground\Directory\Resource\Http\Controllers\Playground\LocationRouteTest" classname="Tests.Feature.Playground.Directory.Resource.Http.Controllers.Playground.LocationRouteTest" assertions="3" time="0.189590"/>
        <testcase name="test_guest_cannot_destroy" file="/app/vendor/gammamatrix/playground-test/src/Feature/Http/Controllers/Resource/Playground/DestroyTrait.php" line="32" class="Tests\Feature\Playground\Directory\Resource\Http\Controllers\Playground\LocationRouteTest" classname="Tests.Feature.Playground.Directory.Resource.Http.Controllers.Playground.LocationRouteTest" assertions="3" time="0.173430"/>
        <testcase name="test_destroy_as_admin_and_succeed" file="/app/vendor/gammamatrix/playground-test/src/Feature/Http/Controllers/Resource/Playground/DestroyTrait.php" line="62" class="Tests\Feature\Playground\Directory\Resource\Http\Controllers\Playground\LocationRouteTest" classname="Tests.Feature.Playground.Directory.Resource.Http.Controllers.Playground.LocationRouteTest" assertions="5" time="0.187357"/>
        <testcase name="test_destroy_as_admin_and_succeed_with_force_delete" file="/app/vendor/gammamatrix/playground-test/src/Feature/Http/Controllers/Resource/Playground/DestroyTrait.php" line="98" class="Tests\Feature\Playground\Directory\Resource\Http\Controllers\Playground\LocationRouteTest" classname="Tests.Feature.Playground.Directory.Resource.Http.Controllers.Playground.LocationRouteTest" assertions="4" time="0.185788"/>
        <testcase name="test_destroy_as_admin_and_succeed_with_redirect_to_index_with_trash" file="/app/vendor/gammamatrix/playground-test/src/Feature/Http/Controllers/Resource/Playground/DestroyTrait.php" line="130" class="Tests\Feature\Playground\Directory\Resource\Http\Controllers\Playground\LocationRouteTest" classname="Tests.Feature.Playground.Directory.Resource.Http.Controllers.Playground.LocationRouteTest" assertions="5" time="0.190731"/>
        <testcase name="test_destroy_as_user_and_get_denied_and_no_force_delete_allowed" file="/app/vendor/gammamatrix/playground-test/src/Feature/Http/Controllers/Resource/Playground/DestroyTrait.php" line="172" class="Tests\Feature\Playground\Directory\Resource\Http\Controllers\Playground\LocationRouteTest" classname="Tests.Feature.Playground.Directory.Resource.Http.Controllers.Playground.LocationRouteTest" assertions="3" time="0.183707"/>
        <testcase name="test_json_guest_cannot_get_edit_info" file="/app/vendor/gammamatrix/playground-test/src/Feature/Http/Controllers/Resource/Playground/EditJsonTrait.php" line="39" class="Tests\Feature\Playground\Directory\Resource\Http\Controllers\Playground\LocationRouteTest" classname="Tests.Feature.Playground.Directory.Resource.Http.Controllers.Playground.LocationRouteTest" assertions="1" time="0.174246"/>
        <testcase name="test_json_admin_can_get_edit_info" file="/app/vendor/gammamatrix/playground-test/src/Feature/Http/Controllers/Resource/Playground/EditJsonTrait.php" line="59" class="Tests\Feature\Playground\Directory\Resource\Http\Controllers\Playground\LocationRouteTest" classname="Tests.Feature.Playground.Directory.Resource.Http.Controllers.Playground.LocationRouteTest" assertions="4" time="0.197359"/>
        <testcase name="test_json_edit_as_admin_and_fail_validation_with_invalid_parameter" file="/app/vendor/gammamatrix/playground-test/src/Feature/Http/Controllers/Resource/Playground/EditJsonTrait.php" line="88" class="Tests\Feature\Playground\Directory\Resource\Http\Controllers\Playground\LocationRouteTest" classname="Tests.Feature.Playground.Directory.Resource.Http.Controllers.Playground.LocationRouteTest" assertions="4" time="0.203356"/>
        <testcase name="test_guest_cannot_render_edit_view" file="/app/vendor/gammamatrix/playground-test/src/Feature/Http/Controllers/Resource/Playground/EditTrait.php" line="34" class="Tests\Feature\Playground\Directory\Resource\Http\Controllers\Playground\LocationRouteTest" classname="Tests.Feature.Playground.Directory.Resource.Http.Controllers.Playground.LocationRouteTest" assertions="1" time="0.176595"/>
        <testcase name="test_admin_can_render_edit_view" file="/app/vendor/gammamatrix/playground-test/src/Feature/Http/Controllers/Resource/Playground/EditTrait.php" line="54" class="Tests\Feature\Playground\Directory\Resource\Http\Controllers\Playground\LocationRouteTest" classname="Tests.Feature.Playground.Directory.Resource.Http.Controllers.Playground.LocationRouteTest" assertions="2" time="0.225367"/>
        <testcase name="test_admin_can_render_edit_view_with_return_url" file="/app/vendor/gammamatrix/playground-test/src/Feature/Http/Controllers/Resource/Playground/EditTrait.php" line="78" class="Tests\Feature\Playground\Directory\Resource\Http\Controllers\Playground\LocationRouteTest" classname="Tests.Feature.Playground.Directory.Resource.Http.Controllers.Playground.LocationRouteTest" assertions="3" time="0.223916"/>
        <testcase name="test_edit_view_as_admin_with_invalid_parameter_and_fail_validation_and_redirect" file="/app/vendor/gammamatrix/playground-test/src/Feature/Http/Controllers/Resource/Playground/EditTrait.php" line="107" class="Tests\Feature\Playground\Directory\Resource\Http\Controllers\Playground\LocationRouteTest" classname="Tests.Feature.Playground.Directory.Resource.Http.Controllers.Playground.LocationRouteTest" assertions="4" time="0.196297"/>
        <testcase name="test_json_guest_cannot_get_index" file="/app/vendor/gammamatrix/playground-test/src/Feature/Http/Controllers/Resource/Playground/IndexJsonTrait.php" line="35" class="Tests\Feature\Playground\Directory\Resource\Http\Controllers\Playground\LocationRouteTest" classname="Tests.Feature.Playground.Directory.Resource.Http.Controllers.Playground.LocationRouteTest" assertions="1" time="0.173598"/>
        <testcase name="test_json_admin_can_get_index" file="/app/vendor/gammamatrix/playground-test/src/Feature/Http/Controllers/Resource/Playground/IndexJsonTrait.php" line="50" class="Tests\Feature\Playground\Directory\Resource\Http\Controllers\Playground\LocationRouteTest" classname="Tests.Feature.Playground.Directory.Resource.Http.Controllers.Playground.LocationRouteTest" assertions="98" time="0.196979"/>
        <testcase name="test_json_admin_can_get_index_with_filters" file="/app/vendor/gammamatrix/playground-test/src/Feature/Http/Controllers/Resource/Playground/IndexJsonTrait.php" line="86" class="Tests\Feature\Playground\Directory\Resource\Http\Controllers\Playground\LocationRouteTest" classname="Tests.Feature.Playground.Directory.Resource.Http.Controllers.Playground.LocationRouteTest" assertions="3" time="0.198975"/>
        <testcase name="test_guest_cannot_render_index_view" file="/app/vendor/gammamatrix/playground-test/src/Feature/Http/Controllers/Resource/Playground/IndexTrait.php" line="30" class="Tests\Feature\Playground\Directory\Resource\Http\Controllers\Playground\LocationRouteTest" classname="Tests.Feature.Playground.Directory.Resource.Http.Controllers.Playground.LocationRouteTest" assertions="1" time="0.179520"/>
        <testcase name="test_admin_can_render_index_view" file="/app/vendor/gammamatrix/playground-test/src/Feature/Http/Controllers/Resource/Playground/IndexTrait.php" line="45" class="Tests\Feature\Playground\Directory\Resource\Http\Controllers\Playground\LocationRouteTest" classname="Tests.Feature.Playground.Directory.Resource.Http.Controllers.Playground.LocationRouteTest" assertions="2" time="0.244655"/>
        <testcase name="test_admin_can_render_index_view_with_filters" file="/app/vendor/gammamatrix/playground-test/src/Feature/Http/Controllers/Resource/Playground/IndexTrait.php" line="78" class="Tests\Feature\Playground\Directory\Resource\Http\Controllers\Playground\LocationRouteTest" classname="Tests.Feature.Playground.Directory.Resource.Http.Controllers.Playground.LocationRouteTest" assertions="3" time="0.218942"/>
        <testcase name="test_json_guest_cannot_lock" file="/app/vendor/gammamatrix/playground-test/src/Feature/Http/Controllers/Resource/Playground/LockJsonTrait.php" line="37" class="Tests\Feature\Playground\Directory\Resource\Http\Controllers\Playground\LocationRouteTest" classname="Tests.Feature.Playground.Directory.Resource.Http.Controllers.Playground.LocationRouteTest" assertions="3" time="0.176860"/>
        <testcase name="test_json_lock_as_admin_and_succeed" file="/app/vendor/gammamatrix/playground-test/src/Feature/Http/Controllers/Resource/Playground/LockJsonTrait.php" line="67" class="Tests\Feature\Playground\Directory\Resource\Http\Controllers\Playground\LocationRouteTest" classname="Tests.Feature.Playground.Directory.Resource.Http.Controllers.Playground.LocationRouteTest" assertions="3" time="0.197971"/>
        <testcase name="test_json_lock_as_admin_and_succeed_with_no_redirect" file="/app/vendor/gammamatrix/playground-test/src/Feature/Http/Controllers/Resource/Playground/LockJsonTrait.php" line="99" class="Tests\Feature\Playground\Directory\Resource\Http\Controllers\Playground\LocationRouteTest" classname="Tests.Feature.Playground.Directory.Resource.Http.Controllers.Playground.LocationRouteTest" assertions="96" time="0.200595"/>
        <testcase name="test_json_lock_as_user_and_get_denied" file="/app/vendor/gammamatrix/playground-test/src/Feature/Http/Controllers/Resource/Playground/LockJsonTrait.php" line="144" class="Tests\Feature\Playground\Directory\Resource\Http\Controllers\Playground\LocationRouteTest" classname="Tests.Feature.Playground.Directory.Resource.Http.Controllers.Playground.LocationRouteTest" assertions="3" time="0.188481"/>
        <testcase name="test_guest_cannot_lock" file="/app/vendor/gammamatrix/playground-test/src/Feature/Http/Controllers/Resource/Playground/LockTrait.php" line="32" class="Tests\Feature\Playground\Directory\Resource\Http\Controllers\Playground\LocationRouteTest" classname="Tests.Feature.Playground.Directory.Resource.Http.Controllers.Playground.LocationRouteTest" assertions="3" time="0.181807"/>
        <testcase name="test_lock_as_admin_and_succeed" file="/app/vendor/gammamatrix/playground-test/src/Feature/Http/Controllers/Resource/Playground/LockTrait.php" line="62" class="Tests\Feature\Playground\Directory\Resource\Http\Controllers\Playground\LocationRouteTest" classname="Tests.Feature.Playground.Directory.Resource.Http.Controllers.Playground.LocationRouteTest" assertions="4" time="0.198749"/>
        <testcase name="test_lock_as_admin_and_succeed_with_redirect_to_index_with_sorted_by_locked_desc" file="/app/vendor/gammamatrix/playground-test/src/Feature/Http/Controllers/Resource/Playground/LockTrait.php" line="96" class="Tests\Feature\Playground\Directory\Resource\Http\Controllers\Playground\LocationRouteTest" classname="Tests.Feature.Playground.Directory.Resource.Http.Controllers.Playground.LocationRouteTest" assertions="4" time="0.194796"/>
        <testcase name="test_lock_as_user_and_get_denied" file="/app/vendor/gammamatrix/playground-test/src/Feature/Http/Controllers/Resource/Playground/LockTrait.php" line="133" class="Tests\Feature\Playground\Directory\Resource\Http\Controllers\Playground\LocationRouteTest" classname="Tests.Feature.Playground.Directory.Resource.Http.Controllers.Playground.LocationRouteTest" assertions="3" time="0.187373"/>
        <testcase name="test_json_guest_cannot_restore" file="/app/vendor/gammamatrix/playground-test/src/Feature/Http/Controllers/Resource/Playground/RestoreJsonTrait.php" line="33" class="Tests\Feature\Playground\Directory\Resource\Http\Controllers\Playground\LocationRouteTest" classname="Tests.Feature.Playground.Directory.Resource.Http.Controllers.Playground.LocationRouteTest" assertions="3" time="0.177837"/>
        <testcase name="test_json_restore_as_admin_and_succeed" file="/app/vendor/gammamatrix/playground-test/src/Feature/Http/Controllers/Resource/Playground/RestoreJsonTrait.php" line="65" class="Tests\Feature\Playground\Directory\Resource\Http\Controllers\Playground\LocationRouteTest" classname="Tests.Feature.Playground.Directory.Resource.Http.Controllers.Playground.LocationRouteTest" assertions="96" time="0.204499"/>
        <testcase name="test_json_restore_as_admin_and_succeed_with_no_redirect" file="/app/vendor/gammamatrix/playground-test/src/Feature/Http/Controllers/Resource/Playground/RestoreJsonTrait.php" line="101" class="Tests\Feature\Playground\Directory\Resource\Http\Controllers\Playground\LocationRouteTest" classname="Tests.Feature.Playground.Directory.Resource.Http.Controllers.Playground.LocationRouteTest" assertions="96" time="0.199430"/>
        <testcase name="test_json_restore_as_user_and_get_denied" file="/app/vendor/gammamatrix/playground-test/src/Feature/Http/Controllers/Resource/Playground/RestoreJsonTrait.php" line="144" class="Tests\Feature\Playground\Directory\Resource\Http\Controllers\Playground\LocationRouteTest" classname="Tests.Feature.Playground.Directory.Resource.Http.Controllers.Playground.LocationRouteTest" assertions="3" time="0.188245"/>
        <testcase name="test_json_guest_cannot_restore_revision" file="/app/vendor/gammamatrix/playground-test/src/Feature/Http/Controllers/Resource/Playground/RestoreRevisionJsonTrait.php" line="44" class="Tests\Feature\Playground\Directory\Resource\Http\Controllers\Playground\LocationRouteTest" classname="Tests.Feature.Playground.Directory.Resource.Http.Controllers.Playground.LocationRouteTest" assertions="3" time="0.189689"/>
        <testcase name="test_json_restore_revision_as_admin_and_succeed" file="/app/vendor/gammamatrix/playground-test/src/Feature/Http/Controllers/Resource/Playground/RestoreRevisionJsonTrait.php" line="80" class="Tests\Feature\Playground\Directory\Resource\Http\Controllers\Playground\LocationRouteTest" classname="Tests.Feature.Playground.Directory.Resource.Http.Controllers.Playground.LocationRouteTest" assertions="96" time="0.261077"/>
        <testcase name="test_json_restore_revision_as_admin_and_succeed_without_redirect" file="/app/vendor/gammamatrix/playground-test/src/Feature/Http/Controllers/Resource/Playground/RestoreRevisionJsonTrait.php" line="120" class="Tests\Feature\Playground\Directory\Resource\Http\Controllers\Playground\LocationRouteTest" classname="Tests.Feature.Playground.Directory.Resource.Http.Controllers.Playground.LocationRouteTest" assertions="96" time="0.264435"/>
        <testcase name="test_json_restore_revision_as_user_and_get_denied" file="/app/vendor/gammamatrix/playground-test/src/Feature/Http/Controllers/Resource/Playground/RestoreRevisionJsonTrait.php" line="172" class="Tests\Feature\Playground\Directory\Resource\Http\Controllers\Playground\LocationRouteTest" classname="Tests.Feature.Playground.Directory.Resource.Http.Controllers.Playground.LocationRouteTest" assertions="3" time="0.200560"/>
        <testcase name="test_guest_cannot_restore_revision" file="/app/vendor/gammamatrix/playground-test/src/Feature/Http/Controllers/Resource/Playground/RestoreRevisionTrait.php" line="39" class="Tests\Feature\Playground\Directory\Resource\Http\Controllers\Playground\LocationRouteTest" classname="Tests.Feature.Playground.Directory.Resource.Http.Controllers.Playground.LocationRouteTest" assertions="3" time="0.193624"/>
        <testcase name="test_restore_revision_as_admin_and_succeed" file="/app/vendor/gammamatrix/playground-test/src/Feature/Http/Controllers/Resource/Playground/RestoreRevisionTrait.php" line="75" class="Tests\Feature\Playground\Directory\Resource\Http\Controllers\Playground\LocationRouteTest" classname="Tests.Feature.Playground.Directory.Resource.Http.Controllers.Playground.LocationRouteTest" assertions="4" time="0.276165"/>
        <testcase name="test_restore_revision_as_admin_and_succeed_with_redirect_to_index_with_only_trash" file="/app/vendor/gammamatrix/playground-test/src/Feature/Http/Controllers/Resource/Playground/RestoreRevisionTrait.php" line="115" class="Tests\Feature\Playground\Directory\Resource\Http\Controllers\Playground\LocationRouteTest" classname="Tests.Feature.Playground.Directory.Resource.Http.Controllers.Playground.LocationRouteTest" assertions="4" time="0.258472"/>
        <testcase name="test_restore_revision_as_user_and_get_denied" file="/app/vendor/gammamatrix/playground-test/src/Feature/Http/Controllers/Resource/Playground/RestoreRevisionTrait.php" line="165" class="Tests\Feature\Playground\Directory\Resource\Http\Controllers\Playground\LocationRouteTest" classname="Tests.Feature.Playground.Directory.Resource.Http.Controllers.Playground.LocationRouteTest" assertions="3" time="0.204511"/>
        <testcase name="test_guest_cannot_restore" file="/app/vendor/gammamatrix/playground-test/src/Feature/Http/Controllers/Resource/Playground/RestoreTrait.php" line="33" class="Tests\Feature\Playground\Directory\Resource\Http\Controllers\Playground\LocationRouteTest" classname="Tests.Feature.Playground.Directory.Resource.Http.Controllers.Playground.LocationRouteTest" assertions="3" time="0.185996"/>
        <testcase name="test_restore_as_admin_and_succeed" file="/app/vendor/gammamatrix/playground-test/src/Feature/Http/Controllers/Resource/Playground/RestoreTrait.php" line="65" class="Tests\Feature\Playground\Directory\Resource\Http\Controllers\Playground\LocationRouteTest" classname="Tests.Feature.Playground.Directory.Resource.Http.Controllers.Playground.LocationRouteTest" assertions="4" time="0.200591"/>
        <testcase name="test_restore_as_admin_and_succeed_with_redirect_to_index_with_only_trash" file="/app/vendor/gammamatrix/playground-test/src/Feature/Http/Controllers/Resource/Playground/RestoreTrait.php" line="101" class="Tests\Feature\Playground\Directory\Resource\Http\Controllers\Playground\LocationRouteTest" classname="Tests.Feature.Playground.Directory.Resource.Http.Controllers.Playground.LocationRouteTest" assertions="4" time="0.198662"/>
        <testcase name="test_restore_as_user_and_get_denied" file="/app/vendor/gammamatrix/playground-test/src/Feature/Http/Controllers/Resource/Playground/RestoreTrait.php" line="147" class="Tests\Feature\Playground\Directory\Resource\Http\Controllers\Playground\LocationRouteTest" classname="Tests.Feature.Playground.Directory.Resource.Http.Controllers.Playground.LocationRouteTest" assertions="3" time="0.201261"/>
        <testcase name="test_json_guest_cannot_render_revision_view" file="/app/vendor/gammamatrix/playground-test/src/Feature/Http/Controllers/Resource/Playground/RevisionJsonTrait.php" line="39" class="Tests\Feature\Playground\Directory\Resource\Http\Controllers\Playground\LocationRouteTest" classname="Tests.Feature.Playground.Directory.Resource.Http.Controllers.Playground.LocationRouteTest" assertions="2" time="0.195491"/>
        <testcase name="test_json_admin_can_get_revision_info" file="/app/vendor/gammamatrix/playground-test/src/Feature/Http/Controllers/Resource/Playground/RevisionJsonTrait.php" line="70" class="Tests\Feature\Playground\Directory\Resource\Http\Controllers\Playground\LocationRouteTest" classname="Tests.Feature.Playground.Directory.Resource.Http.Controllers.Playground.LocationRouteTest" assertions="95" time="0.211971"/>
        <testcase name="test_json_guest_cannot_get_revisions" file="/app/vendor/gammamatrix/playground-test/src/Feature/Http/Controllers/Resource/Playground/RevisionsJsonTrait.php" line="35" class="Tests\Feature\Playground\Directory\Resource\Http\Controllers\Playground\LocationRouteTest" classname="Tests.Feature.Playground.Directory.Resource.Http.Controllers.Playground.LocationRouteTest" assertions="2" time="0.205586"/>
        <testcase name="test_json_admin_can_get_revisions" file="/app/vendor/gammamatrix/playground-test/src/Feature/Http/Controllers/Resource/Playground/RevisionsJsonTrait.php" line="64" class="Tests\Feature\Playground\Directory\Resource\Http\Controllers\Playground\LocationRouteTest" classname="Tests.Feature.Playground.Directory.Resource.Http.Controllers.Playground.LocationRouteTest" assertions="2" time="0.218601"/>
        <testcase name="test_json_admin_can_get_revisions_with_filters" file="/app/vendor/gammamatrix/playground-test/src/Feature/Http/Controllers/Resource/Playground/RevisionsJsonTrait.php" line="105" class="Tests\Feature\Playground\Directory\Resource\Http\Controllers\Playground\LocationRouteTest" classname="Tests.Feature.Playground.Directory.Resource.Http.Controllers.Playground.LocationRouteTest" assertions="99" time="0.222114"/>
        <testcase name="test_guest_cannot_render_revisions_view" file="/app/vendor/gammamatrix/playground-test/src/Feature/Http/Controllers/Resource/Playground/RevisionsTrait.php" line="35" class="Tests\Feature\Playground\Directory\Resource\Http\Controllers\Playground\LocationRouteTest" classname="Tests.Feature.Playground.Directory.Resource.Http.Controllers.Playground.LocationRouteTest" assertions="2" time="0.200413"/>
        <testcase name="test_admin_can_render_revisions_view" file="/app/vendor/gammamatrix/playground-test/src/Feature/Http/Controllers/Resource/Playground/RevisionsTrait.php" line="64" class="Tests\Feature\Playground\Directory\Resource\Http\Controllers\Playground\LocationRouteTest" classname="Tests.Feature.Playground.Directory.Resource.Http.Controllers.Playground.LocationRouteTest" assertions="2" time="0.245278"/>
        <testcase name="test_admin_can_render_revisions_view_with_filters" file="/app/vendor/gammamatrix/playground-test/src/Feature/Http/Controllers/Resource/Playground/RevisionsTrait.php" line="105" class="Tests\Feature\Playground\Directory\Resource\Http\Controllers\Playground\LocationRouteTest" classname="Tests.Feature.Playground.Directory.Resource.Http.Controllers.Playground.LocationRouteTest" assertions="3" time="0.239966"/>
        <testcase name="test_guest_cannot_render_revision_view" file="/app/vendor/gammamatrix/playground-test/src/Feature/Http/Controllers/Resource/Playground/RevisionTrait.php" line="39" class="Tests\Feature\Playground\Directory\Resource\Http\Controllers\Playground\LocationRouteTest" classname="Tests.Feature.Playground.Directory.Resource.Http.Controllers.Playground.LocationRouteTest" assertions="2" time="0.196898"/>
        <testcase name="test_revision_view_rendered_by_admin" file="/app/vendor/gammamatrix/playground-test/src/Feature/Http/Controllers/Resource/Playground/RevisionTrait.php" line="70" class="Tests\Feature\Playground\Directory\Resource\Http\Controllers\Playground\LocationRouteTest" classname="Tests.Feature.Playground.Directory.Resource.Http.Controllers.Playground.LocationRouteTest" assertions="2" time="0.226726"/>
        <testcase name="test_json_guest_cannot_see_info" file="/app/vendor/gammamatrix/playground-test/src/Feature/Http/Controllers/Resource/Playground/ShowJsonTrait.php" line="30" class="Tests\Feature\Playground\Directory\Resource\Http\Controllers\Playground\LocationRouteTest" classname="Tests.Feature.Playground.Directory.Resource.Http.Controllers.Playground.LocationRouteTest" assertions="1" time="0.187839"/>
        <testcase name="test_json_show_info_for_admin" file="/app/vendor/gammamatrix/playground-test/src/Feature/Http/Controllers/Resource/Playground/ShowJsonTrait.php" line="50" class="Tests\Feature\Playground\Directory\Resource\Http\Controllers\Playground\LocationRouteTest" classname="Tests.Feature.Playground.Directory.Resource.Http.Controllers.Playground.LocationRouteTest" assertions="95" time="0.201765"/>
        <testcase name="test_guest_cannot_render_show_view" file="/app/vendor/gammamatrix/playground-test/src/Feature/Http/Controllers/Resource/Playground/ShowTrait.php" line="30" class="Tests\Feature\Playground\Directory\Resource\Http\Controllers\Playground\LocationRouteTest" classname="Tests.Feature.Playground.Directory.Resource.Http.Controllers.Playground.LocationRouteTest" assertions="1" time="0.188050"/>
        <testcase name="test_show_view_rendered_by_admin" file="/app/vendor/gammamatrix/playground-test/src/Feature/Http/Controllers/Resource/Playground/ShowTrait.php" line="50" class="Tests\Feature\Playground\Directory\Resource\Http\Controllers\Playground\LocationRouteTest" classname="Tests.Feature.Playground.Directory.Resource.Http.Controllers.Playground.LocationRouteTest" assertions="2" time="0.222648"/>
        <testcase name="test_json_guest_cannot_store" file="/app/vendor/gammamatrix/playground-test/src/Feature/Http/Controllers/Resource/Playground/StoreJsonTrait.php" line="44" class="Tests\Feature\Playground\Directory\Resource\Http\Controllers\Playground\LocationRouteTest" classname="Tests.Feature.Playground.Directory.Resource.Http.Controllers.Playground.LocationRouteTest" assertions="3" time="0.186356"/>
        <testcase name="test_json_store_as_admin_without_payload_and_fail_validation" file="/app/vendor/gammamatrix/playground-test/src/Feature/Http/Controllers/Resource/Playground/StoreJsonTrait.php" line="67" class="Tests\Feature\Playground\Directory\Resource\Http\Controllers\Playground\LocationRouteTest" classname="Tests.Feature.Playground.Directory.Resource.Http.Controllers.Playground.LocationRouteTest" assertions="5" time="0.196248"/>
        <testcase name="test_json_store_as_admin_and_succeed" file="/app/vendor/gammamatrix/playground-test/src/Feature/Http/Controllers/Resource/Playground/StoreJsonTrait.php" line="93" class="Tests\Feature\Playground\Directory\Resource\Http\Controllers\Playground\LocationRouteTest" classname="Tests.Feature.Playground.Directory.Resource.Http.Controllers.Playground.LocationRouteTest" assertions="3" time="0.247795"/>
        <testcase name="test_guest_cannot_store" file="/app/vendor/gammamatrix/playground-test/src/Feature/Http/Controllers/Resource/Playground/StoreTrait.php" line="39" class="Tests\Feature\Playground\Directory\Resource\Http\Controllers\Playground\LocationRouteTest" classname="Tests.Feature.Playground.Directory.Resource.Http.Controllers.Playground.LocationRouteTest" assertions="3" time="0.184721"/>
        <testcase name="test_store_as_admin_without_payload_and_fail_validation" file="/app/vendor/gammamatrix/playground-test/src/Feature/Http/Controllers/Resource/Playground/StoreTrait.php" line="62" class="Tests\Feature\Playground\Directory\Resource\Http\Controllers\Playground\LocationRouteTest" classname="Tests.Feature.Playground.Directory.Resource.Http.Controllers.Playground.LocationRouteTest" assertions="5" time="0.196560"/>
        <testcase name="test_store_as_admin_and_succeed" file="/app/vendor/gammamatrix/playground-test/src/Feature/Http/Controllers/Resource/Playground/StoreTrait.php" line="91" class="Tests\Feature\Playground\Directory\Resource\Http\Controllers\Playground\LocationRouteTest" classname="Tests.Feature.Playground.Directory.Resource.Http.Controllers.Playground.LocationRouteTest" assertions="4" time="0.223261"/>
        <testcase name="test_store_as_admin_and_succeed_with_return_url" file="/app/vendor/gammamatrix/playground-test/src/Feature/Http/Controllers/Resource/Playground/StoreTrait.php" line="136" class="Tests\Feature\Playground\Directory\Resource\Http\Controllers\Playground\LocationRouteTest" classname="Tests.Feature.Playground.Directory.Resource.Http.Controllers.Playground.LocationRouteTest" assertions="4" time="0.223568"/>
        <testcase name="test_json_guest_cannot_unlock" file="/app/vendor/gammamatrix/playground-test/src/Feature/Http/Controllers/Resource/Playground/UnlockJsonTrait.php" line="37" class="Tests\Feature\Playground\Directory\Resource\Http\Controllers\Playground\LocationRouteTest" classname="Tests.Feature.Playground.Directory.Resource.Http.Controllers.Playground.LocationRouteTest" assertions="3" time="0.189100"/>
        <testcase name="test_json_unlock_as_admin_and_succeed" file="/app/vendor/gammamatrix/playground-test/src/Feature/Http/Controllers/Resource/Playground/UnlockJsonTrait.php" line="69" class="Tests\Feature\Playground\Directory\Resource\Http\Controllers\Playground\LocationRouteTest" classname="Tests.Feature.Playground.Directory.Resource.Http.Controllers.Playground.LocationRouteTest" assertions="96" time="0.217114"/>
        <testcase name="test_json_unlock_as_admin_and_succeed_with_no_redirect" file="/app/vendor/gammamatrix/playground-test/src/Feature/Http/Controllers/Resource/Playground/UnlockJsonTrait.php" line="105" class="Tests\Feature\Playground\Directory\Resource\Http\Controllers\Playground\LocationRouteTest" classname="Tests.Feature.Playground.Directory.Resource.Http.Controllers.Playground.LocationRouteTest" assertions="96" time="0.210960"/>
        <testcase name="test_json_unlock_as_user_and_get_denied" file="/app/vendor/gammamatrix/playground-test/src/Feature/Http/Controllers/Resource/Playground/UnlockJsonTrait.php" line="146" class="Tests\Feature\Playground\Directory\Resource\Http\Controllers\Playground\LocationRouteTest" classname="Tests.Feature.Playground.Directory.Resource.Http.Controllers.Playground.LocationRouteTest" assertions="3" time="0.198708"/>
        <testcase name="test_guest_cannot_unlock" file="/app/vendor/gammamatrix/playground-test/src/Feature/Http/Controllers/Resource/Playground/UnlockTrait.php" line="37" class="Tests\Feature\Playground\Directory\Resource\Http\Controllers\Playground\LocationRouteTest" classname="Tests.Feature.Playground.Directory.Resource.Http.Controllers.Playground.LocationRouteTest" assertions="3" time="0.192877"/>
        <testcase name="test_unlock_as_admin_and_succeed" file="/app/vendor/gammamatrix/playground-test/src/Feature/Http/Controllers/Resource/Playground/UnlockTrait.php" line="69" class="Tests\Feature\Playground\Directory\Resource\Http\Controllers\Playground\LocationRouteTest" classname="Tests.Feature.Playground.Directory.Resource.Http.Controllers.Playground.LocationRouteTest" assertions="4" time="0.215162"/>
        <testcase name="test_unlock_as_admin_and_succeed_with_redirect_to_index_with_sorted_by_unlocked_desc" file="/app/vendor/gammamatrix/playground-test/src/Feature/Http/Controllers/Resource/Playground/UnlockTrait.php" line="110" class="Tests\Feature\Playground\Directory\Resource\Http\Controllers\Playground\LocationRouteTest" classname="Tests.Feature.Playground.Directory.Resource.Http.Controllers.Playground.LocationRouteTest" assertions="4" time="0.208279"/>
        <testcase name="test_unlock_as_user_and_get_denied" file="/app/vendor/gammamatrix/playground-test/src/Feature/Http/Controllers/Resource/Playground/UnlockTrait.php" line="149" class="Tests\Feature\Playground\Directory\Resource\Http\Controllers\Playground\LocationRouteTest" classname="Tests.Feature.Playground.Directory.Resource.Http.Controllers.Playground.LocationRouteTest" assertions="3" time="0.203869"/>
        <testcase name="test_json_guest_cannot_update" file="/app/vendor/gammamatrix/playground-test/src/Feature/Http/Controllers/Resource/Playground/UpdateJsonTrait.php" line="46" class="Tests\Feature\Playground\Directory\Resource\Http\Controllers\Playground\LocationRouteTest" classname="Tests.Feature.Playground.Directory.Resource.Http.Controllers.Playground.LocationRouteTest" assertions="1" time="0.192266"/>
        <testcase name="test_json_update_as_admin_without_payload_and_passes_validation" file="/app/vendor/gammamatrix/playground-test/src/Feature/Http/Controllers/Resource/Playground/UpdateJsonTrait.php" line="66" class="Tests\Feature\Playground\Directory\Resource\Http\Controllers\Playground\LocationRouteTest" classname="Tests.Feature.Playground.Directory.Resource.Http.Controllers.Playground.LocationRouteTest" assertions="2" time="0.245539"/>
        <testcase name="test_json_admin_can_update" file="/app/vendor/gammamatrix/playground-test/src/Feature/Http/Controllers/Resource/Playground/UpdateJsonTrait.php" line="114" class="Tests\Feature\Playground\Directory\Resource\Http\Controllers\Playground\LocationRouteTest" classname="Tests.Feature.Playground.Directory.Resource.Http.Controllers.Playground.LocationRouteTest" assertions="98" time="0.276415"/>
        <testcase name="test_guest_cannot_update" file="/app/vendor/gammamatrix/playground-test/src/Feature/Http/Controllers/Resource/Playground/UpdateTrait.php" line="46" class="Tests\Feature\Playground\Directory\Resource\Http\Controllers\Playground\LocationRouteTest" classname="Tests.Feature.Playground.Directory.Resource.Http.Controllers.Playground.LocationRouteTest" assertions="1" time="0.191022"/>
        <testcase name="test_update_as_admin_without_payload_and_passes_validation" file="/app/vendor/gammamatrix/playground-test/src/Feature/Http/Controllers/Resource/Playground/UpdateTrait.php" line="66" class="Tests\Feature\Playground\Directory\Resource\Http\Controllers\Playground\LocationRouteTest" classname="Tests.Feature.Playground.Directory.Resource.Http.Controllers.Playground.LocationRouteTest" assertions="3" time="0.246043"/>
        <testcase name="test_admin_can_update" file="/app/vendor/gammamatrix/playground-test/src/Feature/Http/Controllers/Resource/Playground/UpdateTrait.php" line="117" class="Tests\Feature\Playground\Directory\Resource\Http\Controllers\Playground\LocationRouteTest" classname="Tests.Feature.Playground.Directory.Resource.Http.Controllers.Playground.LocationRouteTest" assertions="6" time="0.270449"/>
        <testcase name="test_admin_can_update_view_with_return_url" file="/app/vendor/gammamatrix/playground-test/src/Feature/Http/Controllers/Resource/Playground/UpdateTrait.php" line="160" class="Tests\Feature\Playground\Directory\Resource\Http\Controllers\Playground\LocationRouteTest" classname="Tests.Feature.Playground.Directory.Resource.Http.Controllers.Playground.LocationRouteTest" assertions="6" time="0.272535"/>
      </testsuite>
      <testsuite name="Tests\Feature\Playground\Directory\Resource\Http\Controllers\Playground\SublocationRouteTest" file="/app/tests/Feature/Http/Controllers/Playground/SublocationRouteTest.php" tests="91" assertions="1504" errors="0" failures="0" skipped="0" time="18.524827">
        <testcase name="test_json_guest_cannot_get_create_info" file="/app/vendor/gammamatrix/playground-test/src/Feature/Http/Controllers/Resource/Playground/CreateJsonTrait.php" line="39" class="Tests\Feature\Playground\Directory\Resource\Http\Controllers\Playground\SublocationRouteTest" classname="Tests.Feature.Playground.Directory.Resource.Http.Controllers.Playground.SublocationRouteTest" assertions="1" time="0.159187"/>
        <testcase name="test_json_admin_can_get_create_info" file="/app/vendor/gammamatrix/playground-test/src/Feature/Http/Controllers/Resource/Playground/CreateJsonTrait.php" line="54" class="Tests\Feature\Playground\Directory\Resource\Http\Controllers\Playground\SublocationRouteTest" classname="Tests.Feature.Playground.Directory.Resource.Http.Controllers.Playground.SublocationRouteTest" assertions="95" time="0.182667"/>
        <testcase name="test_json_get_create_info_as_admin_with_invalid_parameter_and_fail_validation" file="/app/vendor/gammamatrix/playground-test/src/Feature/Http/Controllers/Resource/Playground/CreateJsonTrait.php" line="74" class="Tests\Feature\Playground\Directory\Resource\Http\Controllers\Playground\SublocationRouteTest" classname="Tests.Feature.Playground.Directory.Resource.Http.Controllers.Playground.SublocationRouteTest" assertions="4" time="0.182079"/>
        <testcase name="test_guest_cannot_render_create_view" file="/app/vendor/gammamatrix/playground-test/src/Feature/Http/Controllers/Resource/Playground/CreateTrait.php" line="34" class="Tests\Feature\Playground\Directory\Resource\Http\Controllers\Playground\SublocationRouteTest" classname="Tests.Feature.Playground.Directory.Resource.Http.Controllers.Playground.SublocationRouteTest" assertions="1" time="0.161597"/>
        <testcase name="test_admin_can_render_create_view" file="/app/vendor/gammamatrix/playground-test/src/Feature/Http/Controllers/Resource/Playground/CreateTrait.php" line="48" class="Tests\Feature\Playground\Directory\Resource\Http\Controllers\Playground\SublocationRouteTest" classname="Tests.Feature.Playground.Directory.Resource.Http.Controllers.Playground.SublocationRouteTest" assertions="2" time="0.208329"/>
        <testcase name="test_admin_can_render_create_view_with_return_url" file="/app/vendor/gammamatrix/playground-test/src/Feature/Http/Controllers/Resource/Playground/CreateTrait.php" line="66" class="Tests\Feature\Playground\Directory\Resource\Http\Controllers\Playground\SublocationRouteTest" classname="Tests.Feature.Playground.Directory.Resource.Http.Controllers.Playground.SublocationRouteTest" assertions="3" time="0.206088"/>
        <testcase name="test_create_view_as_admin_with_invalid_parameter_and_fail_validation_and_redirect" file="/app/vendor/gammamatrix/playground-test/src/Feature/Http/Controllers/Resource/Playground/CreateTrait.php" line="90" class="Tests\Feature\Playground\Directory\Resource\Http\Controllers\Playground\SublocationRouteTest" classname="Tests.Feature.Playground.Directory.Resource.Http.Controllers.Playground.SublocationRouteTest" assertions="5" time="0.176493"/>
        <testcase name="test_json_guest_cannot_destroy" file="/app/vendor/gammamatrix/playground-test/src/Feature/Http/Controllers/Resource/Playground/DestroyJsonTrait.php" line="32" class="Tests\Feature\Playground\Directory\Resource\Http\Controllers\Playground\SublocationRouteTest" classname="Tests.Feature.Playground.Directory.Resource.Http.Controllers.Playground.SublocationRouteTest" assertions="3" time="0.169735"/>
        <testcase name="test_json_destroy_as_admin_and_succeed" file="/app/vendor/gammamatrix/playground-test/src/Feature/Http/Controllers/Resource/Playground/DestroyJsonTrait.php" line="62" class="Tests\Feature\Playground\Directory\Resource\Http\Controllers\Playground\SublocationRouteTest" classname="Tests.Feature.Playground.Directory.Resource.Http.Controllers.Playground.SublocationRouteTest" assertions="5" time="0.188922"/>
        <testcase name="test_json_destroy_as_admin_and_succeed_with_force_delete" file="/app/vendor/gammamatrix/playground-test/src/Feature/Http/Controllers/Resource/Playground/DestroyJsonTrait.php" line="101" class="Tests\Feature\Playground\Directory\Resource\Http\Controllers\Playground\SublocationRouteTest" classname="Tests.Feature.Playground.Directory.Resource.Http.Controllers.Playground.SublocationRouteTest" assertions="4" time="0.178732"/>
        <testcase name="test_json_destroy_as_admin_and_succeed_with_no_content" file="/app/vendor/gammamatrix/playground-test/src/Feature/Http/Controllers/Resource/Playground/DestroyJsonTrait.php" line="133" class="Tests\Feature\Playground\Directory\Resource\Http\Controllers\Playground\SublocationRouteTest" classname="Tests.Feature.Playground.Directory.Resource.Http.Controllers.Playground.SublocationRouteTest" assertions="5" time="0.188616"/>
        <testcase name="test_json_destroy_as_admin_and_succeed_and_ignore_redirect" file="/app/vendor/gammamatrix/playground-test/src/Feature/Http/Controllers/Resource/Playground/DestroyJsonTrait.php" line="168" class="Tests\Feature\Playground\Directory\Resource\Http\Controllers\Playground\SublocationRouteTest" classname="Tests.Feature.Playground.Directory.Resource.Http.Controllers.Playground.SublocationRouteTest" assertions="5" time="0.182491"/>
        <testcase name="test_json_destroy_as_user_and_get_denied_and_no_force_delete_allowed" file="/app/vendor/gammamatrix/playground-test/src/Feature/Http/Controllers/Resource/Playground/DestroyJsonTrait.php" line="210" class="Tests\Feature\Playground\Directory\Resource\Http\Controllers\Playground\SublocationRouteTest" classname="Tests.Feature.Playground.Directory.Resource.Http.Controllers.Playground.SublocationRouteTest" assertions="3" time="0.180054"/>
        <testcase name="test_guest_cannot_destroy" file="/app/vendor/gammamatrix/playground-test/src/Feature/Http/Controllers/Resource/Playground/DestroyTrait.php" line="32" class="Tests\Feature\Playground\Directory\Resource\Http\Controllers\Playground\SublocationRouteTest" classname="Tests.Feature.Playground.Directory.Resource.Http.Controllers.Playground.SublocationRouteTest" assertions="3" time="0.175138"/>
        <testcase name="test_destroy_as_admin_and_succeed" file="/app/vendor/gammamatrix/playground-test/src/Feature/Http/Controllers/Resource/Playground/DestroyTrait.php" line="62" class="Tests\Feature\Playground\Directory\Resource\Http\Controllers\Playground\SublocationRouteTest" classname="Tests.Feature.Playground.Directory.Resource.Http.Controllers.Playground.SublocationRouteTest" assertions="5" time="0.182844"/>
        <testcase name="test_destroy_as_admin_and_succeed_with_force_delete" file="/app/vendor/gammamatrix/playground-test/src/Feature/Http/Controllers/Resource/Playground/DestroyTrait.php" line="98" class="Tests\Feature\Playground\Directory\Resource\Http\Controllers\Playground\SublocationRouteTest" classname="Tests.Feature.Playground.Directory.Resource.Http.Controllers.Playground.SublocationRouteTest" assertions="4" time="0.183890"/>
        <testcase name="test_destroy_as_admin_and_succeed_with_redirect_to_index_with_trash" file="/app/vendor/gammamatrix/playground-test/src/Feature/Http/Controllers/Resource/Playground/DestroyTrait.php" line="130" class="Tests\Feature\Playground\Directory\Resource\Http\Controllers\Playground\SublocationRouteTest" classname="Tests.Feature.Playground.Directory.Resource.Http.Controllers.Playground.SublocationRouteTest" assertions="5" time="0.184837"/>
        <testcase name="test_destroy_as_user_and_get_denied_and_no_force_delete_allowed" file="/app/vendor/gammamatrix/playground-test/src/Feature/Http/Controllers/Resource/Playground/DestroyTrait.php" line="172" class="Tests\Feature\Playground\Directory\Resource\Http\Controllers\Playground\SublocationRouteTest" classname="Tests.Feature.Playground.Directory.Resource.Http.Controllers.Playground.SublocationRouteTest" assertions="3" time="0.184826"/>
        <testcase name="test_json_guest_cannot_get_edit_info" file="/app/vendor/gammamatrix/playground-test/src/Feature/Http/Controllers/Resource/Playground/EditJsonTrait.php" line="39" class="Tests\Feature\Playground\Directory\Resource\Http\Controllers\Playground\SublocationRouteTest" classname="Tests.Feature.Playground.Directory.Resource.Http.Controllers.Playground.SublocationRouteTest" assertions="1" time="0.173925"/>
        <testcase name="test_json_admin_can_get_edit_info" file="/app/vendor/gammamatrix/playground-test/src/Feature/Http/Controllers/Resource/Playground/EditJsonTrait.php" line="59" class="Tests\Feature\Playground\Directory\Resource\Http\Controllers\Playground\SublocationRouteTest" classname="Tests.Feature.Playground.Directory.Resource.Http.Controllers.Playground.SublocationRouteTest" assertions="4" time="0.204878"/>
        <testcase name="test_json_edit_as_admin_and_fail_validation_with_invalid_parameter" file="/app/vendor/gammamatrix/playground-test/src/Feature/Http/Controllers/Resource/Playground/EditJsonTrait.php" line="88" class="Tests\Feature\Playground\Directory\Resource\Http\Controllers\Playground\SublocationRouteTest" classname="Tests.Feature.Playground.Directory.Resource.Http.Controllers.Playground.SublocationRouteTest" assertions="4" time="0.190946"/>
        <testcase name="test_guest_cannot_render_edit_view" file="/app/vendor/gammamatrix/playground-test/src/Feature/Http/Controllers/Resource/Playground/EditTrait.php" line="34" class="Tests\Feature\Playground\Directory\Resource\Http\Controllers\Playground\SublocationRouteTest" classname="Tests.Feature.Playground.Directory.Resource.Http.Controllers.Playground.SublocationRouteTest" assertions="1" time="0.174579"/>
        <testcase name="test_admin_can_render_edit_view" file="/app/vendor/gammamatrix/playground-test/src/Feature/Http/Controllers/Resource/Playground/EditTrait.php" line="54" class="Tests\Feature\Playground\Directory\Resource\Http\Controllers\Playground\SublocationRouteTest" classname="Tests.Feature.Playground.Directory.Resource.Http.Controllers.Playground.SublocationRouteTest" assertions="2" time="0.222259"/>
        <testcase name="test_admin_can_render_edit_view_with_return_url" file="/app/vendor/gammamatrix/playground-test/src/Feature/Http/Controllers/Resource/Playground/EditTrait.php" line="78" class="Tests\Feature\Playground\Directory\Resource\Http\Controllers\Playground\SublocationRouteTest" classname="Tests.Feature.Playground.Directory.Resource.Http.Controllers.Playground.SublocationRouteTest" assertions="3" time="0.225361"/>
        <testcase name="test_edit_view_as_admin_with_invalid_parameter_and_fail_validation_and_redirect" file="/app/vendor/gammamatrix/playground-test/src/Feature/Http/Controllers/Resource/Playground/EditTrait.php" line="107" class="Tests\Feature\Playground\Directory\Resource\Http\Controllers\Playground\SublocationRouteTest" classname="Tests.Feature.Playground.Directory.Resource.Http.Controllers.Playground.SublocationRouteTest" assertions="4" time="0.191674"/>
        <testcase name="test_json_guest_cannot_get_index" file="/app/vendor/gammamatrix/playground-test/src/Feature/Http/Controllers/Resource/Playground/IndexJsonTrait.php" line="35" class="Tests\Feature\Playground\Directory\Resource\Http\Controllers\Playground\SublocationRouteTest" classname="Tests.Feature.Playground.Directory.Resource.Http.Controllers.Playground.SublocationRouteTest" assertions="1" time="0.174104"/>
        <testcase name="test_json_admin_can_get_index" file="/app/vendor/gammamatrix/playground-test/src/Feature/Http/Controllers/Resource/Playground/IndexJsonTrait.php" line="50" class="Tests\Feature\Playground\Directory\Resource\Http\Controllers\Playground\SublocationRouteTest" classname="Tests.Feature.Playground.Directory.Resource.Http.Controllers.Playground.SublocationRouteTest" assertions="99" time="0.197395"/>
        <testcase name="test_json_admin_can_get_index_with_filters" file="/app/vendor/gammamatrix/playground-test/src/Feature/Http/Controllers/Resource/Playground/IndexJsonTrait.php" line="86" class="Tests\Feature\Playground\Directory\Resource\Http\Controllers\Playground\SublocationRouteTest" classname="Tests.Feature.Playground.Directory.Resource.Http.Controllers.Playground.SublocationRouteTest" assertions="3" time="0.203647"/>
        <testcase name="test_guest_cannot_render_index_view" file="/app/vendor/gammamatrix/playground-test/src/Feature/Http/Controllers/Resource/Playground/IndexTrait.php" line="30" class="Tests\Feature\Playground\Directory\Resource\Http\Controllers\Playground\SublocationRouteTest" classname="Tests.Feature.Playground.Directory.Resource.Http.Controllers.Playground.SublocationRouteTest" assertions="1" time="0.175804"/>
        <testcase name="test_admin_can_render_index_view" file="/app/vendor/gammamatrix/playground-test/src/Feature/Http/Controllers/Resource/Playground/IndexTrait.php" line="45" class="Tests\Feature\Playground\Directory\Resource\Http\Controllers\Playground\SublocationRouteTest" classname="Tests.Feature.Playground.Directory.Resource.Http.Controllers.Playground.SublocationRouteTest" assertions="2" time="0.220091"/>
        <testcase name="test_admin_can_render_index_view_with_filters" file="/app/vendor/gammamatrix/playground-test/src/Feature/Http/Controllers/Resource/Playground/IndexTrait.php" line="78" class="Tests\Feature\Playground\Directory\Resource\Http\Controllers\Playground\SublocationRouteTest" classname="Tests.Feature.Playground.Directory.Resource.Http.Controllers.Playground.SublocationRouteTest" assertions="3" time="0.222650"/>
        <testcase name="test_json_guest_cannot_lock" file="/app/vendor/gammamatrix/playground-test/src/Feature/Http/Controllers/Resource/Playground/LockJsonTrait.php" line="37" class="Tests\Feature\Playground\Directory\Resource\Http\Controllers\Playground\SublocationRouteTest" classname="Tests.Feature.Playground.Directory.Resource.Http.Controllers.Playground.SublocationRouteTest" assertions="3" time="0.179811"/>
        <testcase name="test_json_lock_as_admin_and_succeed" file="/app/vendor/gammamatrix/playground-test/src/Feature/Http/Controllers/Resource/Playground/LockJsonTrait.php" line="67" class="Tests\Feature\Playground\Directory\Resource\Http\Controllers\Playground\SublocationRouteTest" classname="Tests.Feature.Playground.Directory.Resource.Http.Controllers.Playground.SublocationRouteTest" assertions="3" time="0.199504"/>
        <testcase name="test_json_lock_as_admin_and_succeed_with_no_redirect" file="/app/vendor/gammamatrix/playground-test/src/Feature/Http/Controllers/Resource/Playground/LockJsonTrait.php" line="99" class="Tests\Feature\Playground\Directory\Resource\Http\Controllers\Playground\SublocationRouteTest" classname="Tests.Feature.Playground.Directory.Resource.Http.Controllers.Playground.SublocationRouteTest" assertions="97" time="0.201743"/>
        <testcase name="test_json_lock_as_user_and_get_denied" file="/app/vendor/gammamatrix/playground-test/src/Feature/Http/Controllers/Resource/Playground/LockJsonTrait.php" line="144" class="Tests\Feature\Playground\Directory\Resource\Http\Controllers\Playground\SublocationRouteTest" classname="Tests.Feature.Playground.Directory.Resource.Http.Controllers.Playground.SublocationRouteTest" assertions="3" time="0.189314"/>
        <testcase name="test_guest_cannot_lock" file="/app/vendor/gammamatrix/playground-test/src/Feature/Http/Controllers/Resource/Playground/LockTrait.php" line="32" class="Tests\Feature\Playground\Directory\Resource\Http\Controllers\Playground\SublocationRouteTest" classname="Tests.Feature.Playground.Directory.Resource.Http.Controllers.Playground.SublocationRouteTest" assertions="3" time="0.188540"/>
        <testcase name="test_lock_as_admin_and_succeed" file="/app/vendor/gammamatrix/playground-test/src/Feature/Http/Controllers/Resource/Playground/LockTrait.php" line="62" class="Tests\Feature\Playground\Directory\Resource\Http\Controllers\Playground\SublocationRouteTest" classname="Tests.Feature.Playground.Directory.Resource.Http.Controllers.Playground.SublocationRouteTest" assertions="4" time="0.194310"/>
        <testcase name="test_lock_as_admin_and_succeed_with_redirect_to_index_with_sorted_by_locked_desc" file="/app/vendor/gammamatrix/playground-test/src/Feature/Http/Controllers/Resource/Playground/LockTrait.php" line="96" class="Tests\Feature\Playground\Directory\Resource\Http\Controllers\Playground\SublocationRouteTest" classname="Tests.Feature.Playground.Directory.Resource.Http.Controllers.Playground.SublocationRouteTest" assertions="4" time="0.194167"/>
        <testcase name="test_lock_as_user_and_get_denied" file="/app/vendor/gammamatrix/playground-test/src/Feature/Http/Controllers/Resource/Playground/LockTrait.php" line="133" class="Tests\Feature\Playground\Directory\Resource\Http\Controllers\Playground\SublocationRouteTest" classname="Tests.Feature.Playground.Directory.Resource.Http.Controllers.Playground.SublocationRouteTest" assertions="3" time="0.189044"/>
        <testcase name="test_json_guest_cannot_restore" file="/app/vendor/gammamatrix/playground-test/src/Feature/Http/Controllers/Resource/Playground/RestoreJsonTrait.php" line="33" class="Tests\Feature\Playground\Directory\Resource\Http\Controllers\Playground\SublocationRouteTest" classname="Tests.Feature.Playground.Directory.Resource.Http.Controllers.Playground.SublocationRouteTest" assertions="3" time="0.180875"/>
        <testcase name="test_json_restore_as_admin_and_succeed" file="/app/vendor/gammamatrix/playground-test/src/Feature/Http/Controllers/Resource/Playground/RestoreJsonTrait.php" line="65" class="Tests\Feature\Playground\Directory\Resource\Http\Controllers\Playground\SublocationRouteTest" classname="Tests.Feature.Playground.Directory.Resource.Http.Controllers.Playground.SublocationRouteTest" assertions="97" time="0.199254"/>
[...]
        <testcase name="test_guest_cannot_restore_revision" file="/app/vendor/gammamatrix/playground-test/src/Feature/Http/Controllers/Resource/Playground/RestoreRevisionTrait.php" line="39" class="Tests\Feature\Playground\Directory\Resource\Http\Controllers\Playground\SublocationRouteTest" classname="Tests.Feature.Playground.Directory.Resource.Http.Controllers.Playground.SublocationRouteTest" assertions="3" time="0.190852"/>
        <testcase name="test_restore_revision_as_admin_and_succeed" file="/app/vendor/gammamatrix/playground-test/src/Feature/Http/Controllers/Resource/Playground/RestoreRevisionTrait.php" line="75" class="Tests\Feature\Playground\Directory\Resource\Http\Controllers\Playground\SublocationRouteTest" classname="Tests.Feature.Playground.Directory.Resource.Http.Controllers.Playground.SublocationRouteTest" assertions="4" time="0.257580"/>
        <testcase name="test_restore_revision_as_admin_and_succeed_with_redirect_to_index_with_only_trash" file="/app/vendor/gammamatrix/playground-test/src/Feature/Http/Controllers/Resource/Playground/RestoreRevisionTrait.php" line="115" class="Tests\Feature\Playground\Directory\Resource\Http\Controllers\Playground\SublocationRouteTest" classname="Tests.Feature.Playground.Directory.Resource.Http.Controllers.Playground.SublocationRouteTest" assertions="4" time="0.257654"/>
        <testcase name="test_restore_revision_as_user_and_get_denied" file="/app/vendor/gammamatrix/playground-test/src/Feature/Http/Controllers/Resource/Playground/RestoreRevisionTrait.php" line="165" class="Tests\Feature\Playground\Directory\Resource\Http\Controllers\Playground\SublocationRouteTest" classname="Tests.Feature.Playground.Directory.Resource.Http.Controllers.Playground.SublocationRouteTest" assertions="3" time="0.200416"/>
        <testcase name="test_guest_cannot_restore" file="/app/vendor/gammamatrix/playground-test/src/Feature/Http/Controllers/Resource/Playground/RestoreTrait.php" line="33" class="Tests\Feature\Playground\Directory\Resource\Http\Controllers\Playground\SublocationRouteTest" classname="Tests.Feature.Playground.Directory.Resource.Http.Controllers.Playground.SublocationRouteTest" assertions="3" time="0.183516"/>
        <testcase name="test_restore_as_admin_and_succeed" file="/app/vendor/gammamatrix/playground-test/src/Feature/Http/Controllers/Resource/Playground/RestoreTrait.php" line="65" class="Tests\Feature\Playground\Directory\Resource\Http\Controllers\Playground\SublocationRouteTest" classname="Tests.Feature.Playground.Directory.Resource.Http.Controllers.Playground.SublocationRouteTest" assertions="4" time="0.202150"/>
        <testcase name="test_restore_as_admin_and_succeed_with_redirect_to_index_with_only_trash" file="/app/vendor/gammamatrix/playground-test/src/Feature/Http/Controllers/Resource/Playground/RestoreTrait.php" line="101" class="Tests\Feature\Playground\Directory\Resource\Http\Controllers\Playground\SublocationRouteTest" classname="Tests.Feature.Playground.Directory.Resource.Http.Controllers.Playground.SublocationRouteTest" assertions="4" time="0.198495"/>
        <testcase name="test_restore_as_user_and_get_denied" file="/app/vendor/gammamatrix/playground-test/src/Feature/Http/Controllers/Resource/Playground/RestoreTrait.php" line="147" class="Tests\Feature\Playground\Directory\Resource\Http\Controllers\Playground\SublocationRouteTest" classname="Tests.Feature.Playground.Directory.Resource.Http.Controllers.Playground.SublocationRouteTest" assertions="3" time="0.192842"/>
        <testcase name="test_json_guest_cannot_render_revision_view" file="/app/vendor/gammamatrix/playground-test/src/Feature/Http/Controllers/Resource/Playground/RevisionJsonTrait.php" line="39" class="Tests\Feature\Playground\Directory\Resource\Http\Controllers\Playground\SublocationRouteTest" classname="Tests.Feature.Playground.Directory.Resource.Http.Controllers.Playground.SublocationRouteTest" assertions="2" time="0.195172"/>
        <testcase name="test_json_admin_can_get_revision_info" file="/app/vendor/gammamatrix/playground-test/src/Feature/Http/Controllers/Resource/Playground/RevisionJsonTrait.php" line="70" class="Tests\Feature\Playground\Directory\Resource\Http\Controllers\Playground\SublocationRouteTest" classname="Tests.Feature.Playground.Directory.Resource.Http.Controllers.Playground.SublocationRouteTest" assertions="96" time="0.210510"/>
        <testcase name="test_json_guest_cannot_get_revisions" file="/app/vendor/gammamatrix/playground-test/src/Feature/Http/Controllers/Resource/Playground/RevisionsJsonTrait.php" line="35" class="Tests\Feature\Playground\Directory\Resource\Http\Controllers\Playground\SublocationRouteTest" classname="Tests.Feature.Playground.Directory.Resource.Http.Controllers.Playground.SublocationRouteTest" assertions="2" time="0.196744"/>
        <testcase name="test_json_admin_can_get_revisions" file="/app/vendor/gammamatrix/playground-test/src/Feature/Http/Controllers/Resource/Playground/RevisionsJsonTrait.php" line="64" class="Tests\Feature\Playground\Directory\Resource\Http\Controllers\Playground\SublocationRouteTest" classname="Tests.Feature.Playground.Directory.Resource.Http.Controllers.Playground.SublocationRouteTest" assertions="2" time="0.217479"/>
        <testcase name="test_json_admin_can_get_revisions_with_filters" file="/app/vendor/gammamatrix/playground-test/src/Feature/Http/Controllers/Resource/Playground/RevisionsJsonTrait.php" line="105" class="Tests\Feature\Playground\Directory\Resource\Http\Controllers\Playground\SublocationRouteTest" classname="Tests.Feature.Playground.Directory.Resource.Http.Controllers.Playground.SublocationRouteTest" assertions="100" time="0.221108"/>
        <testcase name="test_guest_cannot_render_revisions_view" file="/app/vendor/gammamatrix/playground-test/src/Feature/Http/Controllers/Resource/Playground/RevisionsTrait.php" line="35" class="Tests\Feature\Playground\Directory\Resource\Http\Controllers\Playground\SublocationRouteTest" classname="Tests.Feature.Playground.Directory.Resource.Http.Controllers.Playground.SublocationRouteTest" assertions="2" time="0.203554"/>
        <testcase name="test_admin_can_render_revisions_view" file="/app/vendor/gammamatrix/playground-test/src/Feature/Http/Controllers/Resource/Playground/RevisionsTrait.php" line="64" class="Tests\Feature\Playground\Directory\Resource\Http\Controllers\Playground\SublocationRouteTest" classname="Tests.Feature.Playground.Directory.Resource.Http.Controllers.Playground.SublocationRouteTest" assertions="2" time="0.239330"/>
        <testcase name="test_admin_can_render_revisions_view_with_filters" file="/app/vendor/gammamatrix/playground-test/src/Feature/Http/Controllers/Resource/Playground/RevisionsTrait.php" line="105" class="Tests\Feature\Playground\Directory\Resource\Http\Controllers\Playground\SublocationRouteTest" classname="Tests.Feature.Playground.Directory.Resource.Http.Controllers.Playground.SublocationRouteTest" assertions="3" time="0.246054"/>
        <testcase name="test_guest_cannot_render_revision_view" file="/app/vendor/gammamatrix/playground-test/src/Feature/Http/Controllers/Resource/Playground/RevisionTrait.php" line="39" class="Tests\Feature\Playground\Directory\Resource\Http\Controllers\Playground\SublocationRouteTest" classname="Tests.Feature.Playground.Directory.Resource.Http.Controllers.Playground.SublocationRouteTest" assertions="2" time="0.197137"/>
        <testcase name="test_revision_view_rendered_by_admin" file="/app/vendor/gammamatrix/playground-test/src/Feature/Http/Controllers/Resource/Playground/RevisionTrait.php" line="70" class="Tests\Feature\Playground\Directory\Resource\Http\Controllers\Playground\SublocationRouteTest" classname="Tests.Feature.Playground.Directory.Resource.Http.Controllers.Playground.SublocationRouteTest" assertions="2" time="0.219611"/>
        <testcase name="test_json_guest_cannot_see_info" file="/app/vendor/gammamatrix/playground-test/src/Feature/Http/Controllers/Resource/Playground/ShowJsonTrait.php" line="30" class="Tests\Feature\Playground\Directory\Resource\Http\Controllers\Playground\SublocationRouteTest" classname="Tests.Feature.Playground.Directory.Resource.Http.Controllers.Playground.SublocationRouteTest" assertions="1" time="0.187472"/>
        <testcase name="test_json_show_info_for_admin" file="/app/vendor/gammamatrix/playground-test/src/Feature/Http/Controllers/Resource/Playground/ShowJsonTrait.php" line="50" class="Tests\Feature\Playground\Directory\Resource\Http\Controllers\Playground\SublocationRouteTest" classname="Tests.Feature.Playground.Directory.Resource.Http.Controllers.Playground.SublocationRouteTest" assertions="96" time="0.218976"/>
        <testcase name="test_guest_cannot_render_show_view" file="/app/vendor/gammamatrix/playground-test/src/Feature/Http/Controllers/Resource/Playground/ShowTrait.php" line="30" class="Tests\Feature\Playground\Directory\Resource\Http\Controllers\Playground\SublocationRouteTest" classname="Tests.Feature.Playground.Directory.Resource.Http.Controllers.Playground.SublocationRouteTest" assertions="1" time="0.188436"/>
        <testcase name="test_show_view_rendered_by_admin" file="/app/vendor/gammamatrix/playground-test/src/Feature/Http/Controllers/Resource/Playground/ShowTrait.php" line="50" class="Tests\Feature\Playground\Directory\Resource\Http\Controllers\Playground\SublocationRouteTest" classname="Tests.Feature.Playground.Directory.Resource.Http.Controllers.Playground.SublocationRouteTest" assertions="2" time="0.219035"/>
        <testcase name="test_json_guest_cannot_store" file="/app/vendor/gammamatrix/playground-test/src/Feature/Http/Controllers/Resource/Playground/StoreJsonTrait.php" line="44" class="Tests\Feature\Playground\Directory\Resource\Http\Controllers\Playground\SublocationRouteTest" classname="Tests.Feature.Playground.Directory.Resource.Http.Controllers.Playground.SublocationRouteTest" assertions="3" time="0.184527"/>
        <testcase name="test_json_store_as_admin_without_payload_and_fail_validation" file="/app/vendor/gammamatrix/playground-test/src/Feature/Http/Controllers/Resource/Playground/StoreJsonTrait.php" line="67" class="Tests\Feature\Playground\Directory\Resource\Http\Controllers\Playground\SublocationRouteTest" classname="Tests.Feature.Playground.Directory.Resource.Http.Controllers.Playground.SublocationRouteTest" assertions="5" time="0.194945"/>
        <testcase name="test_json_store_as_admin_and_succeed" file="/app/vendor/gammamatrix/playground-test/src/Feature/Http/Controllers/Resource/Playground/StoreJsonTrait.php" line="93" class="Tests\Feature\Playground\Directory\Resource\Http\Controllers\Playground\SublocationRouteTest" classname="Tests.Feature.Playground.Directory.Resource.Http.Controllers.Playground.SublocationRouteTest" assertions="3" time="0.229705"/>
        <testcase name="test_guest_cannot_store" file="/app/vendor/gammamatrix/playground-test/src/Feature/Http/Controllers/Resource/Playground/StoreTrait.php" line="39" class="Tests\Feature\Playground\Directory\Resource\Http\Controllers\Playground\SublocationRouteTest" classname="Tests.Feature.Playground.Directory.Resource.Http.Controllers.Playground.SublocationRouteTest" assertions="3" time="0.184008"/>
        <testcase name="test_store_as_admin_without_payload_and_fail_validation" file="/app/vendor/gammamatrix/playground-test/src/Feature/Http/Controllers/Resource/Playground/StoreTrait.php" line="62" class="Tests\Feature\Playground\Directory\Resource\Http\Controllers\Playground\SublocationRouteTest" classname="Tests.Feature.Playground.Directory.Resource.Http.Controllers.Playground.SublocationRouteTest" assertions="5" time="0.196461"/>
        <testcase name="test_store_as_admin_and_succeed" file="/app/vendor/gammamatrix/playground-test/src/Feature/Http/Controllers/Resource/Playground/StoreTrait.php" line="91" class="Tests\Feature\Playground\Directory\Resource\Http\Controllers\Playground\SublocationRouteTest" classname="Tests.Feature.Playground.Directory.Resource.Http.Controllers.Playground.SublocationRouteTest" assertions="4" time="0.225193"/>
        <testcase name="test_store_as_admin_and_succeed_with_return_url" file="/app/vendor/gammamatrix/playground-test/src/Feature/Http/Controllers/Resource/Playground/StoreTrait.php" line="136" class="Tests\Feature\Playground\Directory\Resource\Http\Controllers\Playground\SublocationRouteTest" classname="Tests.Feature.Playground.Directory.Resource.Http.Controllers.Playground.SublocationRouteTest" assertions="4" time="0.227314"/>
        <testcase name="test_json_guest_cannot_unlock" file="/app/vendor/gammamatrix/playground-test/src/Feature/Http/Controllers/Resource/Playground/UnlockJsonTrait.php" line="37" class="Tests\Feature\Playground\Directory\Resource\Http\Controllers\Playground\SublocationRouteTest" classname="Tests.Feature.Playground.Directory.Resource.Http.Controllers.Playground.SublocationRouteTest" assertions="3" time="0.195771"/>
        <testcase name="test_json_unlock_as_admin_and_succeed" file="/app/vendor/gammamatrix/playground-test/src/Feature/Http/Controllers/Resource/Playground/UnlockJsonTrait.php" line="69" class="Tests\Feature\Playground\Directory\Resource\Http\Controllers\Playground\SublocationRouteTest" classname="Tests.Feature.Playground.Directory.Resource.Http.Controllers.Playground.SublocationRouteTest" assertions="97" time="0.215347"/>
        <testcase name="test_json_unlock_as_admin_and_succeed_with_no_redirect" file="/app/vendor/gammamatrix/playground-test/src/Feature/Http/Controllers/Resource/Playground/UnlockJsonTrait.php" line="105" class="Tests\Feature\Playground\Directory\Resource\Http\Controllers\Playground\SublocationRouteTest" classname="Tests.Feature.Playground.Directory.Resource.Http.Controllers.Playground.SublocationRouteTest" assertions="97" time="0.213081"/>
        <testcase name="test_json_unlock_as_user_and_get_denied" file="/app/vendor/gammamatrix/playground-test/src/Feature/Http/Controllers/Resource/Playground/UnlockJsonTrait.php" line="146" class="Tests\Feature\Playground\Directory\Resource\Http\Controllers\Playground\SublocationRouteTest" classname="Tests.Feature.Playground.Directory.Resource.Http.Controllers.Playground.SublocationRouteTest" assertions="3" time="0.206461"/>
        <testcase name="test_guest_cannot_unlock" file="/app/vendor/gammamatrix/playground-test/src/Feature/Http/Controllers/Resource/Playground/UnlockTrait.php" line="37" class="Tests\Feature\Playground\Directory\Resource\Http\Controllers\Playground\SublocationRouteTest" classname="Tests.Feature.Playground.Directory.Resource.Http.Controllers.Playground.SublocationRouteTest" assertions="3" time="0.193374"/>
        <testcase name="test_unlock_as_admin_and_succeed" file="/app/vendor/gammamatrix/playground-test/src/Feature/Http/Controllers/Resource/Playground/UnlockTrait.php" line="69" class="Tests\Feature\Playground\Directory\Resource\Http\Controllers\Playground\SublocationRouteTest" classname="Tests.Feature.Playground.Directory.Resource.Http.Controllers.Playground.SublocationRouteTest" assertions="4" time="0.205667"/>
        <testcase name="test_unlock_as_admin_and_succeed_with_redirect_to_index_with_sorted_by_unlocked_desc" file="/app/vendor/gammamatrix/playground-test/src/Feature/Http/Controllers/Resource/Playground/UnlockTrait.php" line="110" class="Tests\Feature\Playground\Directory\Resource\Http\Controllers\Playground\SublocationRouteTest" classname="Tests.Feature.Playground.Directory.Resource.Http.Controllers.Playground.SublocationRouteTest" assertions="4" time="0.204564"/>
        <testcase name="test_unlock_as_user_and_get_denied" file="/app/vendor/gammamatrix/playground-test/src/Feature/Http/Controllers/Resource/Playground/UnlockTrait.php" line="149" class="Tests\Feature\Playground\Directory\Resource\Http\Controllers\Playground\SublocationRouteTest" classname="Tests.Feature.Playground.Directory.Resource.Http.Controllers.Playground.SublocationRouteTest" assertions="3" time="0.200448"/>
        <testcase name="test_json_guest_cannot_update" file="/app/vendor/gammamatrix/playground-test/src/Feature/Http/Controllers/Resource/Playground/UpdateJsonTrait.php" line="46" class="Tests\Feature\Playground\Directory\Resource\Http\Controllers\Playground\SublocationRouteTest" classname="Tests.Feature.Playground.Directory.Resource.Http.Controllers.Playground.SublocationRouteTest" assertions="1" time="0.189471"/>
        <testcase name="test_json_update_as_admin_without_payload_and_passes_validation" file="/app/vendor/gammamatrix/playground-test/src/Feature/Http/Controllers/Resource/Playground/UpdateJsonTrait.php" line="66" class="Tests\Feature\Playground\Directory\Resource\Http\Controllers\Playground\SublocationRouteTest" classname="Tests.Feature.Playground.Directory.Resource.Http.Controllers.Playground.SublocationRouteTest" assertions="2" time="0.242626"/>
        <testcase name="test_json_admin_can_update" file="/app/vendor/gammamatrix/playground-test/src/Feature/Http/Controllers/Resource/Playground/UpdateJsonTrait.php" line="114" class="Tests\Feature\Playground\Directory\Resource\Http\Controllers\Playground\SublocationRouteTest" classname="Tests.Feature.Playground.Directory.Resource.Http.Controllers.Playground.SublocationRouteTest" assertions="99" time="0.285159"/>
        <testcase name="test_guest_cannot_update" file="/app/vendor/gammamatrix/playground-test/src/Feature/Http/Controllers/Resource/Playground/UpdateTrait.php" line="46" class="Tests\Feature\Playground\Directory\Resource\Http\Controllers\Playground\SublocationRouteTest" classname="Tests.Feature.Playground.Directory.Resource.Http.Controllers.Playground.SublocationRouteTest" assertions="1" time="0.191645"/>
        <testcase name="test_update_as_admin_without_payload_and_passes_validation" file="/app/vendor/gammamatrix/playground-test/src/Feature/Http/Controllers/Resource/Playground/UpdateTrait.php" line="66" class="Tests\Feature\Playground\Directory\Resource\Http\Controllers\Playground\SublocationRouteTest" classname="Tests.Feature.Playground.Directory.Resource.Http.Controllers.Playground.SublocationRouteTest" assertions="3" time="0.236840"/>
        <testcase name="test_admin_can_update" file="/app/vendor/gammamatrix/playground-test/src/Feature/Http/Controllers/Resource/Playground/UpdateTrait.php" line="117" class="Tests\Feature\Playground\Directory\Resource\Http\Controllers\Playground\SublocationRouteTest" classname="Tests.Feature.Playground.Directory.Resource.Http.Controllers.Playground.SublocationRouteTest" assertions="6" time="0.273703"/>
        <testcase name="test_admin_can_update_view_with_return_url" file="/app/vendor/gammamatrix/playground-test/src/Feature/Http/Controllers/Resource/Playground/UpdateTrait.php" line="160" class="Tests\Feature\Playground\Directory\Resource\Http\Controllers\Playground\SublocationRouteTest" classname="Tests.Feature.Playground.Directory.Resource.Http.Controllers.Playground.SublocationRouteTest" assertions="6" time="0.287507"/>
      </testsuite>
      <testsuite name="Tests\Feature\Playground\Directory\Resource\Http\Requests\FormRequest\InstanceTest" file="/app/tests/Feature/Http/Requests/FormRequest/InstanceTest.php" tests="1" assertions="1" errors="0" failures="0" skipped="0" time="0.156740">
        <testcase name="test_form_request_authorize_with_admin" file="/app/tests/Feature/Http/Requests/FormRequest/InstanceTest.php" line="23" class="Tests\Feature\Playground\Directory\Resource\Http\Requests\FormRequest\InstanceTest" classname="Tests.Feature.Playground.Directory.Resource.Http.Requests.FormRequest.InstanceTest" assertions="1" time="0.156740"/>
      </testsuite>
    </testsuite>
  </testsuite>
</testsuites>
