<?xml version="1.0" encoding="UTF-8"?>
<testsuites>
  <testsuite name="/app/phpunit-ci.xml" tests="225" assertions="3065" errors="0" failures="0" skipped="0" time="43.032519">
    <testsuite name="Unit" tests="39" assertions="64" errors="0" failures="0" skipped="0" time="1.603876">
      <testsuite name="Tests\Unit\Playground\Directory\Resource\Http\Requests\FormRequest\InstanceTest" file="/app/tests/Unit/Http/Requests/FormRequest/InstanceTest.php" tests="5" assertions="6" errors="0" failures="0" skipped="0" time="0.366382">
        <testcase name="test_form_request_authorize_without_user" file="/app/tests/Unit/Http/Requests/FormRequest/InstanceTest.php" line="23" class="Tests\Unit\Playground\Directory\Resource\Http\Requests\FormRequest\InstanceTest" classname="Tests.Unit.Playground.Directory.Resource.Http.Requests.FormRequest.InstanceTest" assertions="1" time="0.173277"/>
        <testcase name="test_rules_is_empty_by_default" file="/app/tests/Unit/Http/Requests/FormRequest/InstanceTest.php" line="30" class="Tests\Unit\Playground\Directory\Resource\Http\Requests\FormRequest\InstanceTest" classname="Tests.Unit.Playground.Directory.Resource.Http.Requests.FormRequest.InstanceTest" assertions="2" time="0.039977"/>
        <testcase name="test_user_has_admin_privileges_without_user" file="/app/tests/Unit/Http/Requests/FormRequest/InstanceTest.php" line="38" class="Tests\Unit\Playground\Directory\Resource\Http\Requests\FormRequest\InstanceTest" classname="Tests.Unit.Playground.Directory.Resource.Http.Requests.FormRequest.InstanceTest" assertions="1" time="0.038374"/>
        <testcase name="test_user_has_admin_privileges_with_admin" file="/app/tests/Unit/Http/Requests/FormRequest/InstanceTest.php" line="45" class="Tests\Unit\Playground\Directory\Resource\Http\Requests\FormRequest\InstanceTest" classname="Tests.Unit.Playground.Directory.Resource.Http.Requests.FormRequest.InstanceTest" assertions="1" time="0.059817"/>
        <testcase name="test_user_has_admin_privileges_with_default_laravel_user" file="/app/tests/Unit/Http/Requests/FormRequest/InstanceTest.php" line="57" class="Tests\Unit\Playground\Directory\Resource\Http\Requests\FormRequest\InstanceTest" classname="Tests.Unit.Playground.Directory.Resource.Http.Requests.FormRequest.InstanceTest" assertions="1" time="0.054936"/>
      </testsuite>
      <testsuite name="Tests\Unit\Playground\Directory\Resource\Http\Requests\Location\CreateRequestTest" file="/app/tests/Unit/Http/Requests/Location/CreateRequestTest.php" tests="1" assertions="1" errors="0" failures="0" skipped="0" time="0.037161">
        <testcase name="test_request_instance" file="/app/vendor/gammamatrix/playground-test/src/Unit/Http/Requests/RequestCase.php" line="42" class="Tests\Unit\Playground\Directory\Resource\Http\Requests\Location\CreateRequestTest" classname="Tests.Unit.Playground.Directory.Resource.Http.Requests.Location.CreateRequestTest" assertions="1" time="0.037161"/>
      </testsuite>
      <testsuite name="Tests\Unit\Playground\Directory\Resource\Http\Requests\Location\DestroyRequestTest" file="/app/tests/Unit/Http/Requests/Location/DestroyRequestTest.php" tests="1" assertions="1" errors="0" failures="0" skipped="0" time="0.044114">
        <testcase name="test_request_instance" file="/app/vendor/gammamatrix/playground-test/src/Unit/Http/Requests/RequestCase.php" line="42" class="Tests\Unit\Playground\Directory\Resource\Http\Requests\Location\DestroyRequestTest" classname="Tests.Unit.Playground.Directory.Resource.Http.Requests.Location.DestroyRequestTest" assertions="1" time="0.044114"/>
      </testsuite>
      <testsuite name="Tests\Unit\Playground\Directory\Resource\Http\Requests\Location\EditRequestTest" file="/app/tests/Unit/Http/Requests/Location/EditRequestTest.php" tests="1" assertions="1" errors="0" failures="0" skipped="0" time="0.036830">
        <testcase name="test_request_instance" file="/app/vendor/gammamatrix/playground-test/src/Unit/Http/Requests/RequestCase.php" line="42" class="Tests\Unit\Playground\Directory\Resource\Http\Requests\Location\EditRequestTest" classname="Tests.Unit.Playground.Directory.Resource.Http.Requests.Location.EditRequestTest" assertions="1" time="0.036830"/>
      </testsuite>
      <testsuite name="Tests\Unit\Playground\Directory\Resource\Http\Requests\Location\IndexRequestTest" file="/app/tests/Unit/Http/Requests/Location/IndexRequestTest.php" tests="1" assertions="1" errors="0" failures="0" skipped="0" time="0.042764">
        <testcase name="test_request_instance" file="/app/vendor/gammamatrix/playground-test/src/Unit/Http/Requests/RequestCase.php" line="42" class="Tests\Unit\Playground\Directory\Resource\Http\Requests\Location\IndexRequestTest" classname="Tests.Unit.Playground.Directory.Resource.Http.Requests.Location.IndexRequestTest" assertions="1" time="0.042764"/>
      </testsuite>
      <testsuite name="Tests\Unit\Playground\Directory\Resource\Http\Requests\Location\LockRequestTest" file="/app/tests/Unit/Http/Requests/Location/LockRequestTest.php" tests="1" assertions="1" errors="0" failures="0" skipped="0" time="0.036513">
        <testcase name="test_request_instance" file="/app/vendor/gammamatrix/playground-test/src/Unit/Http/Requests/RequestCase.php" line="42" class="Tests\Unit\Playground\Directory\Resource\Http\Requests\Location\LockRequestTest" classname="Tests.Unit.Playground.Directory.Resource.Http.Requests.Location.LockRequestTest" assertions="1" time="0.036513"/>
      </testsuite>
      <testsuite name="Tests\Unit\Playground\Directory\Resource\Http\Requests\Location\RestoreRequestTest" file="/app/tests/Unit/Http/Requests/Location/RestoreRequestTest.php" tests="1" assertions="1" errors="0" failures="0" skipped="0" time="0.035952">
        <testcase name="test_request_instance" file="/app/vendor/gammamatrix/playground-test/src/Unit/Http/Requests/RequestCase.php" line="42" class="Tests\Unit\Playground\Directory\Resource\Http\Requests\Location\RestoreRequestTest" classname="Tests.Unit.Playground.Directory.Resource.Http.Requests.Location.RestoreRequestTest" assertions="1" time="0.035952"/>
      </testsuite>
      <testsuite name="Tests\Unit\Playground\Directory\Resource\Http\Requests\Location\ShowRequestTest" file="/app/tests/Unit/Http/Requests/Location/ShowRequestTest.php" tests="1" assertions="1" errors="0" failures="0" skipped="0" time="0.035955">
        <testcase name="test_request_instance" file="/app/vendor/gammamatrix/playground-test/src/Unit/Http/Requests/RequestCase.php" line="42" class="Tests\Unit\Playground\Directory\Resource\Http\Requests\Location\ShowRequestTest" classname="Tests.Unit.Playground.Directory.Resource.Http.Requests.Location.ShowRequestTest" assertions="1" time="0.035955"/>
      </testsuite>
      <testsuite name="Tests\Unit\Playground\Directory\Resource\Http\Requests\Location\StoreRequestTest" file="/app/tests/Unit/Http/Requests/Location/StoreRequestTest.php" tests="3" assertions="8" errors="0" failures="0" skipped="0" time="0.109483">
        <testcase name="test_request_instance" file="/app/vendor/gammamatrix/playground-test/src/Unit/Http/Requests/RequestCase.php" line="42" class="Tests\Unit\Playground\Directory\Resource\Http\Requests\Location\StoreRequestTest" classname="Tests.Unit.Playground.Directory.Resource.Http.Requests.Location.StoreRequestTest" assertions="1" time="0.036882"/>
        <testcase name="test_store_request_rules_with_optional_revisions_disabled" file="/app/tests/Unit/Http/Requests/Location/StoreRequestTest.php" line="21" class="Tests\Unit\Playground\Directory\Resource\Http\Requests\Location\StoreRequestTest" classname="Tests.Unit.Playground.Directory.Resource.Http.Requests.Location.StoreRequestTest" assertions="3" time="0.035972"/>
        <testcase name="test_store_request_rules_with_optional_revisions_enabled" file="/app/tests/Unit/Http/Requests/Location/StoreRequestTest.php" line="31" class="Tests\Unit\Playground\Directory\Resource\Http\Requests\Location\StoreRequestTest" classname="Tests.Unit.Playground.Directory.Resource.Http.Requests.Location.StoreRequestTest" assertions="4" time="0.036629"/>
      </testsuite>
      <testsuite name="Tests\Unit\Playground\Directory\Resource\Http\Requests\Location\UnlockRequestTest" file="/app/tests/Unit/Http/Requests/Location/UnlockRequestTest.php" tests="1" assertions="1" errors="0" failures="0" skipped="0" time="0.035869">
        <testcase name="test_request_instance" file="/app/vendor/gammamatrix/playground-test/src/Unit/Http/Requests/RequestCase.php" line="42" class="Tests\Unit\Playground\Directory\Resource\Http\Requests\Location\UnlockRequestTest" classname="Tests.Unit.Playground.Directory.Resource.Http.Requests.Location.UnlockRequestTest" assertions="1" time="0.035869"/>
      </testsuite>
      <testsuite name="Tests\Unit\Playground\Directory\Resource\Http\Requests\Location\UpdateRequestTest" file="/app/tests/Unit/Http/Requests/Location/UpdateRequestTest.php" tests="3" assertions="8" errors="0" failures="0" skipped="0" time="0.108985">
        <testcase name="test_request_instance" file="/app/vendor/gammamatrix/playground-test/src/Unit/Http/Requests/RequestCase.php" line="42" class="Tests\Unit\Playground\Directory\Resource\Http\Requests\Location\UpdateRequestTest" classname="Tests.Unit.Playground.Directory.Resource.Http.Requests.Location.UpdateRequestTest" assertions="1" time="0.036450"/>
        <testcase name="test_update_request_rules_with_optional_revisions_disabled" file="/app/tests/Unit/Http/Requests/Location/UpdateRequestTest.php" line="21" class="Tests\Unit\Playground\Directory\Resource\Http\Requests\Location\UpdateRequestTest" classname="Tests.Unit.Playground.Directory.Resource.Http.Requests.Location.UpdateRequestTest" assertions="3" time="0.036028"/>
        <testcase name="test_update_request_rules_with_optional_revisions_enabled" file="/app/tests/Unit/Http/Requests/Location/UpdateRequestTest.php" line="31" class="Tests\Unit\Playground\Directory\Resource\Http\Requests\Location\UpdateRequestTest" classname="Tests.Unit.Playground.Directory.Resource.Http.Requests.Location.UpdateRequestTest" assertions="4" time="0.036507"/>
      </testsuite>
      <testsuite name="Tests\Unit\Playground\Directory\Resource\Http\Requests\Sublocation\CreateRequestTest" file="/app/tests/Unit/Http/Requests/Sublocation/CreateRequestTest.php" tests="1" assertions="1" errors="0" failures="0" skipped="0" time="0.035629">
        <testcase name="test_request_instance" file="/app/vendor/gammamatrix/playground-test/src/Unit/Http/Requests/RequestCase.php" line="42" class="Tests\Unit\Playground\Directory\Resource\Http\Requests\Sublocation\CreateRequestTest" classname="Tests.Unit.Playground.Directory.Resource.Http.Requests.Sublocation.CreateRequestTest" assertions="1" time="0.035629"/>
      </testsuite>
      <testsuite name="Tests\Unit\Playground\Directory\Resource\Http\Requests\Sublocation\DestroyRequestTest" file="/app/tests/Unit/Http/Requests/Sublocation/DestroyRequestTest.php" tests="1" assertions="1" errors="0" failures="0" skipped="0" time="0.035278">
        <testcase name="test_request_instance" file="/app/vendor/gammamatrix/playground-test/src/Unit/Http/Requests/RequestCase.php" line="42" class="Tests\Unit\Playground\Directory\Resource\Http\Requests\Sublocation\DestroyRequestTest" classname="Tests.Unit.Playground.Directory.Resource.Http.Requests.Sublocation.DestroyRequestTest" assertions="1" time="0.035278"/>
      </testsuite>
      <testsuite name="Tests\Unit\Playground\Directory\Resource\Http\Requests\Sublocation\EditRequestTest" file="/app/tests/Unit/Http/Requests/Sublocation/EditRequestTest.php" tests="1" assertions="1" errors="0" failures="0" skipped="0" time="0.035166">
        <testcase name="test_request_instance" file="/app/vendor/gammamatrix/playground-test/src/Unit/Http/Requests/RequestCase.php" line="42" class="Tests\Unit\Playground\Directory\Resource\Http\Requests\Sublocation\EditRequestTest" classname="Tests.Unit.Playground.Directory.Resource.Http.Requests.Sublocation.EditRequestTest" assertions="1" time="0.035166"/>
      </testsuite>
      <testsuite name="Tests\Unit\Playground\Directory\Resource\Http\Requests\Sublocation\IndexRequestTest" file="/app/tests/Unit/Http/Requests/Sublocation/IndexRequestTest.php" tests="1" assertions="1" errors="0" failures="0" skipped="0" time="0.035394">
        <testcase name="test_request_instance" file="/app/vendor/gammamatrix/playground-test/src/Unit/Http/Requests/RequestCase.php" line="42" class="Tests\Unit\Playground\Directory\Resource\Http\Requests\Sublocation\IndexRequestTest" classname="Tests.Unit.Playground.Directory.Resource.Http.Requests.Sublocation.IndexRequestTest" assertions="1" time="0.035394"/>
      </testsuite>
      <testsuite name="Tests\Unit\Playground\Directory\Resource\Http\Requests\Sublocation\LockRequestTest" file="/app/tests/Unit/Http/Requests/Sublocation/LockRequestTest.php" tests="1" assertions="1" errors="0" failures="0" skipped="0" time="0.035236">
        <testcase name="test_request_instance" file="/app/vendor/gammamatrix/playground-test/src/Unit/Http/Requests/RequestCase.php" line="42" class="Tests\Unit\Playground\Directory\Resource\Http\Requests\Sublocation\LockRequestTest" classname="Tests.Unit.Playground.Directory.Resource.Http.Requests.Sublocation.LockRequestTest" assertions="1" time="0.035236"/>
      </testsuite>
      <testsuite name="Tests\Unit\Playground\Directory\Resource\Http\Requests\Sublocation\RestoreRequestTest" file="/app/tests/Unit/Http/Requests/Sublocation/RestoreRequestTest.php" tests="1" assertions="1" errors="0" failures="0" skipped="0" time="0.036486">
        <testcase name="test_request_instance" file="/app/vendor/gammamatrix/playground-test/src/Unit/Http/Requests/RequestCase.php" line="42" class="Tests\Unit\Playground\Directory\Resource\Http\Requests\Sublocation\RestoreRequestTest" classname="Tests.Unit.Playground.Directory.Resource.Http.Requests.Sublocation.RestoreRequestTest" assertions="1" time="0.036486"/>
      </testsuite>
      <testsuite name="Tests\Unit\Playground\Directory\Resource\Http\Requests\Sublocation\ShowRequestTest" file="/app/tests/Unit/Http/Requests/Sublocation/ShowRequestTest.php" tests="1" assertions="1" errors="0" failures="0" skipped="0" time="0.035569">
        <testcase name="test_request_instance" file="/app/vendor/gammamatrix/playground-test/src/Unit/Http/Requests/RequestCase.php" line="42" class="Tests\Unit\Playground\Directory\Resource\Http\Requests\Sublocation\ShowRequestTest" classname="Tests.Unit.Playground.Directory.Resource.Http.Requests.Sublocation.ShowRequestTest" assertions="1" time="0.035569"/>
      </testsuite>
      <testsuite name="Tests\Unit\Playground\Directory\Resource\Http\Requests\Sublocation\StoreRequestTest" file="/app/tests/Unit/Http/Requests/Sublocation/StoreRequestTest.php" tests="3" assertions="8" errors="0" failures="0" skipped="0" time="0.108009">
        <testcase name="test_request_instance" file="/app/vendor/gammamatrix/playground-test/src/Unit/Http/Requests/RequestCase.php" line="42" class="Tests\Unit\Playground\Directory\Resource\Http\Requests\Sublocation\StoreRequestTest" classname="Tests.Unit.Playground.Directory.Resource.Http.Requests.Sublocation.StoreRequestTest" assertions="1" time="0.035619"/>
        <testcase name="test_store_request_rules_with_optional_revisions_disabled" file="/app/tests/Unit/Http/Requests/Sublocation/StoreRequestTest.php" line="21" class="Tests\Unit\Playground\Directory\Resource\Http\Requests\Sublocation\StoreRequestTest" classname="Tests.Unit.Playground.Directory.Resource.Http.Requests.Sublocation.StoreRequestTest" assertions="3" time="0.036306"/>
        <testcase name="test_store_request_rules_with_optional_revisions_enabled" file="/app/tests/Unit/Http/Requests/Sublocation/StoreRequestTest.php" line="31" class="Tests\Unit\Playground\Directory\Resource\Http\Requests\Sublocation\StoreRequestTest" classname="Tests.Unit.Playground.Directory.Resource.Http.Requests.Sublocation.StoreRequestTest" assertions="4" time="0.036084"/>
      </testsuite>
      <testsuite name="Tests\Unit\Playground\Directory\Resource\Http\Requests\Sublocation\UnlockRequestTest" file="/app/tests/Unit/Http/Requests/Sublocation/UnlockRequestTest.php" tests="1" assertions="1" errors="0" failures="0" skipped="0" time="0.035661">
        <testcase name="test_request_instance" file="/app/vendor/gammamatrix/playground-test/src/Unit/Http/Requests/RequestCase.php" line="42" class="Tests\Unit\Playground\Directory\Resource\Http\Requests\Sublocation\UnlockRequestTest" classname="Tests.Unit.Playground.Directory.Resource.Http.Requests.Sublocation.UnlockRequestTest" assertions="1" time="0.035661"/>
      </testsuite>
      <testsuite name="Tests\Unit\Playground\Directory\Resource\Http\Requests\Sublocation\UpdateRequestTest" file="/app/tests/Unit/Http/Requests/Sublocation/UpdateRequestTest.php" tests="3" assertions="8" errors="0" failures="0" skipped="0" time="0.108032">
        <testcase name="test_request_instance" file="/app/vendor/gammamatrix/playground-test/src/Unit/Http/Requests/RequestCase.php" line="42" class="Tests\Unit\Playground\Directory\Resource\Http\Requests\Sublocation\UpdateRequestTest" classname="Tests.Unit.Playground.Directory.Resource.Http.Requests.Sublocation.UpdateRequestTest" assertions="1" time="0.035436"/>
        <testcase name="test_update_request_rules_with_optional_revisions_disabled" file="/app/tests/Unit/Http/Requests/Sublocation/UpdateRequestTest.php" line="21" class="Tests\Unit\Playground\Directory\Resource\Http\Requests\Sublocation\UpdateRequestTest" classname="Tests.Unit.Playground.Directory.Resource.Http.Requests.Sublocation.UpdateRequestTest" assertions="3" time="0.036483"/>
        <testcase name="test_update_request_rules_with_optional_revisions_enabled" file="/app/tests/Unit/Http/Requests/Sublocation/UpdateRequestTest.php" line="31" class="Tests\Unit\Playground\Directory\Resource\Http\Requests\Sublocation\UpdateRequestTest" classname="Tests.Unit.Playground.Directory.Resource.Http.Requests.Sublocation.UpdateRequestTest" assertions="4" time="0.036114"/>
      </testsuite>
      <testsuite name="Tests\Unit\Playground\Directory\Resource\Policies\LocationPolicy\PolicyTest" file="/app/tests/Unit/Policies/LocationPolicy/PolicyTest.php" tests="1" assertions="1" errors="0" failures="0" skipped="0" time="0.035080">
        <testcase name="test_policy_instance" file="/app/tests/Unit/Policies/LocationPolicy/PolicyTest.php" line="21" class="Tests\Unit\Playground\Directory\Resource\Policies\LocationPolicy\PolicyTest" classname="Tests.Unit.Playground.Directory.Resource.Policies.LocationPolicy.PolicyTest" assertions="1" time="0.035080"/>
      </testsuite>
      <testsuite name="Tests\Unit\Playground\Directory\Resource\Policies\SublocationPolicy\PolicyTest" file="/app/tests/Unit/Policies/SublocationPolicy/PolicyTest.php" tests="1" assertions="1" errors="0" failures="0" skipped="0" time="0.034841">
        <testcase name="test_policy_instance" file="/app/tests/Unit/Policies/SublocationPolicy/PolicyTest.php" line="21" class="Tests\Unit\Playground\Directory\Resource\Policies\SublocationPolicy\PolicyTest" classname="Tests.Unit.Playground.Directory.Resource.Policies.SublocationPolicy.PolicyTest" assertions="1" time="0.034841"/>
      </testsuite>
      <testsuite name="Tests\Unit\Playground\Directory\Resource\ServiceProvider\InstanceTest" file="/app/tests/Unit/ServiceProvider/InstanceTest.php" tests="4" assertions="8" errors="0" failures="0" skipped="0" time="0.143485">
        <testcase name="test_version_matches" file="/app/tests/Unit/ServiceProvider/InstanceTest.php" line="22" class="Tests\Unit\Playground\Directory\Resource\ServiceProvider\InstanceTest" classname="Tests.Unit.Playground.Directory.Resource.ServiceProvider.InstanceTest" assertions="3" time="0.034642"/>
        <testcase name="test_set_policies_with_empty_array" file="/app/tests/Unit/ServiceProvider/InstanceTest.php" line="32" class="Tests\Unit\Playground\Directory\Resource\ServiceProvider\InstanceTest" classname="Tests.Unit.Playground.Directory.Resource.ServiceProvider.InstanceTest" assertions="1" time="0.035109"/>
        <testcase name="test_set_policies_with_invalid_model" file="/app/tests/Unit/ServiceProvider/InstanceTest.php" line="46" class="Tests\Unit\Playground\Directory\Resource\ServiceProvider\InstanceTest" classname="Tests.Unit.Playground.Directory.Resource.ServiceProvider.InstanceTest" assertions="2" time="0.037475"/>
        <testcase name="test_set_policies_with_invalid_policy" file="/app/tests/Unit/ServiceProvider/InstanceTest.php" line="77" class="Tests\Unit\Playground\Directory\Resource\ServiceProvider\InstanceTest" classname="Tests.Unit.Playground.Directory.Resource.ServiceProvider.InstanceTest" assertions="2" time="0.036259"/>
      </testsuite>
    </testsuite>
    <testsuite name="Feature" tests="186" assertions="3001" errors="0" failures="0" skipped="0" time="41.428644">
      <testsuite name="Tests\Feature\Playground\Directory\Resource\Console\Commands\About\CommandTest" file="/app/tests/Feature/Console/Commands/About/CommandTest.php" tests="1" assertions="2" errors="0" failures="0" skipped="0" time="0.430343">
        <testcase name="test_command_about_displays_package_information_and_succeed" file="/app/tests/Feature/Console/Commands/About/CommandTest.php" line="23" class="Tests\Feature\Playground\Directory\Resource\Console\Commands\About\CommandTest" classname="Tests.Feature.Playground.Directory.Resource.Console.Commands.About.CommandTest" assertions="2" time="0.430343"/>
      </testsuite>
      <testsuite name="Tests\Feature\Playground\Directory\Resource\Http\Controllers\Playground\IndexRouteTest" file="/app/tests/Feature/Http/Controllers/Playground/IndexRouteTest.php" tests="2" assertions="3" errors="0" failures="0" skipped="0" time="0.414175">
        <testcase name="test_guest_cannot_render_index_view" file="/app/tests/Feature/Http/Controllers/Playground/IndexRouteTest.php" line="21" class="Tests\Feature\Playground\Directory\Resource\Http\Controllers\Playground\IndexRouteTest" classname="Tests.Feature.Playground.Directory.Resource.Http.Controllers.Playground.IndexRouteTest" assertions="1" time="0.200471"/>
        <testcase name="test_admin_can_render_index_view" file="/app/tests/Feature/Http/Controllers/Playground/IndexRouteTest.php" line="30" class="Tests\Feature\Playground\Directory\Resource\Http\Controllers\Playground\IndexRouteTest" classname="Tests.Feature.Playground.Directory.Resource.Http.Controllers.Playground.IndexRouteTest" assertions="2" time="0.213704"/>
      </testsuite>
      <testsuite name="Tests\Feature\Playground\Directory\Resource\Http\Controllers\Playground\LocationRouteTest" file="/app/tests/Feature/Http/Controllers/Playground/LocationRouteTest.php" tests="91" assertions="1491" errors="0" failures="0" skipped="0" time="20.247923">
        <testcase name="test_json_guest_cannot_get_create_info" file="/app/vendor/gammamatrix/playground-test/src/Feature/Http/Controllers/Resource/Playground/CreateJsonTrait.php" line="39" class="Tests\Feature\Playground\Directory\Resource\Http\Controllers\Playground\LocationRouteTest" classname="Tests.Feature.Playground.Directory.Resource.Http.Controllers.Playground.LocationRouteTest" assertions="1" time="0.173405"/>
        <testcase name="test_json_admin_can_get_create_info" file="/app/vendor/gammamatrix/playground-test/src/Feature/Http/Controllers/Resource/Playground/CreateJsonTrait.php" line="54" class="Tests\Feature\Playground\Directory\Resource\Http\Controllers\Playground\LocationRouteTest" classname="Tests.Feature.Playground.Directory.Resource.Http.Controllers.Playground.LocationRouteTest" assertions="94" time="0.198248"/>
        <testcase name="test_json_get_create_info_as_admin_with_invalid_parameter_and_fail_validation" file="/app/vendor/gammamatrix/playground-test/src/Feature/Http/Controllers/Resource/Playground/CreateJsonTrait.php" line="74" class="Tests\Feature\Playground\Directory\Resource\Http\Controllers\Playground\LocationRouteTest" classname="Tests.Feature.Playground.Directory.Resource.Http.Controllers.Playground.LocationRouteTest" assertions="4" time="0.190925"/>
        <testcase name="test_guest_cannot_render_create_view" file="/app/vendor/gammamatrix/playground-test/src/Feature/Http/Controllers/Resource/Playground/CreateTrait.php" line="34" class="Tests\Feature\Playground\Directory\Resource\Http\Controllers\Playground\LocationRouteTest" classname="Tests.Feature.Playground.Directory.Resource.Http.Controllers.Playground.LocationRouteTest" assertions="1" time="0.178276"/>
        <testcase name="test_admin_can_render_create_view" file="/app/vendor/gammamatrix/playground-test/src/Feature/Http/Controllers/Resource/Playground/CreateTrait.php" line="48" class="Tests\Feature\Playground\Directory\Resource\Http\Controllers\Playground\LocationRouteTest" classname="Tests.Feature.Playground.Directory.Resource.Http.Controllers.Playground.LocationRouteTest" assertions="2" time="0.256990"/>
        <testcase name="test_admin_can_render_create_view_with_return_url" file="/app/vendor/gammamatrix/playground-test/src/Feature/Http/Controllers/Resource/Playground/CreateTrait.php" line="66" class="Tests\Feature\Playground\Directory\Resource\Http\Controllers\Playground\LocationRouteTest" classname="Tests.Feature.Playground.Directory.Resource.Http.Controllers.Playground.LocationRouteTest" assertions="3" time="0.228483"/>
        <testcase name="test_create_view_as_admin_with_invalid_parameter_and_fail_validation_and_redirect" file="/app/vendor/gammamatrix/playground-test/src/Feature/Http/Controllers/Resource/Playground/CreateTrait.php" line="90" class="Tests\Feature\Playground\Directory\Resource\Http\Controllers\Playground\LocationRouteTest" classname="Tests.Feature.Playground.Directory.Resource.Http.Controllers.Playground.LocationRouteTest" assertions="5" time="0.192793"/>
        <testcase name="test_json_guest_cannot_destroy" file="/app/vendor/gammamatrix/playground-test/src/Feature/Http/Controllers/Resource/Playground/DestroyJsonTrait.php" line="32" class="Tests\Feature\Playground\Directory\Resource\Http\Controllers\Playground\LocationRouteTest" classname="Tests.Feature.Playground.Directory.Resource.Http.Controllers.Playground.LocationRouteTest" assertions="3" time="0.189965"/>
        <testcase name="test_json_destroy_as_admin_and_succeed" file="/app/vendor/gammamatrix/playground-test/src/Feature/Http/Controllers/Resource/Playground/DestroyJsonTrait.php" line="62" class="Tests\Feature\Playground\Directory\Resource\Http\Controllers\Playground\LocationRouteTest" classname="Tests.Feature.Playground.Directory.Resource.Http.Controllers.Playground.LocationRouteTest" assertions="5" time="0.199543"/>
        <testcase name="test_json_destroy_as_admin_and_succeed_with_force_delete" file="/app/vendor/gammamatrix/playground-test/src/Feature/Http/Controllers/Resource/Playground/DestroyJsonTrait.php" line="101" class="Tests\Feature\Playground\Directory\Resource\Http\Controllers\Playground\LocationRouteTest" classname="Tests.Feature.Playground.Directory.Resource.Http.Controllers.Playground.LocationRouteTest" assertions="4" time="0.196731"/>
        <testcase name="test_json_destroy_as_admin_and_succeed_with_no_content" file="/app/vendor/gammamatrix/playground-test/src/Feature/Http/Controllers/Resource/Playground/DestroyJsonTrait.php" line="133" class="Tests\Feature\Playground\Directory\Resource\Http\Controllers\Playground\LocationRouteTest" classname="Tests.Feature.Playground.Directory.Resource.Http.Controllers.Playground.LocationRouteTest" assertions="5" time="0.200421"/>
        <testcase name="test_json_destroy_as_admin_and_succeed_and_ignore_redirect" file="/app/vendor/gammamatrix/playground-test/src/Feature/Http/Controllers/Resource/Playground/DestroyJsonTrait.php" line="168" class="Tests\Feature\Playground\Directory\Resource\Http\Controllers\Playground\LocationRouteTest" classname="Tests.Feature.Playground.Directory.Resource.Http.Controllers.Playground.LocationRouteTest" assertions="5" time="0.202416"/>
        <testcase name="test_json_destroy_as_user_and_get_denied_and_no_force_delete_allowed" file="/app/vendor/gammamatrix/playground-test/src/Feature/Http/Controllers/Resource/Playground/DestroyJsonTrait.php" line="210" class="Tests\Feature\Playground\Directory\Resource\Http\Controllers\Playground\LocationRouteTest" classname="Tests.Feature.Playground.Directory.Resource.Http.Controllers.Playground.LocationRouteTest" assertions="3" time="0.201938"/>
        <testcase name="test_guest_cannot_destroy" file="/app/vendor/gammamatrix/playground-test/src/Feature/Http/Controllers/Resource/Playground/DestroyTrait.php" line="32" class="Tests\Feature\Playground\Directory\Resource\Http\Controllers\Playground\LocationRouteTest" classname="Tests.Feature.Playground.Directory.Resource.Http.Controllers.Playground.LocationRouteTest" assertions="3" time="0.191560"/>
        <testcase name="test_destroy_as_admin_and_succeed" file="/app/vendor/gammamatrix/playground-test/src/Feature/Http/Controllers/Resource/Playground/DestroyTrait.php" line="62" class="Tests\Feature\Playground\Directory\Resource\Http\Controllers\Playground\LocationRouteTest" classname="Tests.Feature.Playground.Directory.Resource.Http.Controllers.Playground.LocationRouteTest" assertions="5" time="0.199841"/>
        <testcase name="test_destroy_as_admin_and_succeed_with_force_delete" file="/app/vendor/gammamatrix/playground-test/src/Feature/Http/Controllers/Resource/Playground/DestroyTrait.php" line="98" class="Tests\Feature\Playground\Directory\Resource\Http\Controllers\Playground\LocationRouteTest" classname="Tests.Feature.Playground.Directory.Resource.Http.Controllers.Playground.LocationRouteTest" assertions="4" time="0.198690"/>
        <testcase name="test_destroy_as_admin_and_succeed_with_redirect_to_index_with_trash" file="/app/vendor/gammamatrix/playground-test/src/Feature/Http/Controllers/Resource/Playground/DestroyTrait.php" line="130" class="Tests\Feature\Playground\Directory\Resource\Http\Controllers\Playground\LocationRouteTest" classname="Tests.Feature.Playground.Directory.Resource.Http.Controllers.Playground.LocationRouteTest" assertions="5" time="0.201411"/>
        <testcase name="test_destroy_as_user_and_get_denied_and_no_force_delete_allowed" file="/app/vendor/gammamatrix/playground-test/src/Feature/Http/Controllers/Resource/Playground/DestroyTrait.php" line="172" class="Tests\Feature\Playground\Directory\Resource\Http\Controllers\Playground\LocationRouteTest" classname="Tests.Feature.Playground.Directory.Resource.Http.Controllers.Playground.LocationRouteTest" assertions="3" time="0.202041"/>
        <testcase name="test_json_guest_cannot_get_edit_info" file="/app/vendor/gammamatrix/playground-test/src/Feature/Http/Controllers/Resource/Playground/EditJsonTrait.php" line="39" class="Tests\Feature\Playground\Directory\Resource\Http\Controllers\Playground\LocationRouteTest" classname="Tests.Feature.Playground.Directory.Resource.Http.Controllers.Playground.LocationRouteTest" assertions="1" time="0.190749"/>
        <testcase name="test_json_admin_can_get_edit_info" file="/app/vendor/gammamatrix/playground-test/src/Feature/Http/Controllers/Resource/Playground/EditJsonTrait.php" line="59" class="Tests\Feature\Playground\Directory\Resource\Http\Controllers\Playground\LocationRouteTest" classname="Tests.Feature.Playground.Directory.Resource.Http.Controllers.Playground.LocationRouteTest" assertions="4" time="0.213690"/>
        <testcase name="test_json_edit_as_admin_and_fail_validation_with_invalid_parameter" file="/app/vendor/gammamatrix/playground-test/src/Feature/Http/Controllers/Resource/Playground/EditJsonTrait.php" line="88" class="Tests\Feature\Playground\Directory\Resource\Http\Controllers\Playground\LocationRouteTest" classname="Tests.Feature.Playground.Directory.Resource.Http.Controllers.Playground.LocationRouteTest" assertions="4" time="0.213122"/>
        <testcase name="test_guest_cannot_render_edit_view" file="/app/vendor/gammamatrix/playground-test/src/Feature/Http/Controllers/Resource/Playground/EditTrait.php" line="34" class="Tests\Feature\Playground\Directory\Resource\Http\Controllers\Playground\LocationRouteTest" classname="Tests.Feature.Playground.Directory.Resource.Http.Controllers.Playground.LocationRouteTest" assertions="1" time="0.192524"/>
        <testcase name="test_admin_can_render_edit_view" file="/app/vendor/gammamatrix/playground-test/src/Feature/Http/Controllers/Resource/Playground/EditTrait.php" line="54" class="Tests\Feature\Playground\Directory\Resource\Http\Controllers\Playground\LocationRouteTest" classname="Tests.Feature.Playground.Directory.Resource.Http.Controllers.Playground.LocationRouteTest" assertions="2" time="0.245264"/>
        <testcase name="test_admin_can_render_edit_view_with_return_url" file="/app/vendor/gammamatrix/playground-test/src/Feature/Http/Controllers/Resource/Playground/EditTrait.php" line="78" class="Tests\Feature\Playground\Directory\Resource\Http\Controllers\Playground\LocationRouteTest" classname="Tests.Feature.Playground.Directory.Resource.Http.Controllers.Playground.LocationRouteTest" assertions="3" time="0.244947"/>
        <testcase name="test_edit_view_as_admin_with_invalid_parameter_and_fail_validation_and_redirect" file="/app/vendor/gammamatrix/playground-test/src/Feature/Http/Controllers/Resource/Playground/EditTrait.php" line="107" class="Tests\Feature\Playground\Directory\Resource\Http\Controllers\Playground\LocationRouteTest" classname="Tests.Feature.Playground.Directory.Resource.Http.Controllers.Playground.LocationRouteTest" assertions="4" time="0.209031"/>
        <testcase name="test_json_guest_cannot_get_index" file="/app/vendor/gammamatrix/playground-test/src/Feature/Http/Controllers/Resource/Playground/IndexJsonTrait.php" line="35" class="Tests\Feature\Playground\Directory\Resource\Http\Controllers\Playground\LocationRouteTest" classname="Tests.Feature.Playground.Directory.Resource.Http.Controllers.Playground.LocationRouteTest" assertions="1" time="0.188552"/>
        <testcase name="test_json_admin_can_get_index" file="/app/vendor/gammamatrix/playground-test/src/Feature/Http/Controllers/Resource/Playground/IndexJsonTrait.php" line="50" class="Tests\Feature\Playground\Directory\Resource\Http\Controllers\Playground\LocationRouteTest" classname="Tests.Feature.Playground.Directory.Resource.Http.Controllers.Playground.LocationRouteTest" assertions="98" time="0.215572"/>
        <testcase name="test_json_admin_can_get_index_with_filters" file="/app/vendor/gammamatrix/playground-test/src/Feature/Http/Controllers/Resource/Playground/IndexJsonTrait.php" line="86" class="Tests\Feature\Playground\Directory\Resource\Http\Controllers\Playground\LocationRouteTest" classname="Tests.Feature.Playground.Directory.Resource.Http.Controllers.Playground.LocationRouteTest" assertions="3" time="0.216241"/>
        <testcase name="test_guest_cannot_render_index_view" file="/app/vendor/gammamatrix/playground-test/src/Feature/Http/Controllers/Resource/Playground/IndexTrait.php" line="30" class="Tests\Feature\Playground\Directory\Resource\Http\Controllers\Playground\LocationRouteTest" classname="Tests.Feature.Playground.Directory.Resource.Http.Controllers.Playground.LocationRouteTest" assertions="1" time="0.196421"/>
        <testcase name="test_admin_can_render_index_view" file="/app/vendor/gammamatrix/playground-test/src/Feature/Http/Controllers/Resource/Playground/IndexTrait.php" line="45" class="Tests\Feature\Playground\Directory\Resource\Http\Controllers\Playground\LocationRouteTest" classname="Tests.Feature.Playground.Directory.Resource.Http.Controllers.Playground.LocationRouteTest" assertions="2" time="0.262114"/>
        <testcase name="test_admin_can_render_index_view_with_filters" file="/app/vendor/gammamatrix/playground-test/src/Feature/Http/Controllers/Resource/Playground/IndexTrait.php" line="78" class="Tests\Feature\Playground\Directory\Resource\Http\Controllers\Playground\LocationRouteTest" classname="Tests.Feature.Playground.Directory.Resource.Http.Controllers.Playground.LocationRouteTest" assertions="3" time="0.251238"/>
        <testcase name="test_json_guest_cannot_lock" file="/app/vendor/gammamatrix/playground-test/src/Feature/Http/Controllers/Resource/Playground/LockJsonTrait.php" line="37" class="Tests\Feature\Playground\Directory\Resource\Http\Controllers\Playground\LocationRouteTest" classname="Tests.Feature.Playground.Directory.Resource.Http.Controllers.Playground.LocationRouteTest" assertions="3" time="0.192783"/>
        <testcase name="test_json_lock_as_admin_and_succeed" file="/app/vendor/gammamatrix/playground-test/src/Feature/Http/Controllers/Resource/Playground/LockJsonTrait.php" line="67" class="Tests\Feature\Playground\Directory\Resource\Http\Controllers\Playground\LocationRouteTest" classname="Tests.Feature.Playground.Directory.Resource.Http.Controllers.Playground.LocationRouteTest" assertions="3" time="0.213127"/>
        <testcase name="test_json_lock_as_admin_and_succeed_with_no_redirect" file="/app/vendor/gammamatrix/playground-test/src/Feature/Http/Controllers/Resource/Playground/LockJsonTrait.php" line="99" class="Tests\Feature\Playground\Directory\Resource\Http\Controllers\Playground\LocationRouteTest" classname="Tests.Feature.Playground.Directory.Resource.Http.Controllers.Playground.LocationRouteTest" assertions="96" time="0.214500"/>
        <testcase name="test_json_lock_as_user_and_get_denied" file="/app/vendor/gammamatrix/playground-test/src/Feature/Http/Controllers/Resource/Playground/LockJsonTrait.php" line="144" class="Tests\Feature\Playground\Directory\Resource\Http\Controllers\Playground\LocationRouteTest" classname="Tests.Feature.Playground.Directory.Resource.Http.Controllers.Playground.LocationRouteTest" assertions="3" time="0.203710"/>
        <testcase name="test_guest_cannot_lock" file="/app/vendor/gammamatrix/playground-test/src/Feature/Http/Controllers/Resource/Playground/LockTrait.php" line="32" class="Tests\Feature\Playground\Directory\Resource\Http\Controllers\Playground\LocationRouteTest" classname="Tests.Feature.Playground.Directory.Resource.Http.Controllers.Playground.LocationRouteTest" assertions="3" time="0.194650"/>
        <testcase name="test_lock_as_admin_and_succeed" file="/app/vendor/gammamatrix/playground-test/src/Feature/Http/Controllers/Resource/Playground/LockTrait.php" line="62" class="Tests\Feature\Playground\Directory\Resource\Http\Controllers\Playground\LocationRouteTest" classname="Tests.Feature.Playground.Directory.Resource.Http.Controllers.Playground.LocationRouteTest" assertions="4" time="0.213304"/>
        <testcase name="test_lock_as_admin_and_succeed_with_redirect_to_index_with_sorted_by_locked_desc" file="/app/vendor/gammamatrix/playground-test/src/Feature/Http/Controllers/Resource/Playground/LockTrait.php" line="96" class="Tests\Feature\Playground\Directory\Resource\Http\Controllers\Playground\LocationRouteTest" classname="Tests.Feature.Playground.Directory.Resource.Http.Controllers.Playground.LocationRouteTest" assertions="4" time="0.212116"/>
        <testcase name="test_lock_as_user_and_get_denied" file="/app/vendor/gammamatrix/playground-test/src/Feature/Http/Controllers/Resource/Playground/LockTrait.php" line="133" class="Tests\Feature\Playground\Directory\Resource\Http\Controllers\Playground\LocationRouteTest" classname="Tests.Feature.Playground.Directory.Resource.Http.Controllers.Playground.LocationRouteTest" assertions="3" time="0.205344"/>
        <testcase name="test_json_guest_cannot_restore" file="/app/vendor/gammamatrix/playground-test/src/Feature/Http/Controllers/Resource/Playground/RestoreJsonTrait.php" line="33" class="Tests\Feature\Playground\Directory\Resource\Http\Controllers\Playground\LocationRouteTest" classname="Tests.Feature.Playground.Directory.Resource.Http.Controllers.Playground.LocationRouteTest" assertions="3" time="0.198140"/>
        <testcase name="test_json_restore_as_admin_and_succeed" file="/app/vendor/gammamatrix/playground-test/src/Feature/Http/Controllers/Resource/Playground/RestoreJsonTrait.php" line="65" class="Tests\Feature\Playground\Directory\Resource\Http\Controllers\Playground\LocationRouteTest" classname="Tests.Feature.Playground.Directory.Resource.Http.Controllers.Playground.LocationRouteTest" assertions="96" time="0.216216"/>
        <testcase name="test_json_restore_as_admin_and_succeed_with_no_redirect" file="/app/vendor/gammamatrix/playground-test/src/Feature/Http/Controllers/Resource/Playground/RestoreJsonTrait.php" line="101" class="Tests\Feature\Playground\Directory\Resource\Http\Controllers\Playground\LocationRouteTest" classname="Tests.Feature.Playground.Directory.Resource.Http.Controllers.Playground.LocationRouteTest" assertions="96" time="0.217210"/>
        <testcase name="test_json_restore_as_user_and_get_denied" file="/app/vendor/gammamatrix/playground-test/src/Feature/Http/Controllers/Resource/Playground/RestoreJsonTrait.php" line="144" class="Tests\Feature\Playground\Directory\Resource\Http\Controllers\Playground\LocationRouteTest" classname="Tests.Feature.Playground.Directory.Resource.Http.Controllers.Playground.LocationRouteTest" assertions="3" time="0.206648"/>
        <testcase name="test_json_guest_cannot_restore_revision" file="/app/vendor/gammamatrix/playground-test/src/Feature/Http/Controllers/Resource/Playground/RestoreRevisionJsonTrait.php" line="44" class="Tests\Feature\Playground\Directory\Resource\Http\Controllers\Playground\LocationRouteTest" classname="Tests.Feature.Playground.Directory.Resource.Http.Controllers.Playground.LocationRouteTest" assertions="3" time="0.206932"/>
        <testcase name="test_json_restore_revision_as_admin_and_succeed" file="/app/vendor/gammamatrix/playground-test/src/Feature/Http/Controllers/Resource/Playground/RestoreRevisionJsonTrait.php" line="80" class="Tests\Feature\Playground\Directory\Resource\Http\Controllers\Playground\LocationRouteTest" classname="Tests.Feature.Playground.Directory.Resource.Http.Controllers.Playground.LocationRouteTest" assertions="96" time="0.293746"/>
        <testcase name="test_json_restore_revision_as_admin_and_succeed_without_redirect" file="/app/vendor/gammamatrix/playground-test/src/Feature/Http/Controllers/Resource/Playground/RestoreRevisionJsonTrait.php" line="120" class="Tests\Feature\Playground\Directory\Resource\Http\Controllers\Playground\LocationRouteTest" classname="Tests.Feature.Playground.Directory.Resource.Http.Controllers.Playground.LocationRouteTest" assertions="96" time="0.289671"/>
        <testcase name="test_json_restore_revision_as_user_and_get_denied" file="/app/vendor/gammamatrix/playground-test/src/Feature/Http/Controllers/Resource/Playground/RestoreRevisionJsonTrait.php" line="172" class="Tests\Feature\Playground\Directory\Resource\Http\Controllers\Playground\LocationRouteTest" classname="Tests.Feature.Playground.Directory.Resource.Http.Controllers.Playground.LocationRouteTest" assertions="3" time="0.219411"/>
        <testcase name="test_guest_cannot_restore_revision" file="/app/vendor/gammamatrix/playground-test/src/Feature/Http/Controllers/Resource/Playground/RestoreRevisionTrait.php" line="39" class="Tests\Feature\Playground\Directory\Resource\Http\Controllers\Playground\LocationRouteTest" classname="Tests.Feature.Playground.Directory.Resource.Http.Controllers.Playground.LocationRouteTest" assertions="3" time="0.216102"/>
        <testcase name="test_restore_revision_as_admin_and_succeed" file="/app/vendor/gammamatrix/playground-test/src/Feature/Http/Controllers/Resource/Playground/RestoreRevisionTrait.php" line="75" class="Tests\Feature\Playground\Directory\Resource\Http\Controllers\Playground\LocationRouteTest" classname="Tests.Feature.Playground.Directory.Resource.Http.Controllers.Playground.LocationRouteTest" assertions="4" time="0.281533"/>
        <testcase name="test_restore_revision_as_admin_and_succeed_with_redirect_to_index_with_only_trash" file="/app/vendor/gammamatrix/playground-test/src/Feature/Http/Controllers/Resource/Playground/RestoreRevisionTrait.php" line="115" class="Tests\Feature\Playground\Directory\Resource\Http\Controllers\Playground\LocationRouteTest" classname="Tests.Feature.Playground.Directory.Resource.Http.Controllers.Playground.LocationRouteTest" assertions="4" time="0.279116"/>
        <testcase name="test_restore_revision_as_user_and_get_denied" file="/app/vendor/gammamatrix/playground-test/src/Feature/Http/Controllers/Resource/Playground/RestoreRevisionTrait.php" line="165" class="Tests\Feature\Playground\Directory\Resource\Http\Controllers\Playground\LocationRouteTest" classname="Tests.Feature.Playground.Directory.Resource.Http.Controllers.Playground.LocationRouteTest" assertions="3" time="0.221506"/>
        <testcase name="test_guest_cannot_restore" file="/app/vendor/gammamatrix/playground-test/src/Feature/Http/Controllers/Resource/Playground/RestoreTrait.php" line="33" class="Tests\Feature\Playground\Directory\Resource\Http\Controllers\Playground\LocationRouteTest" classname="Tests.Feature.Playground.Directory.Resource.Http.Controllers.Playground.LocationRouteTest" assertions="3" time="0.200476"/>
        <testcase name="test_restore_as_admin_and_succeed" file="/app/vendor/gammamatrix/playground-test/src/Feature/Http/Controllers/Resource/Playground/RestoreTrait.php" line="65" class="Tests\Feature\Playground\Directory\Resource\Http\Controllers\Playground\LocationRouteTest" classname="Tests.Feature.Playground.Directory.Resource.Http.Controllers.Playground.LocationRouteTest" assertions="4" time="0.219108"/>
        <testcase name="test_restore_as_admin_and_succeed_with_redirect_to_index_with_only_trash" file="/app/vendor/gammamatrix/playground-test/src/Feature/Http/Controllers/Resource/Playground/RestoreTrait.php" line="101" class="Tests\Feature\Playground\Directory\Resource\Http\Controllers\Playground\LocationRouteTest" classname="Tests.Feature.Playground.Directory.Resource.Http.Controllers.Playground.LocationRouteTest" assertions="4" time="0.215138"/>
        <testcase name="test_restore_as_user_and_get_denied" file="/app/vendor/gammamatrix/playground-test/src/Feature/Http/Controllers/Resource/Playground/RestoreTrait.php" line="147" class="Tests\Feature\Playground\Directory\Resource\Http\Controllers\Playground\LocationRouteTest" classname="Tests.Feature.Playground.Directory.Resource.Http.Controllers.Playground.LocationRouteTest" assertions="3" time="0.215427"/>
        <testcase name="test_json_guest_cannot_render_revision_view" file="/app/vendor/gammamatrix/playground-test/src/Feature/Http/Controllers/Resource/Playground/RevisionJsonTrait.php" line="39" class="Tests\Feature\Playground\Directory\Resource\Http\Controllers\Playground\LocationRouteTest" classname="Tests.Feature.Playground.Directory.Resource.Http.Controllers.Playground.LocationRouteTest" assertions="2" time="0.213598"/>
        <testcase name="test_json_admin_can_get_revision_info" file="/app/vendor/gammamatrix/playground-test/src/Feature/Http/Controllers/Resource/Playground/RevisionJsonTrait.php" line="70" class="Tests\Feature\Playground\Directory\Resource\Http\Controllers\Playground\LocationRouteTest" classname="Tests.Feature.Playground.Directory.Resource.Http.Controllers.Playground.LocationRouteTest" assertions="95" time="0.226776"/>
        <testcase name="test_json_guest_cannot_get_revisions" file="/app/vendor/gammamatrix/playground-test/src/Feature/Http/Controllers/Resource/Playground/RevisionsJsonTrait.php" line="35" class="Tests\Feature\Playground\Directory\Resource\Http\Controllers\Playground\LocationRouteTest" classname="Tests.Feature.Playground.Directory.Resource.Http.Controllers.Playground.LocationRouteTest" assertions="2" time="0.211433"/>
        <testcase name="test_json_admin_can_get_revisions" file="/app/vendor/gammamatrix/playground-test/src/Feature/Http/Controllers/Resource/Playground/RevisionsJsonTrait.php" line="64" class="Tests\Feature\Playground\Directory\Resource\Http\Controllers\Playground\LocationRouteTest" classname="Tests.Feature.Playground.Directory.Resource.Http.Controllers.Playground.LocationRouteTest" assertions="2" time="0.243011"/>
        <testcase name="test_json_admin_can_get_revisions_with_filters" file="/app/vendor/gammamatrix/playground-test/src/Feature/Http/Controllers/Resource/Playground/RevisionsJsonTrait.php" line="105" class="Tests\Feature\Playground\Directory\Resource\Http\Controllers\Playground\LocationRouteTest" classname="Tests.Feature.Playground.Directory.Resource.Http.Controllers.Playground.LocationRouteTest" assertions="99" time="0.246616"/>
        <testcase name="test_guest_cannot_render_revisions_view" file="/app/vendor/gammamatrix/playground-test/src/Feature/Http/Controllers/Resource/Playground/RevisionsTrait.php" line="35" class="Tests\Feature\Playground\Directory\Resource\Http\Controllers\Playground\LocationRouteTest" classname="Tests.Feature.Playground.Directory.Resource.Http.Controllers.Playground.LocationRouteTest" assertions="2" time="0.219000"/>
        <testcase name="test_admin_can_render_revisions_view" file="/app/vendor/gammamatrix/playground-test/src/Feature/Http/Controllers/Resource/Playground/RevisionsTrait.php" line="64" class="Tests\Feature\Playground\Directory\Resource\Http\Controllers\Playground\LocationRouteTest" classname="Tests.Feature.Playground.Directory.Resource.Http.Controllers.Playground.LocationRouteTest" assertions="2" time="0.275376"/>
        <testcase name="test_admin_can_render_revisions_view_with_filters" file="/app/vendor/gammamatrix/playground-test/src/Feature/Http/Controllers/Resource/Playground/RevisionsTrait.php" line="105" class="Tests\Feature\Playground\Directory\Resource\Http\Controllers\Playground\LocationRouteTest" classname="Tests.Feature.Playground.Directory.Resource.Http.Controllers.Playground.LocationRouteTest" assertions="3" time="0.261224"/>
        <testcase name="test_guest_cannot_render_revision_view" file="/app/vendor/gammamatrix/playground-test/src/Feature/Http/Controllers/Resource/Playground/RevisionTrait.php" line="39" class="Tests\Feature\Playground\Directory\Resource\Http\Controllers\Playground\LocationRouteTest" classname="Tests.Feature.Playground.Directory.Resource.Http.Controllers.Playground.LocationRouteTest" assertions="2" time="0.214721"/>
        <testcase name="test_revision_view_rendered_by_admin" file="/app/vendor/gammamatrix/playground-test/src/Feature/Http/Controllers/Resource/Playground/RevisionTrait.php" line="70" class="Tests\Feature\Playground\Directory\Resource\Http\Controllers\Playground\LocationRouteTest" classname="Tests.Feature.Playground.Directory.Resource.Http.Controllers.Playground.LocationRouteTest" assertions="2" time="0.247008"/>
        <testcase name="test_json_guest_cannot_see_info" file="/app/vendor/gammamatrix/playground-test/src/Feature/Http/Controllers/Resource/Playground/ShowJsonTrait.php" line="30" class="Tests\Feature\Playground\Directory\Resource\Http\Controllers\Playground\LocationRouteTest" classname="Tests.Feature.Playground.Directory.Resource.Http.Controllers.Playground.LocationRouteTest" assertions="1" time="0.201977"/>
        <testcase name="test_json_show_info_for_admin" file="/app/vendor/gammamatrix/playground-test/src/Feature/Http/Controllers/Resource/Playground/ShowJsonTrait.php" line="50" class="Tests\Feature\Playground\Directory\Resource\Http\Controllers\Playground\LocationRouteTest" classname="Tests.Feature.Playground.Directory.Resource.Http.Controllers.Playground.LocationRouteTest" assertions="95" time="0.225399"/>
        <testcase name="test_guest_cannot_render_show_view" file="/app/vendor/gammamatrix/playground-test/src/Feature/Http/Controllers/Resource/Playground/ShowTrait.php" line="30" class="Tests\Feature\Playground\Directory\Resource\Http\Controllers\Playground\LocationRouteTest" classname="Tests.Feature.Playground.Directory.Resource.Http.Controllers.Playground.LocationRouteTest" assertions="1" time="0.203860"/>
        <testcase name="test_show_view_rendered_by_admin" file="/app/vendor/gammamatrix/playground-test/src/Feature/Http/Controllers/Resource/Playground/ShowTrait.php" line="50" class="Tests\Feature\Playground\Directory\Resource\Http\Controllers\Playground\LocationRouteTest" classname="Tests.Feature.Playground.Directory.Resource.Http.Controllers.Playground.LocationRouteTest" assertions="2" time="0.240947"/>
        <testcase name="test_json_guest_cannot_store" file="/app/vendor/gammamatrix/playground-test/src/Feature/Http/Controllers/Resource/Playground/StoreJsonTrait.php" line="44" class="Tests\Feature\Playground\Directory\Resource\Http\Controllers\Playground\LocationRouteTest" classname="Tests.Feature.Playground.Directory.Resource.Http.Controllers.Playground.LocationRouteTest" assertions="3" time="0.203120"/>
        <testcase name="test_json_store_as_admin_without_payload_and_fail_validation" file="/app/vendor/gammamatrix/playground-test/src/Feature/Http/Controllers/Resource/Playground/StoreJsonTrait.php" line="67" class="Tests\Feature\Playground\Directory\Resource\Http\Controllers\Playground\LocationRouteTest" classname="Tests.Feature.Playground.Directory.Resource.Http.Controllers.Playground.LocationRouteTest" assertions="5" time="0.214219"/>
        <testcase name="test_json_store_as_admin_and_succeed" file="/app/vendor/gammamatrix/playground-test/src/Feature/Http/Controllers/Resource/Playground/StoreJsonTrait.php" line="93" class="Tests\Feature\Playground\Directory\Resource\Http\Controllers\Playground\LocationRouteTest" classname="Tests.Feature.Playground.Directory.Resource.Http.Controllers.Playground.LocationRouteTest" assertions="3" time="0.271938"/>
        <testcase name="test_guest_cannot_store" file="/app/vendor/gammamatrix/playground-test/src/Feature/Http/Controllers/Resource/Playground/StoreTrait.php" line="39" class="Tests\Feature\Playground\Directory\Resource\Http\Controllers\Playground\LocationRouteTest" classname="Tests.Feature.Playground.Directory.Resource.Http.Controllers.Playground.LocationRouteTest" assertions="3" time="0.199822"/>
        <testcase name="test_store_as_admin_without_payload_and_fail_validation" file="/app/vendor/gammamatrix/playground-test/src/Feature/Http/Controllers/Resource/Playground/StoreTrait.php" line="62" class="Tests\Feature\Playground\Directory\Resource\Http\Controllers\Playground\LocationRouteTest" classname="Tests.Feature.Playground.Directory.Resource.Http.Controllers.Playground.LocationRouteTest" assertions="5" time="0.213205"/>
        <testcase name="test_store_as_admin_and_succeed" file="/app/vendor/gammamatrix/playground-test/src/Feature/Http/Controllers/Resource/Playground/StoreTrait.php" line="91" class="Tests\Feature\Playground\Directory\Resource\Http\Controllers\Playground\LocationRouteTest" classname="Tests.Feature.Playground.Directory.Resource.Http.Controllers.Playground.LocationRouteTest" assertions="4" time="0.244944"/>
        <testcase name="test_store_as_admin_and_succeed_with_return_url" file="/app/vendor/gammamatrix/playground-test/src/Feature/Http/Controllers/Resource/Playground/StoreTrait.php" line="136" class="Tests\Feature\Playground\Directory\Resource\Http\Controllers\Playground\LocationRouteTest" classname="Tests.Feature.Playground.Directory.Resource.Http.Controllers.Playground.LocationRouteTest" assertions="4" time="0.245958"/>
        <testcase name="test_json_guest_cannot_unlock" file="/app/vendor/gammamatrix/playground-test/src/Feature/Http/Controllers/Resource/Playground/UnlockJsonTrait.php" line="37" class="Tests\Feature\Playground\Directory\Resource\Http\Controllers\Playground\LocationRouteTest" classname="Tests.Feature.Playground.Directory.Resource.Http.Controllers.Playground.LocationRouteTest" assertions="3" time="0.207025"/>
        <testcase name="test_json_unlock_as_admin_and_succeed" file="/app/vendor/gammamatrix/playground-test/src/Feature/Http/Controllers/Resource/Playground/UnlockJsonTrait.php" line="69" class="Tests\Feature\Playground\Directory\Resource\Http\Controllers\Playground\LocationRouteTest" classname="Tests.Feature.Playground.Directory.Resource.Http.Controllers.Playground.LocationRouteTest" assertions="96" time="0.233979"/>
        <testcase name="test_json_unlock_as_admin_and_succeed_with_no_redirect" file="/app/vendor/gammamatrix/playground-test/src/Feature/Http/Controllers/Resource/Playground/UnlockJsonTrait.php" line="105" class="Tests\Feature\Playground\Directory\Resource\Http\Controllers\Playground\LocationRouteTest" classname="Tests.Feature.Playground.Directory.Resource.Http.Controllers.Playground.LocationRouteTest" assertions="96" time="0.235625"/>
        <testcase name="test_json_unlock_as_user_and_get_denied" file="/app/vendor/gammamatrix/playground-test/src/Feature/Http/Controllers/Resource/Playground/UnlockJsonTrait.php" line="146" class="Tests\Feature\Playground\Directory\Resource\Http\Controllers\Playground\LocationRouteTest" classname="Tests.Feature.Playground.Directory.Resource.Http.Controllers.Playground.LocationRouteTest" assertions="3" time="0.215811"/>
        <testcase name="test_guest_cannot_unlock" file="/app/vendor/gammamatrix/playground-test/src/Feature/Http/Controllers/Resource/Playground/UnlockTrait.php" line="37" class="Tests\Feature\Playground\Directory\Resource\Http\Controllers\Playground\LocationRouteTest" classname="Tests.Feature.Playground.Directory.Resource.Http.Controllers.Playground.LocationRouteTest" assertions="3" time="0.209762"/>
        <testcase name="test_unlock_as_admin_and_succeed" file="/app/vendor/gammamatrix/playground-test/src/Feature/Http/Controllers/Resource/Playground/UnlockTrait.php" line="69" class="Tests\Feature\Playground\Directory\Resource\Http\Controllers\Playground\LocationRouteTest" classname="Tests.Feature.Playground.Directory.Resource.Http.Controllers.Playground.LocationRouteTest" assertions="4" time="0.223887"/>
        <testcase name="test_unlock_as_admin_and_succeed_with_redirect_to_index_with_sorted_by_unlocked_desc" file="/app/vendor/gammamatrix/playground-test/src/Feature/Http/Controllers/Resource/Playground/UnlockTrait.php" line="110" class="Tests\Feature\Playground\Directory\Resource\Http\Controllers\Playground\LocationRouteTest" classname="Tests.Feature.Playground.Directory.Resource.Http.Controllers.Playground.LocationRouteTest" assertions="4" time="0.221933"/>
        <testcase name="test_unlock_as_user_and_get_denied" file="/app/vendor/gammamatrix/playground-test/src/Feature/Http/Controllers/Resource/Playground/UnlockTrait.php" line="149" class="Tests\Feature\Playground\Directory\Resource\Http\Controllers\Playground\LocationRouteTest" classname="Tests.Feature.Playground.Directory.Resource.Http.Controllers.Playground.LocationRouteTest" assertions="3" time="0.218525"/>
        <testcase name="test_json_guest_cannot_update" file="/app/vendor/gammamatrix/playground-test/src/Feature/Http/Controllers/Resource/Playground/UpdateJsonTrait.php" line="46" class="Tests\Feature\Playground\Directory\Resource\Http\Controllers\Playground\LocationRouteTest" classname="Tests.Feature.Playground.Directory.Resource.Http.Controllers.Playground.LocationRouteTest" assertions="1" time="0.206236"/>
        <testcase name="test_json_update_as_admin_without_payload_and_passes_validation" file="/app/vendor/gammamatrix/playground-test/src/Feature/Http/Controllers/Resource/Playground/UpdateJsonTrait.php" line="66" class="Tests\Feature\Playground\Directory\Resource\Http\Controllers\Playground\LocationRouteTest" classname="Tests.Feature.Playground.Directory.Resource.Http.Controllers.Playground.LocationRouteTest" assertions="2" time="0.264622"/>
        <testcase name="test_json_admin_can_update" file="/app/vendor/gammamatrix/playground-test/src/Feature/Http/Controllers/Resource/Playground/UpdateJsonTrait.php" line="114" class="Tests\Feature\Playground\Directory\Resource\Http\Controllers\Playground\LocationRouteTest" classname="Tests.Feature.Playground.Directory.Resource.Http.Controllers.Playground.LocationRouteTest" assertions="98" time="0.300988"/>
        <testcase name="test_guest_cannot_update" file="/app/vendor/gammamatrix/playground-test/src/Feature/Http/Controllers/Resource/Playground/UpdateTrait.php" line="46" class="Tests\Feature\Playground\Directory\Resource\Http\Controllers\Playground\LocationRouteTest" classname="Tests.Feature.Playground.Directory.Resource.Http.Controllers.Playground.LocationRouteTest" assertions="1" time="0.209385"/>
        <testcase name="test_update_as_admin_without_payload_and_passes_validation" file="/app/vendor/gammamatrix/playground-test/src/Feature/Http/Controllers/Resource/Playground/UpdateTrait.php" line="66" class="Tests\Feature\Playground\Directory\Resource\Http\Controllers\Playground\LocationRouteTest" classname="Tests.Feature.Playground.Directory.Resource.Http.Controllers.Playground.LocationRouteTest" assertions="3" time="0.255407"/>
        <testcase name="test_admin_can_update" file="/app/vendor/gammamatrix/playground-test/src/Feature/Http/Controllers/Resource/Playground/UpdateTrait.php" line="117" class="Tests\Feature\Playground\Directory\Resource\Http\Controllers\Playground\LocationRouteTest" classname="Tests.Feature.Playground.Directory.Resource.Http.Controllers.Playground.LocationRouteTest" assertions="6" time="0.334981"/>
        <testcase name="test_admin_can_update_view_with_return_url" file="/app/vendor/gammamatrix/playground-test/src/Feature/Http/Controllers/Resource/Playground/UpdateTrait.php" line="160" class="Tests\Feature\Playground\Directory\Resource\Http\Controllers\Playground\LocationRouteTest" classname="Tests.Feature.Playground.Directory.Resource.Http.Controllers.Playground.LocationRouteTest" assertions="6" time="0.296544"/>
      </testsuite>
      <testsuite name="Tests\Feature\Playground\Directory\Resource\Http\Controllers\Playground\SublocationRouteTest" file="/app/tests/Feature/Http/Controllers/Playground/SublocationRouteTest.php" tests="91" assertions="1504" errors="0" failures="0" skipped="0" time="20.164883">
        <testcase name="test_json_guest_cannot_get_create_info" file="/app/vendor/gammamatrix/playground-test/src/Feature/Http/Controllers/Resource/Playground/CreateJsonTrait.php" line="39" class="Tests\Feature\Playground\Directory\Resource\Http\Controllers\Playground\SublocationRouteTest" classname="Tests.Feature.Playground.Directory.Resource.Http.Controllers.Playground.SublocationRouteTest" assertions="1" time="0.174270"/>
        <testcase name="test_json_admin_can_get_create_info" file="/app/vendor/gammamatrix/playground-test/src/Feature/Http/Controllers/Resource/Playground/CreateJsonTrait.php" line="54" class="Tests\Feature\Playground\Directory\Resource\Http\Controllers\Playground\SublocationRouteTest" classname="Tests.Feature.Playground.Directory.Resource.Http.Controllers.Playground.SublocationRouteTest" assertions="95" time="0.198682"/>
        <testcase name="test_json_get_create_info_as_admin_with_invalid_parameter_and_fail_validation" file="/app/vendor/gammamatrix/playground-test/src/Feature/Http/Controllers/Resource/Playground/CreateJsonTrait.php" line="74" class="Tests\Feature\Playground\Directory\Resource\Http\Controllers\Playground\SublocationRouteTest" classname="Tests.Feature.Playground.Directory.Resource.Http.Controllers.Playground.SublocationRouteTest" assertions="4" time="0.195601"/>
        <testcase name="test_guest_cannot_render_create_view" file="/app/vendor/gammamatrix/playground-test/src/Feature/Http/Controllers/Resource/Playground/CreateTrait.php" line="34" class="Tests\Feature\Playground\Directory\Resource\Http\Controllers\Playground\SublocationRouteTest" classname="Tests.Feature.Playground.Directory.Resource.Http.Controllers.Playground.SublocationRouteTest" assertions="1" time="0.173983"/>
        <testcase name="test_admin_can_render_create_view" file="/app/vendor/gammamatrix/playground-test/src/Feature/Http/Controllers/Resource/Playground/CreateTrait.php" line="48" class="Tests\Feature\Playground\Directory\Resource\Http\Controllers\Playground\SublocationRouteTest" classname="Tests.Feature.Playground.Directory.Resource.Http.Controllers.Playground.SublocationRouteTest" assertions="2" time="0.231340"/>
        <testcase name="test_admin_can_render_create_view_with_return_url" file="/app/vendor/gammamatrix/playground-test/src/Feature/Http/Controllers/Resource/Playground/CreateTrait.php" line="66" class="Tests\Feature\Playground\Directory\Resource\Http\Controllers\Playground\SublocationRouteTest" classname="Tests.Feature.Playground.Directory.Resource.Http.Controllers.Playground.SublocationRouteTest" assertions="3" time="0.227943"/>
        <testcase name="test_create_view_as_admin_with_invalid_parameter_and_fail_validation_and_redirect" file="/app/vendor/gammamatrix/playground-test/src/Feature/Http/Controllers/Resource/Playground/CreateTrait.php" line="90" class="Tests\Feature\Playground\Directory\Resource\Http\Controllers\Playground\SublocationRouteTest" classname="Tests.Feature.Playground.Directory.Resource.Http.Controllers.Playground.SublocationRouteTest" assertions="5" time="0.194757"/>
        <testcase name="test_json_guest_cannot_destroy" file="/app/vendor/gammamatrix/playground-test/src/Feature/Http/Controllers/Resource/Playground/DestroyJsonTrait.php" line="32" class="Tests\Feature\Playground\Directory\Resource\Http\Controllers\Playground\SublocationRouteTest" classname="Tests.Feature.Playground.Directory.Resource.Http.Controllers.Playground.SublocationRouteTest" assertions="3" time="0.186188"/>
        <testcase name="test_json_destroy_as_admin_and_succeed" file="/app/vendor/gammamatrix/playground-test/src/Feature/Http/Controllers/Resource/Playground/DestroyJsonTrait.php" line="62" class="Tests\Feature\Playground\Directory\Resource\Http\Controllers\Playground\SublocationRouteTest" classname="Tests.Feature.Playground.Directory.Resource.Http.Controllers.Playground.SublocationRouteTest" assertions="5" time="0.198413"/>
        <testcase name="test_json_destroy_as_admin_and_succeed_with_force_delete" file="/app/vendor/gammamatrix/playground-test/src/Feature/Http/Controllers/Resource/Playground/DestroyJsonTrait.php" line="101" class="Tests\Feature\Playground\Directory\Resource\Http\Controllers\Playground\SublocationRouteTest" classname="Tests.Feature.Playground.Directory.Resource.Http.Controllers.Playground.SublocationRouteTest" assertions="4" time="0.197345"/>
        <testcase name="test_json_destroy_as_admin_and_succeed_with_no_content" file="/app/vendor/gammamatrix/playground-test/src/Feature/Http/Controllers/Resource/Playground/DestroyJsonTrait.php" line="133" class="Tests\Feature\Playground\Directory\Resource\Http\Controllers\Playground\SublocationRouteTest" classname="Tests.Feature.Playground.Directory.Resource.Http.Controllers.Playground.SublocationRouteTest" assertions="5" time="0.203858"/>
        <testcase name="test_json_destroy_as_admin_and_succeed_and_ignore_redirect" file="/app/vendor/gammamatrix/playground-test/src/Feature/Http/Controllers/Resource/Playground/DestroyJsonTrait.php" line="168" class="Tests\Feature\Playground\Directory\Resource\Http\Controllers\Playground\SublocationRouteTest" classname="Tests.Feature.Playground.Directory.Resource.Http.Controllers.Playground.SublocationRouteTest" assertions="5" time="0.199574"/>
        <testcase name="test_json_destroy_as_user_and_get_denied_and_no_force_delete_allowed" file="/app/vendor/gammamatrix/playground-test/src/Feature/Http/Controllers/Resource/Playground/DestroyJsonTrait.php" line="210" class="Tests\Feature\Playground\Directory\Resource\Http\Controllers\Playground\SublocationRouteTest" classname="Tests.Feature.Playground.Directory.Resource.Http.Controllers.Playground.SublocationRouteTest" assertions="3" time="0.201880"/>
        <testcase name="test_guest_cannot_destroy" file="/app/vendor/gammamatrix/playground-test/src/Feature/Http/Controllers/Resource/Playground/DestroyTrait.php" line="32" class="Tests\Feature\Playground\Directory\Resource\Http\Controllers\Playground\SublocationRouteTest" classname="Tests.Feature.Playground.Directory.Resource.Http.Controllers.Playground.SublocationRouteTest" assertions="3" time="0.188561"/>
        <testcase name="test_destroy_as_admin_and_succeed" file="/app/vendor/gammamatrix/playground-test/src/Feature/Http/Controllers/Resource/Playground/DestroyTrait.php" line="62" class="Tests\Feature\Playground\Directory\Resource\Http\Controllers\Playground\SublocationRouteTest" classname="Tests.Feature.Playground.Directory.Resource.Http.Controllers.Playground.SublocationRouteTest" assertions="5" time="0.202857"/>
        <testcase name="test_destroy_as_admin_and_succeed_with_force_delete" file="/app/vendor/gammamatrix/playground-test/src/Feature/Http/Controllers/Resource/Playground/DestroyTrait.php" line="98" class="Tests\Feature\Playground\Directory\Resource\Http\Controllers\Playground\SublocationRouteTest" classname="Tests.Feature.Playground.Directory.Resource.Http.Controllers.Playground.SublocationRouteTest" assertions="4" time="0.197716"/>
        <testcase name="test_destroy_as_admin_and_succeed_with_redirect_to_index_with_trash" file="/app/vendor/gammamatrix/playground-test/src/Feature/Http/Controllers/Resource/Playground/DestroyTrait.php" line="130" class="Tests\Feature\Playground\Directory\Resource\Http\Controllers\Playground\SublocationRouteTest" classname="Tests.Feature.Playground.Directory.Resource.Http.Controllers.Playground.SublocationRouteTest" assertions="5" time="0.206451"/>
        <testcase name="test_destroy_as_user_and_get_denied_and_no_force_delete_allowed" file="/app/vendor/gammamatrix/playground-test/src/Feature/Http/Controllers/Resource/Playground/DestroyTrait.php" line="172" class="Tests\Feature\Playground\Directory\Resource\Http\Controllers\Playground\SublocationRouteTest" classname="Tests.Feature.Playground.Directory.Resource.Http.Controllers.Playground.SublocationRouteTest" assertions="3" time="0.199060"/>
        <testcase name="test_json_guest_cannot_get_edit_info" file="/app/vendor/gammamatrix/playground-test/src/Feature/Http/Controllers/Resource/Playground/EditJsonTrait.php" line="39" class="Tests\Feature\Playground\Directory\Resource\Http\Controllers\Playground\SublocationRouteTest" classname="Tests.Feature.Playground.Directory.Resource.Http.Controllers.Playground.SublocationRouteTest" assertions="1" time="0.188602"/>
        <testcase name="test_json_admin_can_get_edit_info" file="/app/vendor/gammamatrix/playground-test/src/Feature/Http/Controllers/Resource/Playground/EditJsonTrait.php" line="59" class="Tests\Feature\Playground\Directory\Resource\Http\Controllers\Playground\SublocationRouteTest" classname="Tests.Feature.Playground.Directory.Resource.Http.Controllers.Playground.SublocationRouteTest" assertions="4" time="0.216577"/>
        <testcase name="test_json_edit_as_admin_and_fail_validation_with_invalid_parameter" file="/app/vendor/gammamatrix/playground-test/src/Feature/Http/Controllers/Resource/Playground/EditJsonTrait.php" line="88" class="Tests\Feature\Playground\Directory\Resource\Http\Controllers\Playground\SublocationRouteTest" classname="Tests.Feature.Playground.Directory.Resource.Http.Controllers.Playground.SublocationRouteTest" assertions="4" time="0.214277"/>
        <testcase name="test_guest_cannot_render_edit_view" file="/app/vendor/gammamatrix/playground-test/src/Feature/Http/Controllers/Resource/Playground/EditTrait.php" line="34" class="Tests\Feature\Playground\Directory\Resource\Http\Controllers\Playground\SublocationRouteTest" classname="Tests.Feature.Playground.Directory.Resource.Http.Controllers.Playground.SublocationRouteTest" assertions="1" time="0.192510"/>
        <testcase name="test_admin_can_render_edit_view" file="/app/vendor/gammamatrix/playground-test/src/Feature/Http/Controllers/Resource/Playground/EditTrait.php" line="54" class="Tests\Feature\Playground\Directory\Resource\Http\Controllers\Playground\SublocationRouteTest" classname="Tests.Feature.Playground.Directory.Resource.Http.Controllers.Playground.SublocationRouteTest" assertions="2" time="0.245286"/>
        <testcase name="test_admin_can_render_edit_view_with_return_url" file="/app/vendor/gammamatrix/playground-test/src/Feature/Http/Controllers/Resource/Playground/EditTrait.php" line="78" class="Tests\Feature\Playground\Directory\Resource\Http\Controllers\Playground\SublocationRouteTest" classname="Tests.Feature.Playground.Directory.Resource.Http.Controllers.Playground.SublocationRouteTest" assertions="3" time="0.244960"/>
        <testcase name="test_edit_view_as_admin_with_invalid_parameter_and_fail_validation_and_redirect" file="/app/vendor/gammamatrix/playground-test/src/Feature/Http/Controllers/Resource/Playground/EditTrait.php" line="107" class="Tests\Feature\Playground\Directory\Resource\Http\Controllers\Playground\SublocationRouteTest" classname="Tests.Feature.Playground.Directory.Resource.Http.Controllers.Playground.SublocationRouteTest" assertions="4" time="0.215270"/>
        <testcase name="test_json_guest_cannot_get_index" file="/app/vendor/gammamatrix/playground-test/src/Feature/Http/Controllers/Resource/Playground/IndexJsonTrait.php" line="35" class="Tests\Feature\Playground\Directory\Resource\Http\Controllers\Playground\SublocationRouteTest" classname="Tests.Feature.Playground.Directory.Resource.Http.Controllers.Playground.SublocationRouteTest" assertions="1" time="0.189744"/>
        <testcase name="test_json_admin_can_get_index" file="/app/vendor/gammamatrix/playground-test/src/Feature/Http/Controllers/Resource/Playground/IndexJsonTrait.php" line="50" class="Tests\Feature\Playground\Directory\Resource\Http\Controllers\Playground\SublocationRouteTest" classname="Tests.Feature.Playground.Directory.Resource.Http.Controllers.Playground.SublocationRouteTest" assertions="99" time="0.214036"/>
        <testcase name="test_json_admin_can_get_index_with_filters" file="/app/vendor/gammamatrix/playground-test/src/Feature/Http/Controllers/Resource/Playground/IndexJsonTrait.php" line="86" class="Tests\Feature\Playground\Directory\Resource\Http\Controllers\Playground\SublocationRouteTest" classname="Tests.Feature.Playground.Directory.Resource.Http.Controllers.Playground.SublocationRouteTest" assertions="3" time="0.220636"/>
        <testcase name="test_guest_cannot_render_index_view" file="/app/vendor/gammamatrix/playground-test/src/Feature/Http/Controllers/Resource/Playground/IndexTrait.php" line="30" class="Tests\Feature\Playground\Directory\Resource\Http\Controllers\Playground\SublocationRouteTest" classname="Tests.Feature.Playground.Directory.Resource.Http.Controllers.Playground.SublocationRouteTest" assertions="1" time="0.191068"/>
        <testcase name="test_admin_can_render_index_view" file="/app/vendor/gammamatrix/playground-test/src/Feature/Http/Controllers/Resource/Playground/IndexTrait.php" line="45" class="Tests\Feature\Playground\Directory\Resource\Http\Controllers\Playground\SublocationRouteTest" classname="Tests.Feature.Playground.Directory.Resource.Http.Controllers.Playground.SublocationRouteTest" assertions="2" time="0.242400"/>
        <testcase name="test_admin_can_render_index_view_with_filters" file="/app/vendor/gammamatrix/playground-test/src/Feature/Http/Controllers/Resource/Playground/IndexTrait.php" line="78" class="Tests\Feature\Playground\Directory\Resource\Http\Controllers\Playground\SublocationRouteTest" classname="Tests.Feature.Playground.Directory.Resource.Http.Controllers.Playground.SublocationRouteTest" assertions="3" time="0.242857"/>
        <testcase name="test_json_guest_cannot_lock" file="/app/vendor/gammamatrix/playground-test/src/Feature/Http/Controllers/Resource/Playground/LockJsonTrait.php" line="37" class="Tests\Feature\Playground\Directory\Resource\Http\Controllers\Playground\SublocationRouteTest" classname="Tests.Feature.Playground.Directory.Resource.Http.Controllers.Playground.SublocationRouteTest" assertions="3" time="0.194092"/>
        <testcase name="test_json_lock_as_admin_and_succeed" file="/app/vendor/gammamatrix/playground-test/src/Feature/Http/Controllers/Resource/Playground/LockJsonTrait.php" line="67" class="Tests\Feature\Playground\Directory\Resource\Http\Controllers\Playground\SublocationRouteTest" classname="Tests.Feature.Playground.Directory.Resource.Http.Controllers.Playground.SublocationRouteTest" assertions="3" time="0.214748"/>
        <testcase name="test_json_lock_as_admin_and_succeed_with_no_redirect" file="/app/vendor/gammamatrix/playground-test/src/Feature/Http/Controllers/Resource/Playground/LockJsonTrait.php" line="99" class="Tests\Feature\Playground\Directory\Resource\Http\Controllers\Playground\SublocationRouteTest" classname="Tests.Feature.Playground.Directory.Resource.Http.Controllers.Playground.SublocationRouteTest" assertions="97" time="0.216144"/>
        <testcase name="test_json_lock_as_user_and_get_denied" file="/app/vendor/gammamatrix/playground-test/src/Feature/Http/Controllers/Resource/Playground/LockJsonTrait.php" line="144" class="Tests\Feature\Playground\Directory\Resource\Http\Controllers\Playground\SublocationRouteTest" classname="Tests.Feature.Playground.Directory.Resource.Http.Controllers.Playground.SublocationRouteTest" assertions="3" time="0.203686"/>
        <testcase name="test_guest_cannot_lock" file="/app/vendor/gammamatrix/playground-test/src/Feature/Http/Controllers/Resource/Playground/LockTrait.php" line="32" class="Tests\Feature\Playground\Directory\Resource\Http\Controllers\Playground\SublocationRouteTest" classname="Tests.Feature.Playground.Directory.Resource.Http.Controllers.Playground.SublocationRouteTest" assertions="3" time="0.200327"/>
        <testcase name="test_lock_as_admin_and_succeed" file="/app/vendor/gammamatrix/playground-test/src/Feature/Http/Controllers/Resource/Playground/LockTrait.php" line="62" class="Tests\Feature\Playground\Directory\Resource\Http\Controllers\Playground\SublocationRouteTest" classname="Tests.Feature.Playground.Directory.Resource.Http.Controllers.Playground.SublocationRouteTest" assertions="4" time="0.211394"/>
        <testcase name="test_lock_as_admin_and_succeed_with_redirect_to_index_with_sorted_by_locked_desc" file="/app/vendor/gammamatrix/playground-test/src/Feature/Http/Controllers/Resource/Playground/LockTrait.php" line="96" class="Tests\Feature\Playground\Directory\Resource\Http\Controllers\Playground\SublocationRouteTest" classname="Tests.Feature.Playground.Directory.Resource.Http.Controllers.Playground.SublocationRouteTest" assertions="4" time="0.212113"/>
        <testcase name="test_lock_as_user_and_get_denied" file="/app/vendor/gammamatrix/playground-test/src/Feature/Http/Controllers/Resource/Playground/LockTrait.php" line="133" class="Tests\Feature\Playground\Directory\Resource\Http\Controllers\Playground\SublocationRouteTest" classname="Tests.Feature.Playground.Directory.Resource.Http.Controllers.Playground.SublocationRouteTest" assertions="3" time="0.205527"/>
        <testcase name="test_json_guest_cannot_restore" file="/app/vendor/gammamatrix/playground-test/src/Feature/Http/Controllers/Resource/Playground/RestoreJsonTrait.php" line="33" class="Tests\Feature\Playground\Directory\Resource\Http\Controllers\Playground\SublocationRouteTest" classname="Tests.Feature.Playground.Directory.Resource.Http.Controllers.Playground.SublocationRouteTest" assertions="3" time="0.197157"/>
        <testcase name="test_json_restore_as_admin_and_succeed" file="/app/vendor/gammamatrix/playground-test/src/Feature/Http/Controllers/Resource/Playground/RestoreJsonTrait.php" line="65" class="Tests\Feature\Playground\Directory\Resource\Http\Controllers\Playground\SublocationRouteTest" classname="Tests.Feature.Playground.Directory.Resource.Http.Controllers.Playground.SublocationRouteTest" assertions="97" time="0.217641"/>
[...]
        <testcase name="test_guest_cannot_restore_revision" file="/app/vendor/gammamatrix/playground-test/src/Feature/Http/Controllers/Resource/Playground/RestoreRevisionTrait.php" line="39" class="Tests\Feature\Playground\Directory\Resource\Http\Controllers\Playground\SublocationRouteTest" classname="Tests.Feature.Playground.Directory.Resource.Http.Controllers.Playground.SublocationRouteTest" assertions="3" time="0.209498"/>
        <testcase name="test_restore_revision_as_admin_and_succeed" file="/app/vendor/gammamatrix/playground-test/src/Feature/Http/Controllers/Resource/Playground/RestoreRevisionTrait.php" line="75" class="Tests\Feature\Playground\Directory\Resource\Http\Controllers\Playground\SublocationRouteTest" classname="Tests.Feature.Playground.Directory.Resource.Http.Controllers.Playground.SublocationRouteTest" assertions="4" time="0.280444"/>
        <testcase name="test_restore_revision_as_admin_and_succeed_with_redirect_to_index_with_only_trash" file="/app/vendor/gammamatrix/playground-test/src/Feature/Http/Controllers/Resource/Playground/RestoreRevisionTrait.php" line="115" class="Tests\Feature\Playground\Directory\Resource\Http\Controllers\Playground\SublocationRouteTest" classname="Tests.Feature.Playground.Directory.Resource.Http.Controllers.Playground.SublocationRouteTest" assertions="4" time="0.285831"/>
        <testcase name="test_restore_revision_as_user_and_get_denied" file="/app/vendor/gammamatrix/playground-test/src/Feature/Http/Controllers/Resource/Playground/RestoreRevisionTrait.php" line="165" class="Tests\Feature\Playground\Directory\Resource\Http\Controllers\Playground\SublocationRouteTest" classname="Tests.Feature.Playground.Directory.Resource.Http.Controllers.Playground.SublocationRouteTest" assertions="3" time="0.220946"/>
        <testcase name="test_guest_cannot_restore" file="/app/vendor/gammamatrix/playground-test/src/Feature/Http/Controllers/Resource/Playground/RestoreTrait.php" line="33" class="Tests\Feature\Playground\Directory\Resource\Http\Controllers\Playground\SublocationRouteTest" classname="Tests.Feature.Playground.Directory.Resource.Http.Controllers.Playground.SublocationRouteTest" assertions="3" time="0.202631"/>
        <testcase name="test_restore_as_admin_and_succeed" file="/app/vendor/gammamatrix/playground-test/src/Feature/Http/Controllers/Resource/Playground/RestoreTrait.php" line="65" class="Tests\Feature\Playground\Directory\Resource\Http\Controllers\Playground\SublocationRouteTest" classname="Tests.Feature.Playground.Directory.Resource.Http.Controllers.Playground.SublocationRouteTest" assertions="4" time="0.219738"/>
        <testcase name="test_restore_as_admin_and_succeed_with_redirect_to_index_with_only_trash" file="/app/vendor/gammamatrix/playground-test/src/Feature/Http/Controllers/Resource/Playground/RestoreTrait.php" line="101" class="Tests\Feature\Playground\Directory\Resource\Http\Controllers\Playground\SublocationRouteTest" classname="Tests.Feature.Playground.Directory.Resource.Http.Controllers.Playground.SublocationRouteTest" assertions="4" time="0.220122"/>
        <testcase name="test_restore_as_user_and_get_denied" file="/app/vendor/gammamatrix/playground-test/src/Feature/Http/Controllers/Resource/Playground/RestoreTrait.php" line="147" class="Tests\Feature\Playground\Directory\Resource\Http\Controllers\Playground\SublocationRouteTest" classname="Tests.Feature.Playground.Directory.Resource.Http.Controllers.Playground.SublocationRouteTest" assertions="3" time="0.213317"/>
        <testcase name="test_json_guest_cannot_render_revision_view" file="/app/vendor/gammamatrix/playground-test/src/Feature/Http/Controllers/Resource/Playground/RevisionJsonTrait.php" line="39" class="Tests\Feature\Playground\Directory\Resource\Http\Controllers\Playground\SublocationRouteTest" classname="Tests.Feature.Playground.Directory.Resource.Http.Controllers.Playground.SublocationRouteTest" assertions="2" time="0.213091"/>
        <testcase name="test_json_admin_can_get_revision_info" file="/app/vendor/gammamatrix/playground-test/src/Feature/Http/Controllers/Resource/Playground/RevisionJsonTrait.php" line="70" class="Tests\Feature\Playground\Directory\Resource\Http\Controllers\Playground\SublocationRouteTest" classname="Tests.Feature.Playground.Directory.Resource.Http.Controllers.Playground.SublocationRouteTest" assertions="96" time="0.230757"/>
        <testcase name="test_json_guest_cannot_get_revisions" file="/app/vendor/gammamatrix/playground-test/src/Feature/Http/Controllers/Resource/Playground/RevisionsJsonTrait.php" line="35" class="Tests\Feature\Playground\Directory\Resource\Http\Controllers\Playground\SublocationRouteTest" classname="Tests.Feature.Playground.Directory.Resource.Http.Controllers.Playground.SublocationRouteTest" assertions="2" time="0.214457"/>
        <testcase name="test_json_admin_can_get_revisions" file="/app/vendor/gammamatrix/playground-test/src/Feature/Http/Controllers/Resource/Playground/RevisionsJsonTrait.php" line="64" class="Tests\Feature\Playground\Directory\Resource\Http\Controllers\Playground\SublocationRouteTest" classname="Tests.Feature.Playground.Directory.Resource.Http.Controllers.Playground.SublocationRouteTest" assertions="2" time="0.238557"/>
        <testcase name="test_json_admin_can_get_revisions_with_filters" file="/app/vendor/gammamatrix/playground-test/src/Feature/Http/Controllers/Resource/Playground/RevisionsJsonTrait.php" line="105" class="Tests\Feature\Playground\Directory\Resource\Http\Controllers\Playground\SublocationRouteTest" classname="Tests.Feature.Playground.Directory.Resource.Http.Controllers.Playground.SublocationRouteTest" assertions="100" time="0.240010"/>
        <testcase name="test_guest_cannot_render_revisions_view" file="/app/vendor/gammamatrix/playground-test/src/Feature/Http/Controllers/Resource/Playground/RevisionsTrait.php" line="35" class="Tests\Feature\Playground\Directory\Resource\Http\Controllers\Playground\SublocationRouteTest" classname="Tests.Feature.Playground.Directory.Resource.Http.Controllers.Playground.SublocationRouteTest" assertions="2" time="0.219317"/>
        <testcase name="test_admin_can_render_revisions_view" file="/app/vendor/gammamatrix/playground-test/src/Feature/Http/Controllers/Resource/Playground/RevisionsTrait.php" line="64" class="Tests\Feature\Playground\Directory\Resource\Http\Controllers\Playground\SublocationRouteTest" classname="Tests.Feature.Playground.Directory.Resource.Http.Controllers.Playground.SublocationRouteTest" assertions="2" time="0.264201"/>
        <testcase name="test_admin_can_render_revisions_view_with_filters" file="/app/vendor/gammamatrix/playground-test/src/Feature/Http/Controllers/Resource/Playground/RevisionsTrait.php" line="105" class="Tests\Feature\Playground\Directory\Resource\Http\Controllers\Playground\SublocationRouteTest" classname="Tests.Feature.Playground.Directory.Resource.Http.Controllers.Playground.SublocationRouteTest" assertions="3" time="0.265399"/>
        <testcase name="test_guest_cannot_render_revision_view" file="/app/vendor/gammamatrix/playground-test/src/Feature/Http/Controllers/Resource/Playground/RevisionTrait.php" line="39" class="Tests\Feature\Playground\Directory\Resource\Http\Controllers\Playground\SublocationRouteTest" classname="Tests.Feature.Playground.Directory.Resource.Http.Controllers.Playground.SublocationRouteTest" assertions="2" time="0.214329"/>
        <testcase name="test_revision_view_rendered_by_admin" file="/app/vendor/gammamatrix/playground-test/src/Feature/Http/Controllers/Resource/Playground/RevisionTrait.php" line="70" class="Tests\Feature\Playground\Directory\Resource\Http\Controllers\Playground\SublocationRouteTest" classname="Tests.Feature.Playground.Directory.Resource.Http.Controllers.Playground.SublocationRouteTest" assertions="2" time="0.239474"/>
        <testcase name="test_json_guest_cannot_see_info" file="/app/vendor/gammamatrix/playground-test/src/Feature/Http/Controllers/Resource/Playground/ShowJsonTrait.php" line="30" class="Tests\Feature\Playground\Directory\Resource\Http\Controllers\Playground\SublocationRouteTest" classname="Tests.Feature.Playground.Directory.Resource.Http.Controllers.Playground.SublocationRouteTest" assertions="1" time="0.202758"/>
        <testcase name="test_json_show_info_for_admin" file="/app/vendor/gammamatrix/playground-test/src/Feature/Http/Controllers/Resource/Playground/ShowJsonTrait.php" line="50" class="Tests\Feature\Playground\Directory\Resource\Http\Controllers\Playground\SublocationRouteTest" classname="Tests.Feature.Playground.Directory.Resource.Http.Controllers.Playground.SublocationRouteTest" assertions="96" time="0.218804"/>
        <testcase name="test_guest_cannot_render_show_view" file="/app/vendor/gammamatrix/playground-test/src/Feature/Http/Controllers/Resource/Playground/ShowTrait.php" line="30" class="Tests\Feature\Playground\Directory\Resource\Http\Controllers\Playground\SublocationRouteTest" classname="Tests.Feature.Playground.Directory.Resource.Http.Controllers.Playground.SublocationRouteTest" assertions="1" time="0.204063"/>
        <testcase name="test_show_view_rendered_by_admin" file="/app/vendor/gammamatrix/playground-test/src/Feature/Http/Controllers/Resource/Playground/ShowTrait.php" line="50" class="Tests\Feature\Playground\Directory\Resource\Http\Controllers\Playground\SublocationRouteTest" classname="Tests.Feature.Playground.Directory.Resource.Http.Controllers.Playground.SublocationRouteTest" assertions="2" time="0.238517"/>
        <testcase name="test_json_guest_cannot_store" file="/app/vendor/gammamatrix/playground-test/src/Feature/Http/Controllers/Resource/Playground/StoreJsonTrait.php" line="44" class="Tests\Feature\Playground\Directory\Resource\Http\Controllers\Playground\SublocationRouteTest" classname="Tests.Feature.Playground.Directory.Resource.Http.Controllers.Playground.SublocationRouteTest" assertions="3" time="0.201120"/>
        <testcase name="test_json_store_as_admin_without_payload_and_fail_validation" file="/app/vendor/gammamatrix/playground-test/src/Feature/Http/Controllers/Resource/Playground/StoreJsonTrait.php" line="67" class="Tests\Feature\Playground\Directory\Resource\Http\Controllers\Playground\SublocationRouteTest" classname="Tests.Feature.Playground.Directory.Resource.Http.Controllers.Playground.SublocationRouteTest" assertions="5" time="0.211827"/>
        <testcase name="test_json_store_as_admin_and_succeed" file="/app/vendor/gammamatrix/playground-test/src/Feature/Http/Controllers/Resource/Playground/StoreJsonTrait.php" line="93" class="Tests\Feature\Playground\Directory\Resource\Http\Controllers\Playground\SublocationRouteTest" classname="Tests.Feature.Playground.Directory.Resource.Http.Controllers.Playground.SublocationRouteTest" assertions="3" time="0.248984"/>
        <testcase name="test_guest_cannot_store" file="/app/vendor/gammamatrix/playground-test/src/Feature/Http/Controllers/Resource/Playground/StoreTrait.php" line="39" class="Tests\Feature\Playground\Directory\Resource\Http\Controllers\Playground\SublocationRouteTest" classname="Tests.Feature.Playground.Directory.Resource.Http.Controllers.Playground.SublocationRouteTest" assertions="3" time="0.200992"/>
        <testcase name="test_store_as_admin_without_payload_and_fail_validation" file="/app/vendor/gammamatrix/playground-test/src/Feature/Http/Controllers/Resource/Playground/StoreTrait.php" line="62" class="Tests\Feature\Playground\Directory\Resource\Http\Controllers\Playground\SublocationRouteTest" classname="Tests.Feature.Playground.Directory.Resource.Http.Controllers.Playground.SublocationRouteTest" assertions="5" time="0.215918"/>
        <testcase name="test_store_as_admin_and_succeed" file="/app/vendor/gammamatrix/playground-test/src/Feature/Http/Controllers/Resource/Playground/StoreTrait.php" line="91" class="Tests\Feature\Playground\Directory\Resource\Http\Controllers\Playground\SublocationRouteTest" classname="Tests.Feature.Playground.Directory.Resource.Http.Controllers.Playground.SublocationRouteTest" assertions="4" time="0.243852"/>
        <testcase name="test_store_as_admin_and_succeed_with_return_url" file="/app/vendor/gammamatrix/playground-test/src/Feature/Http/Controllers/Resource/Playground/StoreTrait.php" line="136" class="Tests\Feature\Playground\Directory\Resource\Http\Controllers\Playground\SublocationRouteTest" classname="Tests.Feature.Playground.Directory.Resource.Http.Controllers.Playground.SublocationRouteTest" assertions="4" time="0.244680"/>
        <testcase name="test_json_guest_cannot_unlock" file="/app/vendor/gammamatrix/playground-test/src/Feature/Http/Controllers/Resource/Playground/UnlockJsonTrait.php" line="37" class="Tests\Feature\Playground\Directory\Resource\Http\Controllers\Playground\SublocationRouteTest" classname="Tests.Feature.Playground.Directory.Resource.Http.Controllers.Playground.SublocationRouteTest" assertions="3" time="0.211628"/>
        <testcase name="test_json_unlock_as_admin_and_succeed" file="/app/vendor/gammamatrix/playground-test/src/Feature/Http/Controllers/Resource/Playground/UnlockJsonTrait.php" line="69" class="Tests\Feature\Playground\Directory\Resource\Http\Controllers\Playground\SublocationRouteTest" classname="Tests.Feature.Playground.Directory.Resource.Http.Controllers.Playground.SublocationRouteTest" assertions="97" time="0.230294"/>
        <testcase name="test_json_unlock_as_admin_and_succeed_with_no_redirect" file="/app/vendor/gammamatrix/playground-test/src/Feature/Http/Controllers/Resource/Playground/UnlockJsonTrait.php" line="105" class="Tests\Feature\Playground\Directory\Resource\Http\Controllers\Playground\SublocationRouteTest" classname="Tests.Feature.Playground.Directory.Resource.Http.Controllers.Playground.SublocationRouteTest" assertions="97" time="0.228531"/>
        <testcase name="test_json_unlock_as_user_and_get_denied" file="/app/vendor/gammamatrix/playground-test/src/Feature/Http/Controllers/Resource/Playground/UnlockJsonTrait.php" line="146" class="Tests\Feature\Playground\Directory\Resource\Http\Controllers\Playground\SublocationRouteTest" classname="Tests.Feature.Playground.Directory.Resource.Http.Controllers.Playground.SublocationRouteTest" assertions="3" time="0.226103"/>
        <testcase name="test_guest_cannot_unlock" file="/app/vendor/gammamatrix/playground-test/src/Feature/Http/Controllers/Resource/Playground/UnlockTrait.php" line="37" class="Tests\Feature\Playground\Directory\Resource\Http\Controllers\Playground\SublocationRouteTest" classname="Tests.Feature.Playground.Directory.Resource.Http.Controllers.Playground.SublocationRouteTest" assertions="3" time="0.208166"/>
        <testcase name="test_unlock_as_admin_and_succeed" file="/app/vendor/gammamatrix/playground-test/src/Feature/Http/Controllers/Resource/Playground/UnlockTrait.php" line="69" class="Tests\Feature\Playground\Directory\Resource\Http\Controllers\Playground\SublocationRouteTest" classname="Tests.Feature.Playground.Directory.Resource.Http.Controllers.Playground.SublocationRouteTest" assertions="4" time="0.222330"/>
        <testcase name="test_unlock_as_admin_and_succeed_with_redirect_to_index_with_sorted_by_unlocked_desc" file="/app/vendor/gammamatrix/playground-test/src/Feature/Http/Controllers/Resource/Playground/UnlockTrait.php" line="110" class="Tests\Feature\Playground\Directory\Resource\Http\Controllers\Playground\SublocationRouteTest" classname="Tests.Feature.Playground.Directory.Resource.Http.Controllers.Playground.SublocationRouteTest" assertions="4" time="0.225064"/>
        <testcase name="test_unlock_as_user_and_get_denied" file="/app/vendor/gammamatrix/playground-test/src/Feature/Http/Controllers/Resource/Playground/UnlockTrait.php" line="149" class="Tests\Feature\Playground\Directory\Resource\Http\Controllers\Playground\SublocationRouteTest" classname="Tests.Feature.Playground.Directory.Resource.Http.Controllers.Playground.SublocationRouteTest" assertions="3" time="0.218894"/>
        <testcase name="test_json_guest_cannot_update" file="/app/vendor/gammamatrix/playground-test/src/Feature/Http/Controllers/Resource/Playground/UpdateJsonTrait.php" line="46" class="Tests\Feature\Playground\Directory\Resource\Http\Controllers\Playground\SublocationRouteTest" classname="Tests.Feature.Playground.Directory.Resource.Http.Controllers.Playground.SublocationRouteTest" assertions="1" time="0.206847"/>
        <testcase name="test_json_update_as_admin_without_payload_and_passes_validation" file="/app/vendor/gammamatrix/playground-test/src/Feature/Http/Controllers/Resource/Playground/UpdateJsonTrait.php" line="66" class="Tests\Feature\Playground\Directory\Resource\Http\Controllers\Playground\SublocationRouteTest" classname="Tests.Feature.Playground.Directory.Resource.Http.Controllers.Playground.SublocationRouteTest" assertions="2" time="0.266251"/>
        <testcase name="test_json_admin_can_update" file="/app/vendor/gammamatrix/playground-test/src/Feature/Http/Controllers/Resource/Playground/UpdateJsonTrait.php" line="114" class="Tests\Feature\Playground\Directory\Resource\Http\Controllers\Playground\SublocationRouteTest" classname="Tests.Feature.Playground.Directory.Resource.Http.Controllers.Playground.SublocationRouteTest" assertions="99" time="0.309864"/>
        <testcase name="test_guest_cannot_update" file="/app/vendor/gammamatrix/playground-test/src/Feature/Http/Controllers/Resource/Playground/UpdateTrait.php" line="46" class="Tests\Feature\Playground\Directory\Resource\Http\Controllers\Playground\SublocationRouteTest" classname="Tests.Feature.Playground.Directory.Resource.Http.Controllers.Playground.SublocationRouteTest" assertions="1" time="0.207553"/>
        <testcase name="test_update_as_admin_without_payload_and_passes_validation" file="/app/vendor/gammamatrix/playground-test/src/Feature/Http/Controllers/Resource/Playground/UpdateTrait.php" line="66" class="Tests\Feature\Playground\Directory\Resource\Http\Controllers\Playground\SublocationRouteTest" classname="Tests.Feature.Playground.Directory.Resource.Http.Controllers.Playground.SublocationRouteTest" assertions="3" time="0.258645"/>
        <testcase name="test_admin_can_update" file="/app/vendor/gammamatrix/playground-test/src/Feature/Http/Controllers/Resource/Playground/UpdateTrait.php" line="117" class="Tests\Feature\Playground\Directory\Resource\Http\Controllers\Playground\SublocationRouteTest" classname="Tests.Feature.Playground.Directory.Resource.Http.Controllers.Playground.SublocationRouteTest" assertions="6" time="0.295758"/>
        <testcase name="test_admin_can_update_view_with_return_url" file="/app/vendor/gammamatrix/playground-test/src/Feature/Http/Controllers/Resource/Playground/UpdateTrait.php" line="160" class="Tests\Feature\Playground\Directory\Resource\Http\Controllers\Playground\SublocationRouteTest" classname="Tests.Feature.Playground.Directory.Resource.Http.Controllers.Playground.SublocationRouteTest" assertions="6" time="0.321637"/>
      </testsuite>
      <testsuite name="Tests\Feature\Playground\Directory\Resource\Http\Requests\FormRequest\InstanceTest" file="/app/tests/Feature/Http/Requests/FormRequest/InstanceTest.php" tests="1" assertions="1" errors="0" failures="0" skipped="0" time="0.171320">
        <testcase name="test_form_request_authorize_with_admin" file="/app/tests/Feature/Http/Requests/FormRequest/InstanceTest.php" line="23" class="Tests\Feature\Playground\Directory\Resource\Http\Requests\FormRequest\InstanceTest" classname="Tests.Feature.Playground.Directory.Resource.Http.Requests.FormRequest.InstanceTest" assertions="1" time="0.171320"/>
      </testsuite>
    </testsuite>
  </testsuite>
</testsuites>
